   1              		.cpu cortex-m4
   2              		.eabi_attribute 20, 1
   3              		.eabi_attribute 21, 1
   4              		.eabi_attribute 23, 3
   5              		.eabi_attribute 24, 1
   6              		.eabi_attribute 25, 1
   7              		.eabi_attribute 26, 1
   8              		.eabi_attribute 30, 4
   9              		.eabi_attribute 34, 1
  10              		.eabi_attribute 18, 4
  11              		.file	"stm32f3xx_hal_gpio.c"
  12              		.text
  13              	.Ltext0:
  14              		.cfi_sections	.debug_frame
  15              		.section	.text.HAL_GPIO_Init,"ax",%progbits
  16              		.align	1
  17              		.global	HAL_GPIO_Init
  18              		.arch armv7e-m
  19              		.syntax unified
  20              		.thumb
  21              		.thumb_func
  22              		.fpu softvfp
  24              	HAL_GPIO_Init:
  25              	.LVL0:
  26              	.LFB123:
  27              		.file 1 "../.././hal//stm32f3/stm32f3xx_hal_gpio.c"
   1:../.././hal//stm32f3/stm32f3xx_hal_gpio.c **** /**
   2:../.././hal//stm32f3/stm32f3xx_hal_gpio.c ****   ******************************************************************************
   3:../.././hal//stm32f3/stm32f3xx_hal_gpio.c ****   * @file    stm32f3xx_hal_gpio.c
   4:../.././hal//stm32f3/stm32f3xx_hal_gpio.c ****   * @author  MCD Application Team
   5:../.././hal//stm32f3/stm32f3xx_hal_gpio.c ****   * @brief   GPIO HAL module driver.
   6:../.././hal//stm32f3/stm32f3xx_hal_gpio.c ****   *          This file provides firmware functions to manage the following
   7:../.././hal//stm32f3/stm32f3xx_hal_gpio.c ****   *          functionalities of the General Purpose Input/Output (GPIO) peripheral:
   8:../.././hal//stm32f3/stm32f3xx_hal_gpio.c ****   *           + Initialization and de-initialization functions
   9:../.././hal//stm32f3/stm32f3xx_hal_gpio.c ****   *           + IO operation functions
  10:../.././hal//stm32f3/stm32f3xx_hal_gpio.c ****   *
  11:../.././hal//stm32f3/stm32f3xx_hal_gpio.c ****   ******************************************************************************
  12:../.././hal//stm32f3/stm32f3xx_hal_gpio.c ****   * @attention
  13:../.././hal//stm32f3/stm32f3xx_hal_gpio.c ****   *
  14:../.././hal//stm32f3/stm32f3xx_hal_gpio.c ****   * Copyright (c) 2016 STMicroelectronics.
  15:../.././hal//stm32f3/stm32f3xx_hal_gpio.c ****   * All rights reserved.
  16:../.././hal//stm32f3/stm32f3xx_hal_gpio.c ****   *
  17:../.././hal//stm32f3/stm32f3xx_hal_gpio.c ****   * This software is licensed under terms that can be found in the LICENSE file
  18:../.././hal//stm32f3/stm32f3xx_hal_gpio.c ****   * in the root directory of this software component.
  19:../.././hal//stm32f3/stm32f3xx_hal_gpio.c ****   * If no LICENSE file comes with this software, it is provided AS-IS.
  20:../.././hal//stm32f3/stm32f3xx_hal_gpio.c ****   *
  21:../.././hal//stm32f3/stm32f3xx_hal_gpio.c ****   ******************************************************************************
  22:../.././hal//stm32f3/stm32f3xx_hal_gpio.c ****   @verbatim
  23:../.././hal//stm32f3/stm32f3xx_hal_gpio.c ****   ==============================================================================
  24:../.././hal//stm32f3/stm32f3xx_hal_gpio.c ****                     ##### GPIO Peripheral features #####
  25:../.././hal//stm32f3/stm32f3xx_hal_gpio.c ****   ==============================================================================
  26:../.././hal//stm32f3/stm32f3xx_hal_gpio.c ****   [..]
  27:../.././hal//stm32f3/stm32f3xx_hal_gpio.c ****     (+) Each port bit of the general-purpose I/O (GPIO) ports can be individually
  28:../.././hal//stm32f3/stm32f3xx_hal_gpio.c ****         configured by software in several modes:
  29:../.././hal//stm32f3/stm32f3xx_hal_gpio.c ****         (++) Input mode
  30:../.././hal//stm32f3/stm32f3xx_hal_gpio.c ****         (++) Analog mode
  31:../.././hal//stm32f3/stm32f3xx_hal_gpio.c ****         (++) Output mode
  32:../.././hal//stm32f3/stm32f3xx_hal_gpio.c ****         (++) Alternate function mode
  33:../.././hal//stm32f3/stm32f3xx_hal_gpio.c ****         (++) External interrupt/event lines
  34:../.././hal//stm32f3/stm32f3xx_hal_gpio.c **** 
  35:../.././hal//stm32f3/stm32f3xx_hal_gpio.c ****     (+) During and just after reset, the alternate functions and external interrupt
  36:../.././hal//stm32f3/stm32f3xx_hal_gpio.c ****         lines are not active and the I/O ports are configured in input floating mode.
  37:../.././hal//stm32f3/stm32f3xx_hal_gpio.c **** 
  38:../.././hal//stm32f3/stm32f3xx_hal_gpio.c ****     (+) All GPIO pins have weak internal pull-up and pull-down resistors, which can be
  39:../.././hal//stm32f3/stm32f3xx_hal_gpio.c ****         activated or not.
  40:../.././hal//stm32f3/stm32f3xx_hal_gpio.c **** 
  41:../.././hal//stm32f3/stm32f3xx_hal_gpio.c ****     (+) In Output or Alternate mode, each IO can be configured on open-drain or push-pull
  42:../.././hal//stm32f3/stm32f3xx_hal_gpio.c ****         type and the IO speed can be selected depending on the VDD value.
  43:../.././hal//stm32f3/stm32f3xx_hal_gpio.c **** 
  44:../.././hal//stm32f3/stm32f3xx_hal_gpio.c ****     (+) The microcontroller IO pins are connected to onboard peripherals/modules through a
  45:../.././hal//stm32f3/stm32f3xx_hal_gpio.c ****         multiplexer that allows only one peripheral alternate function (AF) connected
  46:../.././hal//stm32f3/stm32f3xx_hal_gpio.c ****        to an IO pin at a time. In this way, there can be no conflict between peripherals
  47:../.././hal//stm32f3/stm32f3xx_hal_gpio.c ****        sharing the same IO pin.
  48:../.././hal//stm32f3/stm32f3xx_hal_gpio.c **** 
  49:../.././hal//stm32f3/stm32f3xx_hal_gpio.c ****     (+) All ports have external interrupt/event capability. To use external interrupt
  50:../.././hal//stm32f3/stm32f3xx_hal_gpio.c ****         lines, the port must be configured in input mode. All available GPIO pins are
  51:../.././hal//stm32f3/stm32f3xx_hal_gpio.c ****         connected to the 16 external interrupt/event lines from EXTI0 to EXTI15.
  52:../.././hal//stm32f3/stm32f3xx_hal_gpio.c **** 
  53:../.././hal//stm32f3/stm32f3xx_hal_gpio.c ****     (+) The external interrupt/event controller consists of up to 23 edge detectors
  54:../.././hal//stm32f3/stm32f3xx_hal_gpio.c ****         (16 lines are connected to GPIO) for generating event/interrupt requests (each
  55:../.././hal//stm32f3/stm32f3xx_hal_gpio.c ****         input line can be independently configured to select the type (interrupt or event)
  56:../.././hal//stm32f3/stm32f3xx_hal_gpio.c ****         and the corresponding trigger event (rising or falling or both). Each line can
  57:../.././hal//stm32f3/stm32f3xx_hal_gpio.c ****         also be masked independently.
  58:../.././hal//stm32f3/stm32f3xx_hal_gpio.c **** 
  59:../.././hal//stm32f3/stm32f3xx_hal_gpio.c ****                      ##### How to use this driver #####
  60:../.././hal//stm32f3/stm32f3xx_hal_gpio.c ****   ==============================================================================
  61:../.././hal//stm32f3/stm32f3xx_hal_gpio.c ****   [..]
  62:../.././hal//stm32f3/stm32f3xx_hal_gpio.c ****     (#) Enable the GPIO AHB clock using the following function: __HAL_RCC_GPIOx_CLK_ENABLE().
  63:../.././hal//stm32f3/stm32f3xx_hal_gpio.c **** 
  64:../.././hal//stm32f3/stm32f3xx_hal_gpio.c ****     (#) Configure the GPIO pin(s) using HAL_GPIO_Init().
  65:../.././hal//stm32f3/stm32f3xx_hal_gpio.c ****         (++) Configure the IO mode using "Mode" member from GPIO_InitTypeDef structure
  66:../.././hal//stm32f3/stm32f3xx_hal_gpio.c ****         (++) Activate Pull-up, Pull-down resistor using "Pull" member from GPIO_InitTypeDef
  67:../.././hal//stm32f3/stm32f3xx_hal_gpio.c ****              structure.
  68:../.././hal//stm32f3/stm32f3xx_hal_gpio.c ****         (++) In case of Output or alternate function mode selection: the speed is
  69:../.././hal//stm32f3/stm32f3xx_hal_gpio.c ****              configured through "Speed" member from GPIO_InitTypeDef structure.
  70:../.././hal//stm32f3/stm32f3xx_hal_gpio.c ****         (++) In alternate mode is selection, the alternate function connected to the IO
  71:../.././hal//stm32f3/stm32f3xx_hal_gpio.c ****              is configured through "Alternate" member from GPIO_InitTypeDef structure.
  72:../.././hal//stm32f3/stm32f3xx_hal_gpio.c ****         (++) Analog mode is required when a pin is to be used as ADC channel
  73:../.././hal//stm32f3/stm32f3xx_hal_gpio.c ****              or DAC output.
  74:../.././hal//stm32f3/stm32f3xx_hal_gpio.c ****         (++) In case of external interrupt/event selection the "Mode" member from
  75:../.././hal//stm32f3/stm32f3xx_hal_gpio.c ****              GPIO_InitTypeDef structure select the type (interrupt or event) and
  76:../.././hal//stm32f3/stm32f3xx_hal_gpio.c ****              the corresponding trigger event (rising or falling or both).
  77:../.././hal//stm32f3/stm32f3xx_hal_gpio.c **** 
  78:../.././hal//stm32f3/stm32f3xx_hal_gpio.c ****     (#) In case of external interrupt/event mode selection, configure NVIC IRQ priority
  79:../.././hal//stm32f3/stm32f3xx_hal_gpio.c ****         mapped to the EXTI line using HAL_NVIC_SetPriority() and enable it using
  80:../.././hal//stm32f3/stm32f3xx_hal_gpio.c ****         HAL_NVIC_EnableIRQ().
  81:../.././hal//stm32f3/stm32f3xx_hal_gpio.c **** 
  82:../.././hal//stm32f3/stm32f3xx_hal_gpio.c ****     (#) To get the level of a pin configured in input mode use HAL_GPIO_ReadPin().
  83:../.././hal//stm32f3/stm32f3xx_hal_gpio.c **** 
  84:../.././hal//stm32f3/stm32f3xx_hal_gpio.c ****     (#) To set/reset the level of a pin configured in output mode use
  85:../.././hal//stm32f3/stm32f3xx_hal_gpio.c ****         HAL_GPIO_WritePin()/HAL_GPIO_TogglePin().
  86:../.././hal//stm32f3/stm32f3xx_hal_gpio.c **** 
  87:../.././hal//stm32f3/stm32f3xx_hal_gpio.c ****    (#) To lock pin configuration until next reset use HAL_GPIO_LockPin().
  88:../.././hal//stm32f3/stm32f3xx_hal_gpio.c ****   
  89:../.././hal//stm32f3/stm32f3xx_hal_gpio.c ****     (#) During and just after reset, the alternate functions are not
  90:../.././hal//stm32f3/stm32f3xx_hal_gpio.c ****         active and the GPIO pins are configured in input floating mode (except JTAG
  91:../.././hal//stm32f3/stm32f3xx_hal_gpio.c ****         pins).
  92:../.././hal//stm32f3/stm32f3xx_hal_gpio.c **** 
  93:../.././hal//stm32f3/stm32f3xx_hal_gpio.c ****     (#) The LSE oscillator pins OSC32_IN and OSC32_OUT can be used as general purpose
  94:../.././hal//stm32f3/stm32f3xx_hal_gpio.c ****         (PC14 and PC15U, respectively) when the LSE oscillator is off. The LSE has
  95:../.././hal//stm32f3/stm32f3xx_hal_gpio.c ****         priority over the GPIO function.
  96:../.././hal//stm32f3/stm32f3xx_hal_gpio.c **** 
  97:../.././hal//stm32f3/stm32f3xx_hal_gpio.c ****     (#) The HSE oscillator pins OSC_IN/OSC_OUT can be used as
  98:../.././hal//stm32f3/stm32f3xx_hal_gpio.c ****         general purpose PF0 and PF1, respectively, when the HSE oscillator is off.
  99:../.././hal//stm32f3/stm32f3xx_hal_gpio.c ****         The HSE has priority over the GPIO function.
 100:../.././hal//stm32f3/stm32f3xx_hal_gpio.c **** 
 101:../.././hal//stm32f3/stm32f3xx_hal_gpio.c ****   @endverbatim
 102:../.././hal//stm32f3/stm32f3xx_hal_gpio.c ****   ******************************************************************************
 103:../.././hal//stm32f3/stm32f3xx_hal_gpio.c ****   */
 104:../.././hal//stm32f3/stm32f3xx_hal_gpio.c **** 
 105:../.././hal//stm32f3/stm32f3xx_hal_gpio.c **** /* Includes ------------------------------------------------------------------*/
 106:../.././hal//stm32f3/stm32f3xx_hal_gpio.c **** #include "stm32f3xx_hal.h"
 107:../.././hal//stm32f3/stm32f3xx_hal_gpio.c **** 
 108:../.././hal//stm32f3/stm32f3xx_hal_gpio.c **** /** @addtogroup STM32F3xx_HAL_Driver
 109:../.././hal//stm32f3/stm32f3xx_hal_gpio.c ****   * @{
 110:../.././hal//stm32f3/stm32f3xx_hal_gpio.c ****   */
 111:../.././hal//stm32f3/stm32f3xx_hal_gpio.c **** 
 112:../.././hal//stm32f3/stm32f3xx_hal_gpio.c **** /** @defgroup GPIO GPIO
 113:../.././hal//stm32f3/stm32f3xx_hal_gpio.c ****   * @brief GPIO HAL module driver
 114:../.././hal//stm32f3/stm32f3xx_hal_gpio.c ****   * @{
 115:../.././hal//stm32f3/stm32f3xx_hal_gpio.c ****   */
 116:../.././hal//stm32f3/stm32f3xx_hal_gpio.c **** 
 117:../.././hal//stm32f3/stm32f3xx_hal_gpio.c **** /** MISRA C:2012 deviation rule has been granted for following rules:
 118:../.././hal//stm32f3/stm32f3xx_hal_gpio.c ****   * Rule-18.1_d - Medium: Array pointer `GPIOx' is accessed with index [..,..]
 119:../.././hal//stm32f3/stm32f3xx_hal_gpio.c ****   * which may be out of array bounds [..,UNKNOWN] in following APIs:
 120:../.././hal//stm32f3/stm32f3xx_hal_gpio.c ****   * HAL_GPIO_Init
 121:../.././hal//stm32f3/stm32f3xx_hal_gpio.c ****   * HAL_GPIO_DeInit
 122:../.././hal//stm32f3/stm32f3xx_hal_gpio.c ****   */
 123:../.././hal//stm32f3/stm32f3xx_hal_gpio.c **** 
 124:../.././hal//stm32f3/stm32f3xx_hal_gpio.c **** #ifdef HAL_GPIO_MODULE_ENABLED
 125:../.././hal//stm32f3/stm32f3xx_hal_gpio.c **** 
 126:../.././hal//stm32f3/stm32f3xx_hal_gpio.c **** /* Private typedef -----------------------------------------------------------*/
 127:../.././hal//stm32f3/stm32f3xx_hal_gpio.c **** /* Private defines -----------------------------------------------------------*/
 128:../.././hal//stm32f3/stm32f3xx_hal_gpio.c **** /** @addtogroup GPIO_Private_Constants
 129:../.././hal//stm32f3/stm32f3xx_hal_gpio.c ****   * @{
 130:../.././hal//stm32f3/stm32f3xx_hal_gpio.c ****   */
 131:../.././hal//stm32f3/stm32f3xx_hal_gpio.c **** #define GPIO_NUMBER           (16U)
 132:../.././hal//stm32f3/stm32f3xx_hal_gpio.c **** /**
 133:../.././hal//stm32f3/stm32f3xx_hal_gpio.c ****   * @}
 134:../.././hal//stm32f3/stm32f3xx_hal_gpio.c ****   */
 135:../.././hal//stm32f3/stm32f3xx_hal_gpio.c ****   
 136:../.././hal//stm32f3/stm32f3xx_hal_gpio.c **** /* Private macros ------------------------------------------------------------*/
 137:../.././hal//stm32f3/stm32f3xx_hal_gpio.c **** /* Private macros ------------------------------------------------------------*/
 138:../.././hal//stm32f3/stm32f3xx_hal_gpio.c **** /** @defgroup GPIO_Private_Macros GPIO Private Macros
 139:../.././hal//stm32f3/stm32f3xx_hal_gpio.c ****   * @{
 140:../.././hal//stm32f3/stm32f3xx_hal_gpio.c ****   */
 141:../.././hal//stm32f3/stm32f3xx_hal_gpio.c **** /**
 142:../.././hal//stm32f3/stm32f3xx_hal_gpio.c ****   * @}
 143:../.././hal//stm32f3/stm32f3xx_hal_gpio.c ****   */
 144:../.././hal//stm32f3/stm32f3xx_hal_gpio.c **** /* Private variables ---------------------------------------------------------*/
 145:../.././hal//stm32f3/stm32f3xx_hal_gpio.c **** /* Private function prototypes -----------------------------------------------*/
 146:../.././hal//stm32f3/stm32f3xx_hal_gpio.c **** /* Exported functions --------------------------------------------------------*/
 147:../.././hal//stm32f3/stm32f3xx_hal_gpio.c **** 
 148:../.././hal//stm32f3/stm32f3xx_hal_gpio.c **** /** @defgroup GPIO_Exported_Functions GPIO Exported Functions
 149:../.././hal//stm32f3/stm32f3xx_hal_gpio.c ****   * @{
 150:../.././hal//stm32f3/stm32f3xx_hal_gpio.c ****   */
 151:../.././hal//stm32f3/stm32f3xx_hal_gpio.c **** 
 152:../.././hal//stm32f3/stm32f3xx_hal_gpio.c **** /** @defgroup GPIO_Exported_Functions_Group1 Initialization/de-initialization functions 
 153:../.././hal//stm32f3/stm32f3xx_hal_gpio.c ****  *  @brief    Initialization and Configuration functions
 154:../.././hal//stm32f3/stm32f3xx_hal_gpio.c ****  *
 155:../.././hal//stm32f3/stm32f3xx_hal_gpio.c **** @verbatim
 156:../.././hal//stm32f3/stm32f3xx_hal_gpio.c ****  ===============================================================================
 157:../.././hal//stm32f3/stm32f3xx_hal_gpio.c ****               ##### Initialization and de-initialization functions #####
 158:../.././hal//stm32f3/stm32f3xx_hal_gpio.c ****  ===============================================================================
 159:../.././hal//stm32f3/stm32f3xx_hal_gpio.c **** 
 160:../.././hal//stm32f3/stm32f3xx_hal_gpio.c **** @endverbatim
 161:../.././hal//stm32f3/stm32f3xx_hal_gpio.c ****   * @{
 162:../.././hal//stm32f3/stm32f3xx_hal_gpio.c ****   */
 163:../.././hal//stm32f3/stm32f3xx_hal_gpio.c **** 
 164:../.././hal//stm32f3/stm32f3xx_hal_gpio.c **** /**
 165:../.././hal//stm32f3/stm32f3xx_hal_gpio.c ****   * @brief  Initialize the GPIOx peripheral according to the specified parameters in the GPIO_Init.
 166:../.././hal//stm32f3/stm32f3xx_hal_gpio.c ****   * @param  GPIOx where x can be (A..F) to select the GPIO peripheral for STM32F3 family devices
 167:../.././hal//stm32f3/stm32f3xx_hal_gpio.c ****   * @param  GPIO_Init pointer to a GPIO_InitTypeDef structure that contains
 168:../.././hal//stm32f3/stm32f3xx_hal_gpio.c ****   *         the configuration information for the specified GPIO peripheral.
 169:../.././hal//stm32f3/stm32f3xx_hal_gpio.c ****   * @retval None
 170:../.././hal//stm32f3/stm32f3xx_hal_gpio.c ****   */
 171:../.././hal//stm32f3/stm32f3xx_hal_gpio.c **** void HAL_GPIO_Init(GPIO_TypeDef  *GPIOx, GPIO_InitTypeDef *GPIO_Init)
 172:../.././hal//stm32f3/stm32f3xx_hal_gpio.c **** {
  28              		.loc 1 172 1 view -0
  29              		.cfi_startproc
  30              		@ args = 0, pretend = 0, frame = 8
  31              		@ frame_needed = 0, uses_anonymous_args = 0
 173:../.././hal//stm32f3/stm32f3xx_hal_gpio.c ****   uint32_t position = 0x00u;
  32              		.loc 1 173 3 view .LVU1
 174:../.././hal//stm32f3/stm32f3xx_hal_gpio.c ****   uint32_t iocurrent;
  33              		.loc 1 174 3 view .LVU2
 175:../.././hal//stm32f3/stm32f3xx_hal_gpio.c ****   uint32_t temp;
  34              		.loc 1 175 3 view .LVU3
 176:../.././hal//stm32f3/stm32f3xx_hal_gpio.c **** 
 177:../.././hal//stm32f3/stm32f3xx_hal_gpio.c ****   /* Check the parameters */
 178:../.././hal//stm32f3/stm32f3xx_hal_gpio.c ****   assert_param(IS_GPIO_ALL_INSTANCE(GPIOx));
  35              		.loc 1 178 3 view .LVU4
 179:../.././hal//stm32f3/stm32f3xx_hal_gpio.c ****   assert_param(IS_GPIO_PIN(GPIO_Init->Pin));
  36              		.loc 1 179 3 view .LVU5
 180:../.././hal//stm32f3/stm32f3xx_hal_gpio.c ****   assert_param(IS_GPIO_MODE(GPIO_Init->Mode));
  37              		.loc 1 180 3 view .LVU6
 181:../.././hal//stm32f3/stm32f3xx_hal_gpio.c **** 
 182:../.././hal//stm32f3/stm32f3xx_hal_gpio.c ****   /* Configure the port pins */
 183:../.././hal//stm32f3/stm32f3xx_hal_gpio.c ****   while (((GPIO_Init->Pin) >> position) != 0x00u)
  38              		.loc 1 183 3 view .LVU7
 172:../.././hal//stm32f3/stm32f3xx_hal_gpio.c ****   uint32_t position = 0x00u;
  39              		.loc 1 172 1 is_stmt 0 view .LVU8
  40 0000 2DE9F74F 		push	{r0, r1, r2, r4, r5, r6, r7, r8, r9, r10, fp, lr}
  41              	.LCFI0:
  42              		.cfi_def_cfa_offset 48
  43              		.cfi_offset 4, -36
  44              		.cfi_offset 5, -32
  45              		.cfi_offset 6, -28
  46              		.cfi_offset 7, -24
  47              		.cfi_offset 8, -20
  48              		.cfi_offset 9, -16
  49              		.cfi_offset 10, -12
  50              		.cfi_offset 11, -8
  51              		.cfi_offset 14, -4
  52              	.LBB2:
 184:../.././hal//stm32f3/stm32f3xx_hal_gpio.c ****   {
 185:../.././hal//stm32f3/stm32f3xx_hal_gpio.c ****     /* Get current io position */
 186:../.././hal//stm32f3/stm32f3xx_hal_gpio.c ****     iocurrent = (GPIO_Init->Pin) & (1uL << position);
 187:../.././hal//stm32f3/stm32f3xx_hal_gpio.c **** 
 188:../.././hal//stm32f3/stm32f3xx_hal_gpio.c ****     if (iocurrent != 0x00u)
 189:../.././hal//stm32f3/stm32f3xx_hal_gpio.c ****     {
 190:../.././hal//stm32f3/stm32f3xx_hal_gpio.c ****       /*--------------------- GPIO Mode Configuration ------------------------*/
 191:../.././hal//stm32f3/stm32f3xx_hal_gpio.c ****       /* In case of Output or Alternate function mode selection */
 192:../.././hal//stm32f3/stm32f3xx_hal_gpio.c ****       if(((GPIO_Init->Mode & GPIO_MODE) == MODE_OUTPUT) || ((GPIO_Init->Mode & GPIO_MODE) == MODE_A
 193:../.././hal//stm32f3/stm32f3xx_hal_gpio.c ****       {
 194:../.././hal//stm32f3/stm32f3xx_hal_gpio.c ****         /* Check the Speed parameter */
 195:../.././hal//stm32f3/stm32f3xx_hal_gpio.c ****         assert_param(IS_GPIO_SPEED(GPIO_Init->Speed));
 196:../.././hal//stm32f3/stm32f3xx_hal_gpio.c ****         /* Configure the IO Speed */
 197:../.././hal//stm32f3/stm32f3xx_hal_gpio.c ****         temp = GPIOx->OSPEEDR;
 198:../.././hal//stm32f3/stm32f3xx_hal_gpio.c ****         temp &= ~(GPIO_OSPEEDER_OSPEEDR0 << (position * 2u));
 199:../.././hal//stm32f3/stm32f3xx_hal_gpio.c ****         temp |= (GPIO_Init->Speed << (position * 2u));
 200:../.././hal//stm32f3/stm32f3xx_hal_gpio.c ****         GPIOx->OSPEEDR = temp;
 201:../.././hal//stm32f3/stm32f3xx_hal_gpio.c **** 
 202:../.././hal//stm32f3/stm32f3xx_hal_gpio.c ****         /* Configure the IO Output Type */
 203:../.././hal//stm32f3/stm32f3xx_hal_gpio.c ****         temp = GPIOx->OTYPER;
 204:../.././hal//stm32f3/stm32f3xx_hal_gpio.c ****         temp &= ~(GPIO_OTYPER_OT_0 << position) ;
 205:../.././hal//stm32f3/stm32f3xx_hal_gpio.c ****         temp |= (((GPIO_Init->Mode & OUTPUT_TYPE) >> OUTPUT_TYPE_Pos) << position);
 206:../.././hal//stm32f3/stm32f3xx_hal_gpio.c ****         GPIOx->OTYPER = temp;
 207:../.././hal//stm32f3/stm32f3xx_hal_gpio.c ****       }
 208:../.././hal//stm32f3/stm32f3xx_hal_gpio.c **** 
 209:../.././hal//stm32f3/stm32f3xx_hal_gpio.c ****       if((GPIO_Init->Mode & GPIO_MODE) != MODE_ANALOG)
 210:../.././hal//stm32f3/stm32f3xx_hal_gpio.c ****       {
 211:../.././hal//stm32f3/stm32f3xx_hal_gpio.c ****         /* Check the Pull parameter */
 212:../.././hal//stm32f3/stm32f3xx_hal_gpio.c ****         assert_param(IS_GPIO_PULL(GPIO_Init->Pull));
 213:../.././hal//stm32f3/stm32f3xx_hal_gpio.c **** 
 214:../.././hal//stm32f3/stm32f3xx_hal_gpio.c ****         /* Activate the Pull-up or Pull down resistor for the current IO */
 215:../.././hal//stm32f3/stm32f3xx_hal_gpio.c ****         temp = GPIOx->PUPDR;
 216:../.././hal//stm32f3/stm32f3xx_hal_gpio.c ****         temp &= ~(GPIO_PUPDR_PUPDR0 << (position * 2u));
 217:../.././hal//stm32f3/stm32f3xx_hal_gpio.c ****         temp |= ((GPIO_Init->Pull) << (position * 2u));
 218:../.././hal//stm32f3/stm32f3xx_hal_gpio.c ****         GPIOx->PUPDR = temp;
 219:../.././hal//stm32f3/stm32f3xx_hal_gpio.c ****       }
 220:../.././hal//stm32f3/stm32f3xx_hal_gpio.c **** 
 221:../.././hal//stm32f3/stm32f3xx_hal_gpio.c ****       /*--------------------- GPIO Mode Configuration ------------------------*/
 222:../.././hal//stm32f3/stm32f3xx_hal_gpio.c ****       /* In case of Alternate function mode selection */
 223:../.././hal//stm32f3/stm32f3xx_hal_gpio.c ****       if((GPIO_Init->Mode & GPIO_MODE) == MODE_AF)
 224:../.././hal//stm32f3/stm32f3xx_hal_gpio.c ****       {
 225:../.././hal//stm32f3/stm32f3xx_hal_gpio.c ****         /* Check the Alternate function parameters */
 226:../.././hal//stm32f3/stm32f3xx_hal_gpio.c ****         assert_param(IS_GPIO_AF_INSTANCE(GPIOx));
 227:../.././hal//stm32f3/stm32f3xx_hal_gpio.c ****         assert_param(IS_GPIO_AF(GPIO_Init->Alternate));
 228:../.././hal//stm32f3/stm32f3xx_hal_gpio.c **** 
 229:../.././hal//stm32f3/stm32f3xx_hal_gpio.c ****         /* Configure Alternate function mapped with the current IO */
 230:../.././hal//stm32f3/stm32f3xx_hal_gpio.c ****         temp = GPIOx->AFR[position >> 3u];
 231:../.././hal//stm32f3/stm32f3xx_hal_gpio.c ****         temp &= ~(0xFu << ((position & 0x07u) * 4u));
 232:../.././hal//stm32f3/stm32f3xx_hal_gpio.c ****         temp |= ((GPIO_Init->Alternate) << ((position & 0x07u) * 4u));
 233:../.././hal//stm32f3/stm32f3xx_hal_gpio.c ****         GPIOx->AFR[position >> 3u] = temp;
 234:../.././hal//stm32f3/stm32f3xx_hal_gpio.c ****       }
 235:../.././hal//stm32f3/stm32f3xx_hal_gpio.c **** 
 236:../.././hal//stm32f3/stm32f3xx_hal_gpio.c ****       /* Configure IO Direction mode (Input, Output, Alternate or Analog) */
 237:../.././hal//stm32f3/stm32f3xx_hal_gpio.c ****       temp = GPIOx->MODER;
 238:../.././hal//stm32f3/stm32f3xx_hal_gpio.c ****       temp &= ~(GPIO_MODER_MODER0 << (position * 2u));
 239:../.././hal//stm32f3/stm32f3xx_hal_gpio.c ****       temp |= ((GPIO_Init->Mode & GPIO_MODE) << (position * 2u));
 240:../.././hal//stm32f3/stm32f3xx_hal_gpio.c ****       GPIOx->MODER = temp;
 241:../.././hal//stm32f3/stm32f3xx_hal_gpio.c **** 
 242:../.././hal//stm32f3/stm32f3xx_hal_gpio.c ****       /*--------------------- EXTI Mode Configuration ------------------------*/
 243:../.././hal//stm32f3/stm32f3xx_hal_gpio.c ****       /* Configure the External Interrupt or event for the current IO */
 244:../.././hal//stm32f3/stm32f3xx_hal_gpio.c ****       if((GPIO_Init->Mode & EXTI_MODE) != 0x00u)
 245:../.././hal//stm32f3/stm32f3xx_hal_gpio.c ****       {
 246:../.././hal//stm32f3/stm32f3xx_hal_gpio.c ****         /* Enable SYSCFG Clock */
 247:../.././hal//stm32f3/stm32f3xx_hal_gpio.c ****         __HAL_RCC_SYSCFG_CLK_ENABLE();
  53              		.loc 1 247 9 view .LVU9
  54 0004 DFF88091 		ldr	r9, .L28+8
  55              	.LBE2:
 248:../.././hal//stm32f3/stm32f3xx_hal_gpio.c **** 
 249:../.././hal//stm32f3/stm32f3xx_hal_gpio.c ****         temp = SYSCFG->EXTICR[position >> 2u];
 250:../.././hal//stm32f3/stm32f3xx_hal_gpio.c ****         temp &= ~(0x0FuL << (4u * (position & 0x03u)));
 251:../.././hal//stm32f3/stm32f3xx_hal_gpio.c ****         temp |= (GPIO_GET_INDEX(GPIOx) << (4u * (position & 0x03u)));
 252:../.././hal//stm32f3/stm32f3xx_hal_gpio.c ****         SYSCFG->EXTICR[position >> 2u] = temp;
 253:../.././hal//stm32f3/stm32f3xx_hal_gpio.c **** 
 254:../.././hal//stm32f3/stm32f3xx_hal_gpio.c ****         /* Clear Rising Falling edge configuration */
 255:../.././hal//stm32f3/stm32f3xx_hal_gpio.c ****         temp = EXTI->RTSR;
  56              		.loc 1 255 14 view .LVU10
  57 0008 5D4C     		ldr	r4, .L28
 173:../.././hal//stm32f3/stm32f3xx_hal_gpio.c ****   uint32_t iocurrent;
  58              		.loc 1 173 12 view .LVU11
  59 000a 0023     		movs	r3, #0
  60              	.LVL1:
  61              	.L2:
 183:../.././hal//stm32f3/stm32f3xx_hal_gpio.c ****   {
  62              		.loc 1 183 9 is_stmt 1 view .LVU12
 183:../.././hal//stm32f3/stm32f3xx_hal_gpio.c ****   {
  63              		.loc 1 183 21 is_stmt 0 view .LVU13
  64 000c 0A68     		ldr	r2, [r1]
 183:../.././hal//stm32f3/stm32f3xx_hal_gpio.c ****   {
  65              		.loc 1 183 9 view .LVU14
  66 000e 32FA03F5 		lsrs	r5, r2, r3
  67 0012 02D1     		bne	.L19
 256:../.././hal//stm32f3/stm32f3xx_hal_gpio.c ****         temp &= ~(iocurrent);
 257:../.././hal//stm32f3/stm32f3xx_hal_gpio.c ****         if((GPIO_Init->Mode & TRIGGER_RISING) != 0x00u)
 258:../.././hal//stm32f3/stm32f3xx_hal_gpio.c ****         {
 259:../.././hal//stm32f3/stm32f3xx_hal_gpio.c ****           temp |= iocurrent;
 260:../.././hal//stm32f3/stm32f3xx_hal_gpio.c ****         }
 261:../.././hal//stm32f3/stm32f3xx_hal_gpio.c ****         EXTI->RTSR = temp;
 262:../.././hal//stm32f3/stm32f3xx_hal_gpio.c **** 
 263:../.././hal//stm32f3/stm32f3xx_hal_gpio.c ****         temp = EXTI->FTSR;
 264:../.././hal//stm32f3/stm32f3xx_hal_gpio.c ****         temp &= ~(iocurrent);
 265:../.././hal//stm32f3/stm32f3xx_hal_gpio.c ****         if((GPIO_Init->Mode & TRIGGER_FALLING) != 0x00u)
 266:../.././hal//stm32f3/stm32f3xx_hal_gpio.c ****         {
 267:../.././hal//stm32f3/stm32f3xx_hal_gpio.c ****           temp |= iocurrent;
 268:../.././hal//stm32f3/stm32f3xx_hal_gpio.c ****         }
 269:../.././hal//stm32f3/stm32f3xx_hal_gpio.c ****         EXTI->FTSR = temp;
 270:../.././hal//stm32f3/stm32f3xx_hal_gpio.c **** 
 271:../.././hal//stm32f3/stm32f3xx_hal_gpio.c ****         temp = EXTI->EMR;
 272:../.././hal//stm32f3/stm32f3xx_hal_gpio.c ****         temp &= ~(iocurrent);
 273:../.././hal//stm32f3/stm32f3xx_hal_gpio.c ****         if((GPIO_Init->Mode & EXTI_EVT) != 0x00u)
 274:../.././hal//stm32f3/stm32f3xx_hal_gpio.c ****         {
 275:../.././hal//stm32f3/stm32f3xx_hal_gpio.c ****           temp |= iocurrent;
 276:../.././hal//stm32f3/stm32f3xx_hal_gpio.c ****         }
 277:../.././hal//stm32f3/stm32f3xx_hal_gpio.c ****         EXTI->EMR = temp;
 278:../.././hal//stm32f3/stm32f3xx_hal_gpio.c **** 
 279:../.././hal//stm32f3/stm32f3xx_hal_gpio.c ****         /* Clear EXTI line configuration */
 280:../.././hal//stm32f3/stm32f3xx_hal_gpio.c ****         temp = EXTI->IMR;
 281:../.././hal//stm32f3/stm32f3xx_hal_gpio.c ****         temp &= ~(iocurrent);
 282:../.././hal//stm32f3/stm32f3xx_hal_gpio.c ****         if((GPIO_Init->Mode & EXTI_IT) != 0x00u)
 283:../.././hal//stm32f3/stm32f3xx_hal_gpio.c ****         {
 284:../.././hal//stm32f3/stm32f3xx_hal_gpio.c ****           temp |= iocurrent;
 285:../.././hal//stm32f3/stm32f3xx_hal_gpio.c ****         }
 286:../.././hal//stm32f3/stm32f3xx_hal_gpio.c ****         EXTI->IMR = temp;
 287:../.././hal//stm32f3/stm32f3xx_hal_gpio.c ****       }
 288:../.././hal//stm32f3/stm32f3xx_hal_gpio.c ****     }
 289:../.././hal//stm32f3/stm32f3xx_hal_gpio.c **** 
 290:../.././hal//stm32f3/stm32f3xx_hal_gpio.c ****     position++;
 291:../.././hal//stm32f3/stm32f3xx_hal_gpio.c ****   }
 292:../.././hal//stm32f3/stm32f3xx_hal_gpio.c **** }
  68              		.loc 1 292 1 view .LVU15
  69 0014 03B0     		add	sp, sp, #12
  70              	.LCFI1:
  71              		.cfi_remember_state
  72              		.cfi_def_cfa_offset 36
  73              		@ sp needed
  74 0016 BDE8F08F 		pop	{r4, r5, r6, r7, r8, r9, r10, fp, pc}
  75              	.L19:
  76              	.LCFI2:
  77              		.cfi_restore_state
 186:../.././hal//stm32f3/stm32f3xx_hal_gpio.c **** 
  78              		.loc 1 186 5 is_stmt 1 view .LVU16
 186:../.././hal//stm32f3/stm32f3xx_hal_gpio.c **** 
  79              		.loc 1 186 41 is_stmt 0 view .LVU17
  80 001a 0125     		movs	r5, #1
  81 001c 05FA03FE 		lsl	lr, r5, r3
  82              	.LVL2:
 188:../.././hal//stm32f3/stm32f3xx_hal_gpio.c ****     {
  83              		.loc 1 188 5 is_stmt 1 view .LVU18
 188:../.././hal//stm32f3/stm32f3xx_hal_gpio.c ****     {
  84              		.loc 1 188 8 is_stmt 0 view .LVU19
  85 0020 1EEA0202 		ands	r2, lr, r2
  86              	.LVL3:
 188:../.././hal//stm32f3/stm32f3xx_hal_gpio.c ****     {
  87              		.loc 1 188 8 view .LVU20
  88 0024 00F0A180 		beq	.L4
 192:../.././hal//stm32f3/stm32f3xx_hal_gpio.c ****       {
  89              		.loc 1 192 7 is_stmt 1 view .LVU21
 192:../.././hal//stm32f3/stm32f3xx_hal_gpio.c ****       {
  90              		.loc 1 192 21 is_stmt 0 view .LVU22
  91 0028 4E68     		ldr	r6, [r1, #4]
  92 002a 0327     		movs	r7, #3
 192:../.././hal//stm32f3/stm32f3xx_hal_gpio.c ****       {
  93              		.loc 1 192 28 view .LVU23
  94 002c 06F00305 		and	r5, r6, #3
  95 0030 4FEA4308 		lsl	r8, r3, #1
  96 0034 07FA08FC 		lsl	ip, r7, r8
 192:../.././hal//stm32f3/stm32f3xx_hal_gpio.c ****       {
  97              		.loc 1 192 57 view .LVU24
  98 0038 6F1E     		subs	r7, r5, #1
 192:../.././hal//stm32f3/stm32f3xx_hal_gpio.c ****       {
  99              		.loc 1 192 9 view .LVU25
 100 003a 012F     		cmp	r7, #1
 101 003c 6FEA0C0C 		mvn	ip, ip
 102 0040 34D8     		bhi	.L5
 195:../.././hal//stm32f3/stm32f3xx_hal_gpio.c ****         /* Configure the IO Speed */
 103              		.loc 1 195 9 is_stmt 1 view .LVU26
 197:../.././hal//stm32f3/stm32f3xx_hal_gpio.c ****         temp &= ~(GPIO_OSPEEDER_OSPEEDR0 << (position * 2u));
 104              		.loc 1 197 9 view .LVU27
 197:../.././hal//stm32f3/stm32f3xx_hal_gpio.c ****         temp &= ~(GPIO_OSPEEDER_OSPEEDR0 << (position * 2u));
 105              		.loc 1 197 14 is_stmt 0 view .LVU28
 106 0042 8768     		ldr	r7, [r0, #8]
 107              	.LVL4:
 198:../.././hal//stm32f3/stm32f3xx_hal_gpio.c ****         temp |= (GPIO_Init->Speed << (position * 2u));
 108              		.loc 1 198 9 is_stmt 1 view .LVU29
 198:../.././hal//stm32f3/stm32f3xx_hal_gpio.c ****         temp |= (GPIO_Init->Speed << (position * 2u));
 109              		.loc 1 198 14 is_stmt 0 view .LVU30
 110 0044 07EA0C0A 		and	r10, r7, ip
 111              	.LVL5:
 199:../.././hal//stm32f3/stm32f3xx_hal_gpio.c ****         GPIOx->OSPEEDR = temp;
 112              		.loc 1 199 9 is_stmt 1 view .LVU31
 199:../.././hal//stm32f3/stm32f3xx_hal_gpio.c ****         GPIOx->OSPEEDR = temp;
 113              		.loc 1 199 35 is_stmt 0 view .LVU32
 114 0048 CF68     		ldr	r7, [r1, #12]
 115 004a 07FA08F7 		lsl	r7, r7, r8
 199:../.././hal//stm32f3/stm32f3xx_hal_gpio.c ****         GPIOx->OSPEEDR = temp;
 116              		.loc 1 199 14 view .LVU33
 117 004e 47EA0A07 		orr	r7, r7, r10
 118              	.LVL6:
 200:../.././hal//stm32f3/stm32f3xx_hal_gpio.c **** 
 119              		.loc 1 200 9 is_stmt 1 view .LVU34
 200:../.././hal//stm32f3/stm32f3xx_hal_gpio.c **** 
 120              		.loc 1 200 24 is_stmt 0 view .LVU35
 121 0052 8760     		str	r7, [r0, #8]
 203:../.././hal//stm32f3/stm32f3xx_hal_gpio.c ****         temp &= ~(GPIO_OTYPER_OT_0 << position) ;
 122              		.loc 1 203 9 is_stmt 1 view .LVU36
 203:../.././hal//stm32f3/stm32f3xx_hal_gpio.c ****         temp &= ~(GPIO_OTYPER_OT_0 << position) ;
 123              		.loc 1 203 14 is_stmt 0 view .LVU37
 124 0054 4768     		ldr	r7, [r0, #4]
 125              	.LVL7:
 204:../.././hal//stm32f3/stm32f3xx_hal_gpio.c ****         temp |= (((GPIO_Init->Mode & OUTPUT_TYPE) >> OUTPUT_TYPE_Pos) << position);
 126              		.loc 1 204 9 is_stmt 1 view .LVU38
 204:../.././hal//stm32f3/stm32f3xx_hal_gpio.c ****         temp |= (((GPIO_Init->Mode & OUTPUT_TYPE) >> OUTPUT_TYPE_Pos) << position);
 127              		.loc 1 204 14 is_stmt 0 view .LVU39
 128 0056 27EA0E0E 		bic	lr, r7, lr
 129              	.LVL8:
 205:../.././hal//stm32f3/stm32f3xx_hal_gpio.c ****         GPIOx->OTYPER = temp;
 130              		.loc 1 205 9 is_stmt 1 view .LVU40
 205:../.././hal//stm32f3/stm32f3xx_hal_gpio.c ****         GPIOx->OTYPER = temp;
 131              		.loc 1 205 51 is_stmt 0 view .LVU41
 132 005a C6F30017 		ubfx	r7, r6, #4, #1
 205:../.././hal//stm32f3/stm32f3xx_hal_gpio.c ****         GPIOx->OTYPER = temp;
 133              		.loc 1 205 71 view .LVU42
 134 005e 9F40     		lsls	r7, r7, r3
 205:../.././hal//stm32f3/stm32f3xx_hal_gpio.c ****         GPIOx->OTYPER = temp;
 135              		.loc 1 205 14 view .LVU43
 136 0060 47EA0E07 		orr	r7, r7, lr
 137              	.LVL9:
 206:../.././hal//stm32f3/stm32f3xx_hal_gpio.c ****       }
 138              		.loc 1 206 9 is_stmt 1 view .LVU44
 206:../.././hal//stm32f3/stm32f3xx_hal_gpio.c ****       }
 139              		.loc 1 206 23 is_stmt 0 view .LVU45
 140 0064 4760     		str	r7, [r0, #4]
 209:../.././hal//stm32f3/stm32f3xx_hal_gpio.c ****       {
 141              		.loc 1 209 7 is_stmt 1 view .LVU46
 142              	.LVL10:
 143              	.L6:
 212:../.././hal//stm32f3/stm32f3xx_hal_gpio.c **** 
 144              		.loc 1 212 9 view .LVU47
 215:../.././hal//stm32f3/stm32f3xx_hal_gpio.c ****         temp &= ~(GPIO_PUPDR_PUPDR0 << (position * 2u));
 145              		.loc 1 215 9 view .LVU48
 215:../.././hal//stm32f3/stm32f3xx_hal_gpio.c ****         temp &= ~(GPIO_PUPDR_PUPDR0 << (position * 2u));
 146              		.loc 1 215 14 is_stmt 0 view .LVU49
 147 0066 C768     		ldr	r7, [r0, #12]
 148              	.LVL11:
 216:../.././hal//stm32f3/stm32f3xx_hal_gpio.c ****         temp |= ((GPIO_Init->Pull) << (position * 2u));
 149              		.loc 1 216 9 is_stmt 1 view .LVU50
 216:../.././hal//stm32f3/stm32f3xx_hal_gpio.c ****         temp |= ((GPIO_Init->Pull) << (position * 2u));
 150              		.loc 1 216 14 is_stmt 0 view .LVU51
 151 0068 07EA0C0E 		and	lr, r7, ip
 152              	.LVL12:
 217:../.././hal//stm32f3/stm32f3xx_hal_gpio.c ****         GPIOx->PUPDR = temp;
 153              		.loc 1 217 9 is_stmt 1 view .LVU52
 217:../.././hal//stm32f3/stm32f3xx_hal_gpio.c ****         GPIOx->PUPDR = temp;
 154              		.loc 1 217 36 is_stmt 0 view .LVU53
 155 006c 8F68     		ldr	r7, [r1, #8]
 156 006e 07FA08F7 		lsl	r7, r7, r8
 217:../.././hal//stm32f3/stm32f3xx_hal_gpio.c ****         GPIOx->PUPDR = temp;
 157              		.loc 1 217 14 view .LVU54
 158 0072 47EA0E07 		orr	r7, r7, lr
 159              	.LVL13:
 218:../.././hal//stm32f3/stm32f3xx_hal_gpio.c ****       }
 160              		.loc 1 218 9 is_stmt 1 view .LVU55
 223:../.././hal//stm32f3/stm32f3xx_hal_gpio.c ****       {
 161              		.loc 1 223 9 is_stmt 0 view .LVU56
 162 0076 022D     		cmp	r5, #2
 218:../.././hal//stm32f3/stm32f3xx_hal_gpio.c ****       }
 163              		.loc 1 218 22 view .LVU57
 164 0078 C760     		str	r7, [r0, #12]
 223:../.././hal//stm32f3/stm32f3xx_hal_gpio.c ****       {
 165              		.loc 1 223 7 is_stmt 1 view .LVU58
 223:../.././hal//stm32f3/stm32f3xx_hal_gpio.c ****       {
 166              		.loc 1 223 9 is_stmt 0 view .LVU59
 167 007a 19D1     		bne	.L7
 226:../.././hal//stm32f3/stm32f3xx_hal_gpio.c ****         assert_param(IS_GPIO_AF(GPIO_Init->Alternate));
 168              		.loc 1 226 9 is_stmt 1 view .LVU60
 227:../.././hal//stm32f3/stm32f3xx_hal_gpio.c **** 
 169              		.loc 1 227 9 view .LVU61
 230:../.././hal//stm32f3/stm32f3xx_hal_gpio.c ****         temp &= ~(0xFu << ((position & 0x07u) * 4u));
 170              		.loc 1 230 9 view .LVU62
 230:../.././hal//stm32f3/stm32f3xx_hal_gpio.c ****         temp &= ~(0xFu << ((position & 0x07u) * 4u));
 171              		.loc 1 230 36 is_stmt 0 view .LVU63
 172 007c 4FEAD30A 		lsr	r10, r3, #3
 173 0080 00EB8A0A 		add	r10, r0, r10, lsl #2
 231:../.././hal//stm32f3/stm32f3xx_hal_gpio.c ****         temp |= ((GPIO_Init->Alternate) << ((position & 0x07u) * 4u));
 174              		.loc 1 231 38 view .LVU64
 175 0084 03F0070B 		and	fp, r3, #7
 230:../.././hal//stm32f3/stm32f3xx_hal_gpio.c ****         temp &= ~(0xFu << ((position & 0x07u) * 4u));
 176              		.loc 1 230 14 view .LVU65
 177 0088 DAF82070 		ldr	r7, [r10, #32]
 178              	.LVL14:
 231:../.././hal//stm32f3/stm32f3xx_hal_gpio.c ****         temp |= ((GPIO_Init->Alternate) << ((position & 0x07u) * 4u));
 179              		.loc 1 231 9 is_stmt 1 view .LVU66
 231:../.././hal//stm32f3/stm32f3xx_hal_gpio.c ****         temp |= ((GPIO_Init->Alternate) << ((position & 0x07u) * 4u));
 180              		.loc 1 231 47 is_stmt 0 view .LVU67
 181 008c 4FEA8B0B 		lsl	fp, fp, #2
 231:../.././hal//stm32f3/stm32f3xx_hal_gpio.c ****         temp |= ((GPIO_Init->Alternate) << ((position & 0x07u) * 4u));
 182              		.loc 1 231 24 view .LVU68
 183 0090 4FF00F0E 		mov	lr, #15
 184 0094 0EFA0BFE 		lsl	lr, lr, fp
 231:../.././hal//stm32f3/stm32f3xx_hal_gpio.c ****         temp |= ((GPIO_Init->Alternate) << ((position & 0x07u) * 4u));
 185              		.loc 1 231 14 view .LVU69
 186 0098 27EA0E0E 		bic	lr, r7, lr
 187              	.LVL15:
 232:../.././hal//stm32f3/stm32f3xx_hal_gpio.c ****         GPIOx->AFR[position >> 3u] = temp;
 188              		.loc 1 232 9 is_stmt 1 view .LVU70
 232:../.././hal//stm32f3/stm32f3xx_hal_gpio.c ****         GPIOx->AFR[position >> 3u] = temp;
 189              		.loc 1 232 41 is_stmt 0 view .LVU71
 190 009c 0F69     		ldr	r7, [r1, #16]
 191 009e 07FA0BF7 		lsl	r7, r7, fp
 232:../.././hal//stm32f3/stm32f3xx_hal_gpio.c ****         GPIOx->AFR[position >> 3u] = temp;
 192              		.loc 1 232 14 view .LVU72
 193 00a2 47EA0E07 		orr	r7, r7, lr
 194              	.LVL16:
 233:../.././hal//stm32f3/stm32f3xx_hal_gpio.c ****       }
 195              		.loc 1 233 9 is_stmt 1 view .LVU73
 233:../.././hal//stm32f3/stm32f3xx_hal_gpio.c ****       }
 196              		.loc 1 233 36 is_stmt 0 view .LVU74
 197 00a6 CAF82070 		str	r7, [r10, #32]
 198 00aa 01E0     		b	.L7
 199              	.LVL17:
 200              	.L5:
 209:../.././hal//stm32f3/stm32f3xx_hal_gpio.c ****       {
 201              		.loc 1 209 7 is_stmt 1 view .LVU75
 209:../.././hal//stm32f3/stm32f3xx_hal_gpio.c ****       {
 202              		.loc 1 209 9 is_stmt 0 view .LVU76
 203 00ac 032D     		cmp	r5, #3
 204 00ae DAD1     		bne	.L6
 205              	.L7:
 237:../.././hal//stm32f3/stm32f3xx_hal_gpio.c ****       temp &= ~(GPIO_MODER_MODER0 << (position * 2u));
 206              		.loc 1 237 7 is_stmt 1 view .LVU77
 237:../.././hal//stm32f3/stm32f3xx_hal_gpio.c ****       temp &= ~(GPIO_MODER_MODER0 << (position * 2u));
 207              		.loc 1 237 12 is_stmt 0 view .LVU78
 208 00b0 0768     		ldr	r7, [r0]
 209              	.LVL18:
 238:../.././hal//stm32f3/stm32f3xx_hal_gpio.c ****       temp |= ((GPIO_Init->Mode & GPIO_MODE) << (position * 2u));
 210              		.loc 1 238 7 is_stmt 1 view .LVU79
 239:../.././hal//stm32f3/stm32f3xx_hal_gpio.c ****       GPIOx->MODER = temp;
 211              		.loc 1 239 46 is_stmt 0 view .LVU80
 212 00b2 05FA08F5 		lsl	r5, r5, r8
 238:../.././hal//stm32f3/stm32f3xx_hal_gpio.c ****       temp |= ((GPIO_Init->Mode & GPIO_MODE) << (position * 2u));
 213              		.loc 1 238 12 view .LVU81
 214 00b6 07EA0C0C 		and	ip, r7, ip
 215              	.LVL19:
 239:../.././hal//stm32f3/stm32f3xx_hal_gpio.c ****       GPIOx->MODER = temp;
 216              		.loc 1 239 7 is_stmt 1 view .LVU82
 239:../.././hal//stm32f3/stm32f3xx_hal_gpio.c ****       GPIOx->MODER = temp;
 217              		.loc 1 239 12 is_stmt 0 view .LVU83
 218 00ba 45EA0C05 		orr	r5, r5, ip
 219              	.LVL20:
 240:../.././hal//stm32f3/stm32f3xx_hal_gpio.c **** 
 220              		.loc 1 240 7 is_stmt 1 view .LVU84
 244:../.././hal//stm32f3/stm32f3xx_hal_gpio.c ****       {
 221              		.loc 1 244 9 is_stmt 0 view .LVU85
 222 00be 16F4403F 		tst	r6, #196608
 240:../.././hal//stm32f3/stm32f3xx_hal_gpio.c **** 
 223              		.loc 1 240 20 view .LVU86
 224 00c2 0560     		str	r5, [r0]
 244:../.././hal//stm32f3/stm32f3xx_hal_gpio.c ****       {
 225              		.loc 1 244 7 is_stmt 1 view .LVU87
 244:../.././hal//stm32f3/stm32f3xx_hal_gpio.c ****       {
 226              		.loc 1 244 9 is_stmt 0 view .LVU88
 227 00c4 51D0     		beq	.L4
 247:../.././hal//stm32f3/stm32f3xx_hal_gpio.c **** 
 228              		.loc 1 247 9 is_stmt 1 view .LVU89
 229              	.LBB3:
 247:../.././hal//stm32f3/stm32f3xx_hal_gpio.c **** 
 230              		.loc 1 247 9 view .LVU90
 247:../.././hal//stm32f3/stm32f3xx_hal_gpio.c **** 
 231              		.loc 1 247 9 view .LVU91
 232 00c6 D9F81850 		ldr	r5, [r9, #24]
 233              	.LVL21:
 247:../.././hal//stm32f3/stm32f3xx_hal_gpio.c **** 
 234              		.loc 1 247 9 is_stmt 0 view .LVU92
 235 00ca 45F00105 		orr	r5, r5, #1
 236 00ce C9F81850 		str	r5, [r9, #24]
 237              	.LVL22:
 247:../.././hal//stm32f3/stm32f3xx_hal_gpio.c **** 
 238              		.loc 1 247 9 is_stmt 1 view .LVU93
 239 00d2 D9F81850 		ldr	r5, [r9, #24]
 240 00d6 23F00307 		bic	r7, r3, #3
 241 00da 07F18047 		add	r7, r7, #1073741824
 242 00de 05F00105 		and	r5, r5, #1
 243 00e2 07F58037 		add	r7, r7, #65536
 244 00e6 0195     		str	r5, [sp, #4]
 247:../.././hal//stm32f3/stm32f3xx_hal_gpio.c **** 
 245              		.loc 1 247 9 view .LVU94
 246              	.LBE3:
 250:../.././hal//stm32f3/stm32f3xx_hal_gpio.c ****         temp |= (GPIO_GET_INDEX(GPIOx) << (4u * (position & 0x03u)));
 247              		.loc 1 250 45 is_stmt 0 view .LVU95
 248 00e8 03F0030E 		and	lr, r3, #3
 249              	.LBB4:
 247:../.././hal//stm32f3/stm32f3xx_hal_gpio.c **** 
 250              		.loc 1 247 9 view .LVU96
 251 00ec 019D     		ldr	r5, [sp, #4]
 252              	.LBE4:
 247:../.././hal//stm32f3/stm32f3xx_hal_gpio.c **** 
 253              		.loc 1 247 9 is_stmt 1 view .LVU97
 249:../.././hal//stm32f3/stm32f3xx_hal_gpio.c ****         temp &= ~(0x0FuL << (4u * (position & 0x03u)));
 254              		.loc 1 249 9 view .LVU98
 249:../.././hal//stm32f3/stm32f3xx_hal_gpio.c ****         temp &= ~(0x0FuL << (4u * (position & 0x03u)));
 255              		.loc 1 249 14 is_stmt 0 view .LVU99
 256 00ee BD68     		ldr	r5, [r7, #8]
 257              	.LVL23:
 250:../.././hal//stm32f3/stm32f3xx_hal_gpio.c ****         temp |= (GPIO_GET_INDEX(GPIOx) << (4u * (position & 0x03u)));
 258              		.loc 1 250 9 is_stmt 1 view .LVU100
 250:../.././hal//stm32f3/stm32f3xx_hal_gpio.c ****         temp |= (GPIO_GET_INDEX(GPIOx) << (4u * (position & 0x03u)));
 259              		.loc 1 250 33 is_stmt 0 view .LVU101
 260 00f0 4FEA8E0E 		lsl	lr, lr, #2
 250:../.././hal//stm32f3/stm32f3xx_hal_gpio.c ****         temp |= (GPIO_GET_INDEX(GPIOx) << (4u * (position & 0x03u)));
 261              		.loc 1 250 26 view .LVU102
 262 00f4 4FF00F0C 		mov	ip, #15
 263 00f8 0CFA0EFC 		lsl	ip, ip, lr
 251:../.././hal//stm32f3/stm32f3xx_hal_gpio.c ****         SYSCFG->EXTICR[position >> 2u] = temp;
 264              		.loc 1 251 18 view .LVU103
 265 00fc B0F1904F 		cmp	r0, #1207959552
 250:../.././hal//stm32f3/stm32f3xx_hal_gpio.c ****         temp |= (GPIO_GET_INDEX(GPIOx) << (4u * (position & 0x03u)));
 266              		.loc 1 250 14 view .LVU104
 267 0100 25EA0C0C 		bic	ip, r5, ip
 268              	.LVL24:
 251:../.././hal//stm32f3/stm32f3xx_hal_gpio.c ****         SYSCFG->EXTICR[position >> 2u] = temp;
 269              		.loc 1 251 9 is_stmt 1 view .LVU105
 251:../.././hal//stm32f3/stm32f3xx_hal_gpio.c ****         SYSCFG->EXTICR[position >> 2u] = temp;
 270              		.loc 1 251 18 is_stmt 0 view .LVU106
 271 0104 33D0     		beq	.L20
 251:../.././hal//stm32f3/stm32f3xx_hal_gpio.c ****         SYSCFG->EXTICR[position >> 2u] = temp;
 272              		.loc 1 251 18 discriminator 1 view .LVU107
 273 0106 1F4D     		ldr	r5, .L28+4
 274 0108 A842     		cmp	r0, r5
 275 010a 32D0     		beq	.L21
 251:../.././hal//stm32f3/stm32f3xx_hal_gpio.c ****         SYSCFG->EXTICR[position >> 2u] = temp;
 276              		.loc 1 251 18 discriminator 3 view .LVU108
 277 010c 05F58065 		add	r5, r5, #1024
 278 0110 A842     		cmp	r0, r5
 279 0112 30D0     		beq	.L22
 251:../.././hal//stm32f3/stm32f3xx_hal_gpio.c ****         SYSCFG->EXTICR[position >> 2u] = temp;
 280              		.loc 1 251 18 discriminator 5 view .LVU109
 281 0114 05F58065 		add	r5, r5, #1024
 282 0118 A842     		cmp	r0, r5
 283 011a 2ED0     		beq	.L23
 251:../.././hal//stm32f3/stm32f3xx_hal_gpio.c ****         SYSCFG->EXTICR[position >> 2u] = temp;
 284              		.loc 1 251 18 discriminator 7 view .LVU110
 285 011c 05F58065 		add	r5, r5, #1024
 286 0120 A842     		cmp	r0, r5
 287 0122 0CBF     		ite	eq
 288 0124 0425     		moveq	r5, #4
 289 0126 0525     		movne	r5, #5
 290              	.L10:
 251:../.././hal//stm32f3/stm32f3xx_hal_gpio.c ****         SYSCFG->EXTICR[position >> 2u] = temp;
 291              		.loc 1 251 40 discriminator 20 view .LVU111
 292 0128 05FA0EF5 		lsl	r5, r5, lr
 251:../.././hal//stm32f3/stm32f3xx_hal_gpio.c ****         SYSCFG->EXTICR[position >> 2u] = temp;
 293              		.loc 1 251 14 discriminator 20 view .LVU112
 294 012c 45EA0C05 		orr	r5, r5, ip
 295              	.LVL25:
 252:../.././hal//stm32f3/stm32f3xx_hal_gpio.c **** 
 296              		.loc 1 252 9 is_stmt 1 discriminator 20 view .LVU113
 252:../.././hal//stm32f3/stm32f3xx_hal_gpio.c **** 
 297              		.loc 1 252 40 is_stmt 0 discriminator 20 view .LVU114
 298 0130 BD60     		str	r5, [r7, #8]
 255:../.././hal//stm32f3/stm32f3xx_hal_gpio.c ****         temp &= ~(iocurrent);
 299              		.loc 1 255 9 is_stmt 1 discriminator 20 view .LVU115
 255:../.././hal//stm32f3/stm32f3xx_hal_gpio.c ****         temp &= ~(iocurrent);
 300              		.loc 1 255 14 is_stmt 0 discriminator 20 view .LVU116
 301 0132 A568     		ldr	r5, [r4, #8]
 302              	.LVL26:
 256:../.././hal//stm32f3/stm32f3xx_hal_gpio.c ****         if((GPIO_Init->Mode & TRIGGER_RISING) != 0x00u)
 303              		.loc 1 256 9 is_stmt 1 discriminator 20 view .LVU117
 256:../.././hal//stm32f3/stm32f3xx_hal_gpio.c ****         if((GPIO_Init->Mode & TRIGGER_RISING) != 0x00u)
 304              		.loc 1 256 17 is_stmt 0 discriminator 20 view .LVU118
 305 0134 D743     		mvns	r7, r2
 306              	.LVL27:
 257:../.././hal//stm32f3/stm32f3xx_hal_gpio.c ****         {
 307              		.loc 1 257 9 is_stmt 1 discriminator 20 view .LVU119
 257:../.././hal//stm32f3/stm32f3xx_hal_gpio.c ****         {
 308              		.loc 1 257 11 is_stmt 0 discriminator 20 view .LVU120
 309 0136 16F4801F 		tst	r6, #1048576
 256:../.././hal//stm32f3/stm32f3xx_hal_gpio.c ****         if((GPIO_Init->Mode & TRIGGER_RISING) != 0x00u)
 310              		.loc 1 256 14 discriminator 20 view .LVU121
 311 013a 0CBF     		ite	eq
 312 013c 3D40     		andeq	r5, r5, r7
 313              	.LVL28:
 259:../.././hal//stm32f3/stm32f3xx_hal_gpio.c ****         }
 314              		.loc 1 259 11 is_stmt 1 discriminator 20 view .LVU122
 259:../.././hal//stm32f3/stm32f3xx_hal_gpio.c ****         }
 315              		.loc 1 259 16 is_stmt 0 discriminator 20 view .LVU123
 316 013e 1543     		orrne	r5, r5, r2
 317              	.LVL29:
 261:../.././hal//stm32f3/stm32f3xx_hal_gpio.c **** 
 318              		.loc 1 261 9 is_stmt 1 discriminator 20 view .LVU124
 261:../.././hal//stm32f3/stm32f3xx_hal_gpio.c **** 
 319              		.loc 1 261 20 is_stmt 0 discriminator 20 view .LVU125
 320 0140 A560     		str	r5, [r4, #8]
 263:../.././hal//stm32f3/stm32f3xx_hal_gpio.c ****         temp &= ~(iocurrent);
 321              		.loc 1 263 9 is_stmt 1 discriminator 20 view .LVU126
 263:../.././hal//stm32f3/stm32f3xx_hal_gpio.c ****         temp &= ~(iocurrent);
 322              		.loc 1 263 14 is_stmt 0 discriminator 20 view .LVU127
 323 0142 E568     		ldr	r5, [r4, #12]
 324              	.LVL30:
 264:../.././hal//stm32f3/stm32f3xx_hal_gpio.c ****         if((GPIO_Init->Mode & TRIGGER_FALLING) != 0x00u)
 325              		.loc 1 264 9 is_stmt 1 discriminator 20 view .LVU128
 265:../.././hal//stm32f3/stm32f3xx_hal_gpio.c ****         {
 326              		.loc 1 265 9 discriminator 20 view .LVU129
 265:../.././hal//stm32f3/stm32f3xx_hal_gpio.c ****         {
 327              		.loc 1 265 11 is_stmt 0 discriminator 20 view .LVU130
 328 0144 16F4001F 		tst	r6, #2097152
 264:../.././hal//stm32f3/stm32f3xx_hal_gpio.c ****         if((GPIO_Init->Mode & TRIGGER_FALLING) != 0x00u)
 329              		.loc 1 264 14 discriminator 20 view .LVU131
 330 0148 0CBF     		ite	eq
 331 014a 3D40     		andeq	r5, r5, r7
 332              	.LVL31:
 267:../.././hal//stm32f3/stm32f3xx_hal_gpio.c ****         }
 333              		.loc 1 267 11 is_stmt 1 discriminator 20 view .LVU132
 267:../.././hal//stm32f3/stm32f3xx_hal_gpio.c ****         }
 334              		.loc 1 267 16 is_stmt 0 discriminator 20 view .LVU133
 335 014c 1543     		orrne	r5, r5, r2
 336              	.LVL32:
 269:../.././hal//stm32f3/stm32f3xx_hal_gpio.c **** 
 337              		.loc 1 269 9 is_stmt 1 discriminator 20 view .LVU134
 269:../.././hal//stm32f3/stm32f3xx_hal_gpio.c **** 
 338              		.loc 1 269 20 is_stmt 0 discriminator 20 view .LVU135
 339 014e E560     		str	r5, [r4, #12]
 271:../.././hal//stm32f3/stm32f3xx_hal_gpio.c ****         temp &= ~(iocurrent);
 340              		.loc 1 271 9 is_stmt 1 discriminator 20 view .LVU136
 271:../.././hal//stm32f3/stm32f3xx_hal_gpio.c ****         temp &= ~(iocurrent);
 341              		.loc 1 271 14 is_stmt 0 discriminator 20 view .LVU137
 342 0150 6568     		ldr	r5, [r4, #4]
 343              	.LVL33:
 272:../.././hal//stm32f3/stm32f3xx_hal_gpio.c ****         if((GPIO_Init->Mode & EXTI_EVT) != 0x00u)
 344              		.loc 1 272 9 is_stmt 1 discriminator 20 view .LVU138
 273:../.././hal//stm32f3/stm32f3xx_hal_gpio.c ****         {
 345              		.loc 1 273 9 discriminator 20 view .LVU139
 273:../.././hal//stm32f3/stm32f3xx_hal_gpio.c ****         {
 346              		.loc 1 273 11 is_stmt 0 discriminator 20 view .LVU140
 347 0152 16F4003F 		tst	r6, #131072
 272:../.././hal//stm32f3/stm32f3xx_hal_gpio.c ****         if((GPIO_Init->Mode & EXTI_EVT) != 0x00u)
 348              		.loc 1 272 14 discriminator 20 view .LVU141
 349 0156 0CBF     		ite	eq
 350 0158 3D40     		andeq	r5, r5, r7
 351              	.LVL34:
 275:../.././hal//stm32f3/stm32f3xx_hal_gpio.c ****         }
 352              		.loc 1 275 11 is_stmt 1 discriminator 20 view .LVU142
 275:../.././hal//stm32f3/stm32f3xx_hal_gpio.c ****         }
 353              		.loc 1 275 16 is_stmt 0 discriminator 20 view .LVU143
 354 015a 1543     		orrne	r5, r5, r2
 355              	.LVL35:
 277:../.././hal//stm32f3/stm32f3xx_hal_gpio.c **** 
 356              		.loc 1 277 9 is_stmt 1 discriminator 20 view .LVU144
 277:../.././hal//stm32f3/stm32f3xx_hal_gpio.c **** 
 357              		.loc 1 277 19 is_stmt 0 discriminator 20 view .LVU145
 358 015c 6560     		str	r5, [r4, #4]
 280:../.././hal//stm32f3/stm32f3xx_hal_gpio.c ****         temp &= ~(iocurrent);
 359              		.loc 1 280 9 is_stmt 1 discriminator 20 view .LVU146
 280:../.././hal//stm32f3/stm32f3xx_hal_gpio.c ****         temp &= ~(iocurrent);
 360              		.loc 1 280 14 is_stmt 0 discriminator 20 view .LVU147
 361 015e 2568     		ldr	r5, [r4]
 362              	.LVL36:
 281:../.././hal//stm32f3/stm32f3xx_hal_gpio.c ****         if((GPIO_Init->Mode & EXTI_IT) != 0x00u)
 363              		.loc 1 281 9 is_stmt 1 discriminator 20 view .LVU148
 282:../.././hal//stm32f3/stm32f3xx_hal_gpio.c ****         {
 364              		.loc 1 282 9 discriminator 20 view .LVU149
 282:../.././hal//stm32f3/stm32f3xx_hal_gpio.c ****         {
 365              		.loc 1 282 11 is_stmt 0 discriminator 20 view .LVU150
 366 0160 F603     		lsls	r6, r6, #15
 281:../.././hal//stm32f3/stm32f3xx_hal_gpio.c ****         if((GPIO_Init->Mode & EXTI_IT) != 0x00u)
 367              		.loc 1 281 14 discriminator 20 view .LVU151
 368 0162 54BF     		ite	pl
 369 0164 3D40     		andpl	r5, r5, r7
 370              	.LVL37:
 284:../.././hal//stm32f3/stm32f3xx_hal_gpio.c ****         }
 371              		.loc 1 284 11 is_stmt 1 discriminator 20 view .LVU152
 284:../.././hal//stm32f3/stm32f3xx_hal_gpio.c ****         }
 372              		.loc 1 284 16 is_stmt 0 discriminator 20 view .LVU153
 373 0166 1543     		orrmi	r5, r5, r2
 374              	.LVL38:
 286:../.././hal//stm32f3/stm32f3xx_hal_gpio.c ****       }
 375              		.loc 1 286 9 is_stmt 1 discriminator 20 view .LVU154
 286:../.././hal//stm32f3/stm32f3xx_hal_gpio.c ****       }
 376              		.loc 1 286 19 is_stmt 0 discriminator 20 view .LVU155
 377 0168 2560     		str	r5, [r4]
 378              	.LVL39:
 379              	.L4:
 290:../.././hal//stm32f3/stm32f3xx_hal_gpio.c ****   }
 380              		.loc 1 290 5 is_stmt 1 view .LVU156
 290:../.././hal//stm32f3/stm32f3xx_hal_gpio.c ****   }
 381              		.loc 1 290 13 is_stmt 0 view .LVU157
 382 016a 0133     		adds	r3, r3, #1
 383              	.LVL40:
 290:../.././hal//stm32f3/stm32f3xx_hal_gpio.c ****   }
 384              		.loc 1 290 13 view .LVU158
 385 016c 4EE7     		b	.L2
 386              	.LVL41:
 387              	.L20:
 251:../.././hal//stm32f3/stm32f3xx_hal_gpio.c ****         SYSCFG->EXTICR[position >> 2u] = temp;
 388              		.loc 1 251 18 view .LVU159
 389 016e 0025     		movs	r5, #0
 390 0170 DAE7     		b	.L10
 391              	.L21:
 392 0172 0125     		movs	r5, #1
 393 0174 D8E7     		b	.L10
 394              	.L22:
 395 0176 0225     		movs	r5, #2
 396 0178 D6E7     		b	.L10
 397              	.L23:
 398 017a 0325     		movs	r5, #3
 399 017c D4E7     		b	.L10
 400              	.L29:
 401 017e 00BF     		.align	2
 402              	.L28:
 403 0180 00040140 		.word	1073808384
 404 0184 00040048 		.word	1207960576
 405 0188 00100240 		.word	1073876992
 406              		.cfi_endproc
 407              	.LFE123:
 409              		.section	.text.HAL_GPIO_DeInit,"ax",%progbits
 410              		.align	1
 411              		.global	HAL_GPIO_DeInit
 412              		.syntax unified
 413              		.thumb
 414              		.thumb_func
 415              		.fpu softvfp
 417              	HAL_GPIO_DeInit:
 418              	.LVL42:
 419              	.LFB124:
 293:../.././hal//stm32f3/stm32f3xx_hal_gpio.c **** 
 294:../.././hal//stm32f3/stm32f3xx_hal_gpio.c **** /**
 295:../.././hal//stm32f3/stm32f3xx_hal_gpio.c ****   * @brief  De-initialize the GPIOx peripheral registers to their default reset values.
 296:../.././hal//stm32f3/stm32f3xx_hal_gpio.c ****   * @param  GPIOx where x can be (A..F) to select the GPIO peripheral for STM32F30X device or STM32
 297:../.././hal//stm32f3/stm32f3xx_hal_gpio.c ****   * @param  GPIO_Pin specifies the port bit to be written.
 298:../.././hal//stm32f3/stm32f3xx_hal_gpio.c ****   *         This parameter can be one of GPIO_PIN_x where x can be (0..15).
 299:../.././hal//stm32f3/stm32f3xx_hal_gpio.c ****   * @retval None
 300:../.././hal//stm32f3/stm32f3xx_hal_gpio.c ****   */
 301:../.././hal//stm32f3/stm32f3xx_hal_gpio.c **** void HAL_GPIO_DeInit(GPIO_TypeDef  *GPIOx, uint32_t GPIO_Pin)
 302:../.././hal//stm32f3/stm32f3xx_hal_gpio.c **** {
 420              		.loc 1 302 1 is_stmt 1 view -0
 421              		.cfi_startproc
 422              		@ args = 0, pretend = 0, frame = 0
 423              		@ frame_needed = 0, uses_anonymous_args = 0
 303:../.././hal//stm32f3/stm32f3xx_hal_gpio.c ****   uint32_t position = 0x00u;
 424              		.loc 1 303 3 view .LVU161
 304:../.././hal//stm32f3/stm32f3xx_hal_gpio.c ****   uint32_t iocurrent;
 425              		.loc 1 304 3 view .LVU162
 305:../.././hal//stm32f3/stm32f3xx_hal_gpio.c ****   uint32_t tmp;
 426              		.loc 1 305 3 view .LVU163
 306:../.././hal//stm32f3/stm32f3xx_hal_gpio.c **** 
 307:../.././hal//stm32f3/stm32f3xx_hal_gpio.c ****   /* Check the parameters */
 308:../.././hal//stm32f3/stm32f3xx_hal_gpio.c ****   assert_param(IS_GPIO_ALL_INSTANCE(GPIOx));
 427              		.loc 1 308 3 view .LVU164
 309:../.././hal//stm32f3/stm32f3xx_hal_gpio.c ****   assert_param(IS_GPIO_PIN(GPIO_Pin));
 428              		.loc 1 309 3 view .LVU165
 310:../.././hal//stm32f3/stm32f3xx_hal_gpio.c **** 
 311:../.././hal//stm32f3/stm32f3xx_hal_gpio.c ****   /* Configure the port pins */
 312:../.././hal//stm32f3/stm32f3xx_hal_gpio.c ****   while ((GPIO_Pin >> position) != 0x00u)
 429              		.loc 1 312 3 view .LVU166
 313:../.././hal//stm32f3/stm32f3xx_hal_gpio.c ****   {
 314:../.././hal//stm32f3/stm32f3xx_hal_gpio.c ****     /* Get current io position */
 315:../.././hal//stm32f3/stm32f3xx_hal_gpio.c ****     iocurrent = (GPIO_Pin) & (1uL << position);
 316:../.././hal//stm32f3/stm32f3xx_hal_gpio.c **** 
 317:../.././hal//stm32f3/stm32f3xx_hal_gpio.c ****     if (iocurrent != 0x00u)
 318:../.././hal//stm32f3/stm32f3xx_hal_gpio.c ****     {
 319:../.././hal//stm32f3/stm32f3xx_hal_gpio.c ****       /*------------------------- EXTI Mode Configuration --------------------*/
 320:../.././hal//stm32f3/stm32f3xx_hal_gpio.c ****       /* Clear the External Interrupt or Event for the current IO */
 321:../.././hal//stm32f3/stm32f3xx_hal_gpio.c **** 
 322:../.././hal//stm32f3/stm32f3xx_hal_gpio.c ****       tmp = SYSCFG->EXTICR[position >> 2u];
 323:../.././hal//stm32f3/stm32f3xx_hal_gpio.c ****       tmp &= (0x0FuL << (4u * (position & 0x03u)));
 324:../.././hal//stm32f3/stm32f3xx_hal_gpio.c ****       if (tmp == (GPIO_GET_INDEX(GPIOx) << (4u * (position & 0x03u))))
 325:../.././hal//stm32f3/stm32f3xx_hal_gpio.c ****       {
 326:../.././hal//stm32f3/stm32f3xx_hal_gpio.c ****         /* Clear EXTI line configuration */
 327:../.././hal//stm32f3/stm32f3xx_hal_gpio.c ****         EXTI->IMR &= ~((uint32_t)iocurrent);
 430              		.loc 1 327 19 is_stmt 0 view .LVU167
 431 0000 3A4A     		ldr	r2, .L44
 302:../.././hal//stm32f3/stm32f3xx_hal_gpio.c ****   uint32_t position = 0x00u;
 432              		.loc 1 302 1 view .LVU168
 433 0002 2DE9F04F 		push	{r4, r5, r6, r7, r8, r9, r10, fp, lr}
 434              	.LCFI3:
 435              		.cfi_def_cfa_offset 36
 436              		.cfi_offset 4, -36
 437              		.cfi_offset 5, -32
 438              		.cfi_offset 6, -28
 439              		.cfi_offset 7, -24
 440              		.cfi_offset 8, -20
 441              		.cfi_offset 9, -16
 442              		.cfi_offset 10, -12
 443              		.cfi_offset 11, -8
 444              		.cfi_offset 14, -4
 303:../.././hal//stm32f3/stm32f3xx_hal_gpio.c ****   uint32_t iocurrent;
 445              		.loc 1 303 12 view .LVU169
 446 0006 0023     		movs	r3, #0
 315:../.././hal//stm32f3/stm32f3xx_hal_gpio.c **** 
 447              		.loc 1 315 35 view .LVU170
 448 0008 4FF0010A 		mov	r10, #1
 323:../.././hal//stm32f3/stm32f3xx_hal_gpio.c ****       if (tmp == (GPIO_GET_INDEX(GPIOx) << (4u * (position & 0x03u))))
 449              		.loc 1 323 22 view .LVU171
 450 000c 4FF00F08 		mov	r8, #15
 328:../.././hal//stm32f3/stm32f3xx_hal_gpio.c ****         EXTI->EMR &= ~((uint32_t)iocurrent);
 329:../.././hal//stm32f3/stm32f3xx_hal_gpio.c ****         
 330:../.././hal//stm32f3/stm32f3xx_hal_gpio.c ****         /* Clear Rising Falling edge configuration */
 331:../.././hal//stm32f3/stm32f3xx_hal_gpio.c ****         EXTI->FTSR &= ~((uint32_t)iocurrent);
 332:../.././hal//stm32f3/stm32f3xx_hal_gpio.c ****         EXTI->RTSR &= ~((uint32_t)iocurrent);
 333:../.././hal//stm32f3/stm32f3xx_hal_gpio.c **** 
 334:../.././hal//stm32f3/stm32f3xx_hal_gpio.c ****         /* Configure the External Interrupt or event for the current IO */
 335:../.././hal//stm32f3/stm32f3xx_hal_gpio.c ****         tmp = 0x0FuL << (4u * (position & 0x03u));
 336:../.././hal//stm32f3/stm32f3xx_hal_gpio.c ****         SYSCFG->EXTICR[position >> 2u] &= ~tmp;
 337:../.././hal//stm32f3/stm32f3xx_hal_gpio.c ****       }
 338:../.././hal//stm32f3/stm32f3xx_hal_gpio.c **** 
 339:../.././hal//stm32f3/stm32f3xx_hal_gpio.c ****       /*------------------------- GPIO Mode Configuration --------------------*/
 340:../.././hal//stm32f3/stm32f3xx_hal_gpio.c ****       /* Configure IO Direction in Input Floating Mode */
 341:../.././hal//stm32f3/stm32f3xx_hal_gpio.c ****       GPIOx->MODER &= ~(GPIO_MODER_MODER0 << (position * 2u));
 451              		.loc 1 341 43 view .LVU172
 452 0010 4FF0030B 		mov	fp, #3
 453              	.LVL43:
 454              	.L31:
 312:../.././hal//stm32f3/stm32f3xx_hal_gpio.c ****   {
 455              		.loc 1 312 9 is_stmt 1 view .LVU173
 456 0014 31FA03F4 		lsrs	r4, r1, r3
 457 0018 01D1     		bne	.L35
 342:../.././hal//stm32f3/stm32f3xx_hal_gpio.c **** 
 343:../.././hal//stm32f3/stm32f3xx_hal_gpio.c ****       /* Configure the default Alternate Function in current IO */
 344:../.././hal//stm32f3/stm32f3xx_hal_gpio.c ****       GPIOx->AFR[position >> 3u] &= ~(0xFu << ((uint32_t)(position & 0x07u) * 4u)) ;
 345:../.././hal//stm32f3/stm32f3xx_hal_gpio.c **** 
 346:../.././hal//stm32f3/stm32f3xx_hal_gpio.c ****       /* Deactivate the Pull-up and Pull-down resistor for the current IO */
 347:../.././hal//stm32f3/stm32f3xx_hal_gpio.c ****       GPIOx->PUPDR &= ~(GPIO_PUPDR_PUPDR0 << (position * 2u));
 348:../.././hal//stm32f3/stm32f3xx_hal_gpio.c **** 
 349:../.././hal//stm32f3/stm32f3xx_hal_gpio.c ****       /* Configure the default value IO Output Type */
 350:../.././hal//stm32f3/stm32f3xx_hal_gpio.c ****       GPIOx->OTYPER  &= ~(GPIO_OTYPER_OT_0 << position) ;
 351:../.././hal//stm32f3/stm32f3xx_hal_gpio.c **** 
 352:../.././hal//stm32f3/stm32f3xx_hal_gpio.c ****       /* Configure the default value for IO Speed */
 353:../.././hal//stm32f3/stm32f3xx_hal_gpio.c ****       GPIOx->OSPEEDR &= ~(GPIO_OSPEEDER_OSPEEDR0 << (position * 2u));
 354:../.././hal//stm32f3/stm32f3xx_hal_gpio.c ****     }
 355:../.././hal//stm32f3/stm32f3xx_hal_gpio.c **** 
 356:../.././hal//stm32f3/stm32f3xx_hal_gpio.c ****     position++;
 357:../.././hal//stm32f3/stm32f3xx_hal_gpio.c ****   }
 358:../.././hal//stm32f3/stm32f3xx_hal_gpio.c **** }
 458              		.loc 1 358 1 is_stmt 0 view .LVU174
 459 001a BDE8F08F 		pop	{r4, r5, r6, r7, r8, r9, r10, fp, pc}
 460              	.L35:
 315:../.././hal//stm32f3/stm32f3xx_hal_gpio.c **** 
 461              		.loc 1 315 5 is_stmt 1 view .LVU175
 315:../.././hal//stm32f3/stm32f3xx_hal_gpio.c **** 
 462              		.loc 1 315 35 is_stmt 0 view .LVU176
 463 001e 0AFA03FC 		lsl	ip, r10, r3
 464              	.LVL44:
 317:../.././hal//stm32f3/stm32f3xx_hal_gpio.c ****     {
 465              		.loc 1 317 5 is_stmt 1 view .LVU177
 317:../.././hal//stm32f3/stm32f3xx_hal_gpio.c ****     {
 466              		.loc 1 317 8 is_stmt 0 view .LVU178
 467 0022 1CEA0106 		ands	r6, ip, r1
 468              	.LVL45:
 317:../.././hal//stm32f3/stm32f3xx_hal_gpio.c ****     {
 469              		.loc 1 317 8 view .LVU179
 470 0026 57D0     		beq	.L32
 322:../.././hal//stm32f3/stm32f3xx_hal_gpio.c ****       tmp &= (0x0FuL << (4u * (position & 0x03u)));
 471              		.loc 1 322 7 is_stmt 1 view .LVU180
 472 0028 23F00304 		bic	r4, r3, #3
 473 002c 04F18044 		add	r4, r4, #1073741824
 474 0030 04F58034 		add	r4, r4, #65536
 323:../.././hal//stm32f3/stm32f3xx_hal_gpio.c ****       if (tmp == (GPIO_GET_INDEX(GPIOx) << (4u * (position & 0x03u))))
 475              		.loc 1 323 41 is_stmt 0 view .LVU181
 476 0034 03F00307 		and	r7, r3, #3
 322:../.././hal//stm32f3/stm32f3xx_hal_gpio.c ****       tmp &= (0x0FuL << (4u * (position & 0x03u)));
 477              		.loc 1 322 11 view .LVU182
 478 0038 A568     		ldr	r5, [r4, #8]
 479              	.LVL46:
 323:../.././hal//stm32f3/stm32f3xx_hal_gpio.c ****       if (tmp == (GPIO_GET_INDEX(GPIOx) << (4u * (position & 0x03u))))
 480              		.loc 1 323 7 is_stmt 1 view .LVU183
 323:../.././hal//stm32f3/stm32f3xx_hal_gpio.c ****       if (tmp == (GPIO_GET_INDEX(GPIOx) << (4u * (position & 0x03u))))
 481              		.loc 1 323 29 is_stmt 0 view .LVU184
 482 003a BF00     		lsls	r7, r7, #2
 323:../.././hal//stm32f3/stm32f3xx_hal_gpio.c ****       if (tmp == (GPIO_GET_INDEX(GPIOx) << (4u * (position & 0x03u))))
 483              		.loc 1 323 22 view .LVU185
 484 003c 08FA07F9 		lsl	r9, r8, r7
 324:../.././hal//stm32f3/stm32f3xx_hal_gpio.c ****       {
 485              		.loc 1 324 19 view .LVU186
 486 0040 B0F1904F 		cmp	r0, #1207959552
 323:../.././hal//stm32f3/stm32f3xx_hal_gpio.c ****       if (tmp == (GPIO_GET_INDEX(GPIOx) << (4u * (position & 0x03u))))
 487              		.loc 1 323 11 view .LVU187
 488 0044 09EA050E 		and	lr, r9, r5
 489              	.LVL47:
 324:../.././hal//stm32f3/stm32f3xx_hal_gpio.c ****       {
 490              		.loc 1 324 7 is_stmt 1 view .LVU188
 324:../.././hal//stm32f3/stm32f3xx_hal_gpio.c ****       {
 491              		.loc 1 324 19 is_stmt 0 view .LVU189
 492 0048 48D0     		beq	.L36
 324:../.././hal//stm32f3/stm32f3xx_hal_gpio.c ****       {
 493              		.loc 1 324 19 discriminator 1 view .LVU190
 494 004a 294D     		ldr	r5, .L44+4
 495 004c A842     		cmp	r0, r5
 496 004e 47D0     		beq	.L37
 324:../.././hal//stm32f3/stm32f3xx_hal_gpio.c ****       {
 497              		.loc 1 324 19 discriminator 3 view .LVU191
 498 0050 05F58065 		add	r5, r5, #1024
 499 0054 A842     		cmp	r0, r5
 500 0056 45D0     		beq	.L38
 324:../.././hal//stm32f3/stm32f3xx_hal_gpio.c ****       {
 501              		.loc 1 324 19 discriminator 5 view .LVU192
 502 0058 05F58065 		add	r5, r5, #1024
 503 005c A842     		cmp	r0, r5
 504 005e 43D0     		beq	.L39
 324:../.././hal//stm32f3/stm32f3xx_hal_gpio.c ****       {
 505              		.loc 1 324 19 discriminator 7 view .LVU193
 506 0060 05F58065 		add	r5, r5, #1024
 507 0064 A842     		cmp	r0, r5
 508 0066 0CBF     		ite	eq
 509 0068 0425     		moveq	r5, #4
 510 006a 0525     		movne	r5, #5
 511              	.L33:
 324:../.././hal//stm32f3/stm32f3xx_hal_gpio.c ****       {
 512              		.loc 1 324 41 discriminator 20 view .LVU194
 513 006c BD40     		lsls	r5, r5, r7
 324:../.././hal//stm32f3/stm32f3xx_hal_gpio.c ****       {
 514              		.loc 1 324 10 discriminator 20 view .LVU195
 515 006e 7545     		cmp	r5, lr
 516 0070 13D1     		bne	.L34
 327:../.././hal//stm32f3/stm32f3xx_hal_gpio.c ****         EXTI->EMR &= ~((uint32_t)iocurrent);
 517              		.loc 1 327 9 is_stmt 1 view .LVU196
 327:../.././hal//stm32f3/stm32f3xx_hal_gpio.c ****         EXTI->EMR &= ~((uint32_t)iocurrent);
 518              		.loc 1 327 19 is_stmt 0 view .LVU197
 519 0072 1568     		ldr	r5, [r2]
 520 0074 25EA0605 		bic	r5, r5, r6
 521 0078 1560     		str	r5, [r2]
 328:../.././hal//stm32f3/stm32f3xx_hal_gpio.c ****         
 522              		.loc 1 328 9 is_stmt 1 view .LVU198
 328:../.././hal//stm32f3/stm32f3xx_hal_gpio.c ****         
 523              		.loc 1 328 19 is_stmt 0 view .LVU199
 524 007a 5568     		ldr	r5, [r2, #4]
 525 007c 25EA0605 		bic	r5, r5, r6
 526 0080 5560     		str	r5, [r2, #4]
 331:../.././hal//stm32f3/stm32f3xx_hal_gpio.c ****         EXTI->RTSR &= ~((uint32_t)iocurrent);
 527              		.loc 1 331 9 is_stmt 1 view .LVU200
 331:../.././hal//stm32f3/stm32f3xx_hal_gpio.c ****         EXTI->RTSR &= ~((uint32_t)iocurrent);
 528              		.loc 1 331 20 is_stmt 0 view .LVU201
 529 0082 D568     		ldr	r5, [r2, #12]
 530 0084 25EA0605 		bic	r5, r5, r6
 531 0088 D560     		str	r5, [r2, #12]
 332:../.././hal//stm32f3/stm32f3xx_hal_gpio.c **** 
 532              		.loc 1 332 9 is_stmt 1 view .LVU202
 332:../.././hal//stm32f3/stm32f3xx_hal_gpio.c **** 
 533              		.loc 1 332 20 is_stmt 0 view .LVU203
 534 008a 9568     		ldr	r5, [r2, #8]
 535 008c 25EA0606 		bic	r6, r5, r6
 536              	.LVL48:
 332:../.././hal//stm32f3/stm32f3xx_hal_gpio.c **** 
 537              		.loc 1 332 20 view .LVU204
 538 0090 9660     		str	r6, [r2, #8]
 335:../.././hal//stm32f3/stm32f3xx_hal_gpio.c ****         SYSCFG->EXTICR[position >> 2u] &= ~tmp;
 539              		.loc 1 335 9 is_stmt 1 view .LVU205
 540              	.LVL49:
 336:../.././hal//stm32f3/stm32f3xx_hal_gpio.c ****       }
 541              		.loc 1 336 9 view .LVU206
 336:../.././hal//stm32f3/stm32f3xx_hal_gpio.c ****       }
 542              		.loc 1 336 40 is_stmt 0 view .LVU207
 543 0092 A568     		ldr	r5, [r4, #8]
 544 0094 25EA0905 		bic	r5, r5, r9
 545 0098 A560     		str	r5, [r4, #8]
 546              	.LVL50:
 547              	.L34:
 341:../.././hal//stm32f3/stm32f3xx_hal_gpio.c **** 
 548              		.loc 1 341 7 is_stmt 1 view .LVU208
 341:../.././hal//stm32f3/stm32f3xx_hal_gpio.c **** 
 549              		.loc 1 341 20 is_stmt 0 view .LVU209
 550 009a 0568     		ldr	r5, [r0]
 341:../.././hal//stm32f3/stm32f3xx_hal_gpio.c **** 
 551              		.loc 1 341 43 view .LVU210
 552 009c 5C00     		lsls	r4, r3, #1
 553 009e 0BFA04F4 		lsl	r4, fp, r4
 344:../.././hal//stm32f3/stm32f3xx_hal_gpio.c **** 
 554              		.loc 1 344 34 view .LVU211
 555 00a2 DE08     		lsrs	r6, r3, #3
 341:../.././hal//stm32f3/stm32f3xx_hal_gpio.c **** 
 556              		.loc 1 341 20 view .LVU212
 557 00a4 25EA0405 		bic	r5, r5, r4
 558 00a8 00EB8606 		add	r6, r0, r6, lsl #2
 559 00ac 0560     		str	r5, [r0]
 344:../.././hal//stm32f3/stm32f3xx_hal_gpio.c **** 
 560              		.loc 1 344 7 is_stmt 1 view .LVU213
 344:../.././hal//stm32f3/stm32f3xx_hal_gpio.c **** 
 561              		.loc 1 344 48 is_stmt 0 view .LVU214
 562 00ae 03F00705 		and	r5, r3, #7
 344:../.././hal//stm32f3/stm32f3xx_hal_gpio.c **** 
 563              		.loc 1 344 34 view .LVU215
 564 00b2 376A     		ldr	r7, [r6, #32]
 344:../.././hal//stm32f3/stm32f3xx_hal_gpio.c **** 
 565              		.loc 1 344 77 view .LVU216
 566 00b4 AD00     		lsls	r5, r5, #2
 344:../.././hal//stm32f3/stm32f3xx_hal_gpio.c **** 
 567              		.loc 1 344 44 view .LVU217
 568 00b6 08FA05F5 		lsl	r5, r8, r5
 344:../.././hal//stm32f3/stm32f3xx_hal_gpio.c **** 
 569              		.loc 1 344 34 view .LVU218
 570 00ba 27EA0505 		bic	r5, r7, r5
 571 00be 3562     		str	r5, [r6, #32]
 347:../.././hal//stm32f3/stm32f3xx_hal_gpio.c **** 
 572              		.loc 1 347 7 is_stmt 1 view .LVU219
 347:../.././hal//stm32f3/stm32f3xx_hal_gpio.c **** 
 573              		.loc 1 347 20 is_stmt 0 view .LVU220
 574 00c0 C568     		ldr	r5, [r0, #12]
 575 00c2 25EA0405 		bic	r5, r5, r4
 576 00c6 C560     		str	r5, [r0, #12]
 350:../.././hal//stm32f3/stm32f3xx_hal_gpio.c **** 
 577              		.loc 1 350 7 is_stmt 1 view .LVU221
 350:../.././hal//stm32f3/stm32f3xx_hal_gpio.c **** 
 578              		.loc 1 350 22 is_stmt 0 view .LVU222
 579 00c8 4568     		ldr	r5, [r0, #4]
 580 00ca 25EA0C05 		bic	r5, r5, ip
 581 00ce 4560     		str	r5, [r0, #4]
 353:../.././hal//stm32f3/stm32f3xx_hal_gpio.c ****     }
 582              		.loc 1 353 7 is_stmt 1 view .LVU223
 353:../.././hal//stm32f3/stm32f3xx_hal_gpio.c ****     }
 583              		.loc 1 353 22 is_stmt 0 view .LVU224
 584 00d0 8568     		ldr	r5, [r0, #8]
 585 00d2 25EA0404 		bic	r4, r5, r4
 586 00d6 8460     		str	r4, [r0, #8]
 587              	.L32:
 356:../.././hal//stm32f3/stm32f3xx_hal_gpio.c ****   }
 588              		.loc 1 356 5 is_stmt 1 view .LVU225
 356:../.././hal//stm32f3/stm32f3xx_hal_gpio.c ****   }
 589              		.loc 1 356 13 is_stmt 0 view .LVU226
 590 00d8 0133     		adds	r3, r3, #1
 591              	.LVL51:
 356:../.././hal//stm32f3/stm32f3xx_hal_gpio.c ****   }
 592              		.loc 1 356 13 view .LVU227
 593 00da 9BE7     		b	.L31
 594              	.LVL52:
 595              	.L36:
 324:../.././hal//stm32f3/stm32f3xx_hal_gpio.c ****       {
 596              		.loc 1 324 19 view .LVU228
 597 00dc 0025     		movs	r5, #0
 598 00de C5E7     		b	.L33
 599              	.L37:
 600 00e0 0125     		movs	r5, #1
 601 00e2 C3E7     		b	.L33
 602              	.L38:
 603 00e4 0225     		movs	r5, #2
 604 00e6 C1E7     		b	.L33
 605              	.L39:
 606 00e8 0325     		movs	r5, #3
 607 00ea BFE7     		b	.L33
 608              	.L45:
 609              		.align	2
 610              	.L44:
 611 00ec 00040140 		.word	1073808384
 612 00f0 00040048 		.word	1207960576
 613              		.cfi_endproc
 614              	.LFE124:
 616              		.section	.text.HAL_GPIO_ReadPin,"ax",%progbits
 617              		.align	1
 618              		.global	HAL_GPIO_ReadPin
 619              		.syntax unified
 620              		.thumb
 621              		.thumb_func
 622              		.fpu softvfp
 624              	HAL_GPIO_ReadPin:
 625              	.LVL53:
 626              	.LFB125:
 359:../.././hal//stm32f3/stm32f3xx_hal_gpio.c **** 
 360:../.././hal//stm32f3/stm32f3xx_hal_gpio.c **** /**
 361:../.././hal//stm32f3/stm32f3xx_hal_gpio.c ****   * @}
 362:../.././hal//stm32f3/stm32f3xx_hal_gpio.c ****   */
 363:../.././hal//stm32f3/stm32f3xx_hal_gpio.c **** 
 364:../.././hal//stm32f3/stm32f3xx_hal_gpio.c **** /** @defgroup GPIO_Exported_Functions_Group2 IO operation functions 
 365:../.././hal//stm32f3/stm32f3xx_hal_gpio.c ****  *  @brief GPIO Read, Write, Toggle, Lock and EXTI management functions.
 366:../.././hal//stm32f3/stm32f3xx_hal_gpio.c ****  *
 367:../.././hal//stm32f3/stm32f3xx_hal_gpio.c **** @verbatim
 368:../.././hal//stm32f3/stm32f3xx_hal_gpio.c ****  ===============================================================================
 369:../.././hal//stm32f3/stm32f3xx_hal_gpio.c ****                        ##### IO operation functions #####
 370:../.././hal//stm32f3/stm32f3xx_hal_gpio.c ****  ===============================================================================
 371:../.././hal//stm32f3/stm32f3xx_hal_gpio.c **** 
 372:../.././hal//stm32f3/stm32f3xx_hal_gpio.c **** @endverbatim
 373:../.././hal//stm32f3/stm32f3xx_hal_gpio.c ****   * @{
 374:../.././hal//stm32f3/stm32f3xx_hal_gpio.c ****   */
 375:../.././hal//stm32f3/stm32f3xx_hal_gpio.c **** 
 376:../.././hal//stm32f3/stm32f3xx_hal_gpio.c **** /**
 377:../.././hal//stm32f3/stm32f3xx_hal_gpio.c ****   * @brief  Read the specified input port pin.
 378:../.././hal//stm32f3/stm32f3xx_hal_gpio.c ****   * @param  GPIOx where x can be (A..F) to select the GPIO peripheral for STM32F3 family
 379:../.././hal//stm32f3/stm32f3xx_hal_gpio.c ****   * @param  GPIO_Pin specifies the port bit to read.
 380:../.././hal//stm32f3/stm32f3xx_hal_gpio.c ****   *         This parameter can be GPIO_PIN_x where x can be (0..15).
 381:../.././hal//stm32f3/stm32f3xx_hal_gpio.c ****   * @retval The input port pin value.
 382:../.././hal//stm32f3/stm32f3xx_hal_gpio.c ****   */
 383:../.././hal//stm32f3/stm32f3xx_hal_gpio.c **** GPIO_PinState HAL_GPIO_ReadPin(GPIO_TypeDef* GPIOx, uint16_t GPIO_Pin)
 384:../.././hal//stm32f3/stm32f3xx_hal_gpio.c **** {
 627              		.loc 1 384 1 is_stmt 1 view -0
 628              		.cfi_startproc
 629              		@ args = 0, pretend = 0, frame = 0
 630              		@ frame_needed = 0, uses_anonymous_args = 0
 631              		@ link register save eliminated.
 385:../.././hal//stm32f3/stm32f3xx_hal_gpio.c ****   GPIO_PinState bitstatus;
 632              		.loc 1 385 3 view .LVU230
 386:../.././hal//stm32f3/stm32f3xx_hal_gpio.c **** 
 387:../.././hal//stm32f3/stm32f3xx_hal_gpio.c ****   /* Check the parameters */
 388:../.././hal//stm32f3/stm32f3xx_hal_gpio.c ****   assert_param(IS_GPIO_PIN(GPIO_Pin));
 633              		.loc 1 388 3 view .LVU231
 389:../.././hal//stm32f3/stm32f3xx_hal_gpio.c **** 
 390:../.././hal//stm32f3/stm32f3xx_hal_gpio.c ****   if((GPIOx->IDR & GPIO_Pin) != (uint32_t)GPIO_PIN_RESET)
 634              		.loc 1 390 3 view .LVU232
 635              		.loc 1 390 12 is_stmt 0 view .LVU233
 636 0000 0369     		ldr	r3, [r0, #16]
 637              	.LVL54:
 391:../.././hal//stm32f3/stm32f3xx_hal_gpio.c ****   {
 392:../.././hal//stm32f3/stm32f3xx_hal_gpio.c ****     bitstatus = GPIO_PIN_SET;
 393:../.././hal//stm32f3/stm32f3xx_hal_gpio.c ****   }
 394:../.././hal//stm32f3/stm32f3xx_hal_gpio.c ****   else
 395:../.././hal//stm32f3/stm32f3xx_hal_gpio.c ****   {
 396:../.././hal//stm32f3/stm32f3xx_hal_gpio.c ****     bitstatus = GPIO_PIN_RESET;
 397:../.././hal//stm32f3/stm32f3xx_hal_gpio.c ****   }
 398:../.././hal//stm32f3/stm32f3xx_hal_gpio.c ****   return bitstatus;
 638              		.loc 1 398 3 is_stmt 1 view .LVU234
 390:../.././hal//stm32f3/stm32f3xx_hal_gpio.c ****   {
 639              		.loc 1 390 5 is_stmt 0 view .LVU235
 640 0002 1942     		tst	r1, r3
 399:../.././hal//stm32f3/stm32f3xx_hal_gpio.c **** }
 641              		.loc 1 399 1 view .LVU236
 642 0004 14BF     		ite	ne
 643 0006 0120     		movne	r0, #1
 644              	.LVL55:
 645              		.loc 1 399 1 view .LVU237
 646 0008 0020     		moveq	r0, #0
 647 000a 7047     		bx	lr
 648              		.cfi_endproc
 649              	.LFE125:
 651              		.section	.text.HAL_GPIO_WritePin,"ax",%progbits
 652              		.align	1
 653              		.global	HAL_GPIO_WritePin
 654              		.syntax unified
 655              		.thumb
 656              		.thumb_func
 657              		.fpu softvfp
 659              	HAL_GPIO_WritePin:
 660              	.LVL56:
 661              	.LFB126:
 400:../.././hal//stm32f3/stm32f3xx_hal_gpio.c **** 
 401:../.././hal//stm32f3/stm32f3xx_hal_gpio.c **** /**
 402:../.././hal//stm32f3/stm32f3xx_hal_gpio.c ****   * @brief  Set or clear the selected data port bit.
 403:../.././hal//stm32f3/stm32f3xx_hal_gpio.c ****   *
 404:../.././hal//stm32f3/stm32f3xx_hal_gpio.c ****   * @note   This function uses GPIOx_BSRR and GPIOx_BRR registers to allow atomic read/modify
 405:../.././hal//stm32f3/stm32f3xx_hal_gpio.c ****   *         accesses. In this way, there is no risk of an IRQ occurring between
 406:../.././hal//stm32f3/stm32f3xx_hal_gpio.c ****   *         the read and the modify access.
 407:../.././hal//stm32f3/stm32f3xx_hal_gpio.c ****   *
 408:../.././hal//stm32f3/stm32f3xx_hal_gpio.c ****   * @param  GPIOx where x can be (A..F) to select the GPIO peripheral for STM32F3 family
 409:../.././hal//stm32f3/stm32f3xx_hal_gpio.c ****   * @param  GPIO_Pin specifies the port bit to be written.
 410:../.././hal//stm32f3/stm32f3xx_hal_gpio.c ****   *         This parameter can be one of GPIO_PIN_x where x can be (0..15).
 411:../.././hal//stm32f3/stm32f3xx_hal_gpio.c ****   * @param  PinState specifies the value to be written to the selected bit.
 412:../.././hal//stm32f3/stm32f3xx_hal_gpio.c ****   *         This parameter can be one of the GPIO_PinState enum values:
 413:../.././hal//stm32f3/stm32f3xx_hal_gpio.c ****   *            @arg GPIO_PIN_RESET: to clear the port pin
 414:../.././hal//stm32f3/stm32f3xx_hal_gpio.c ****   *            @arg GPIO_PIN_SET: to set the port pin
 415:../.././hal//stm32f3/stm32f3xx_hal_gpio.c ****   * @retval None
 416:../.././hal//stm32f3/stm32f3xx_hal_gpio.c ****   */
 417:../.././hal//stm32f3/stm32f3xx_hal_gpio.c **** void HAL_GPIO_WritePin(GPIO_TypeDef* GPIOx, uint16_t GPIO_Pin, GPIO_PinState PinState)
 418:../.././hal//stm32f3/stm32f3xx_hal_gpio.c **** {
 662              		.loc 1 418 1 is_stmt 1 view -0
 663              		.cfi_startproc
 664              		@ args = 0, pretend = 0, frame = 0
 665              		@ frame_needed = 0, uses_anonymous_args = 0
 666              		@ link register save eliminated.
 419:../.././hal//stm32f3/stm32f3xx_hal_gpio.c ****   /* Check the parameters */
 420:../.././hal//stm32f3/stm32f3xx_hal_gpio.c ****   assert_param(IS_GPIO_PIN(GPIO_Pin));
 667              		.loc 1 420 3 view .LVU239
 421:../.././hal//stm32f3/stm32f3xx_hal_gpio.c ****   assert_param(IS_GPIO_PIN_ACTION(PinState));
 668              		.loc 1 421 3 view .LVU240
 422:../.././hal//stm32f3/stm32f3xx_hal_gpio.c **** 
 423:../.././hal//stm32f3/stm32f3xx_hal_gpio.c ****   if(PinState != GPIO_PIN_RESET)
 669              		.loc 1 423 3 view .LVU241
 670              		.loc 1 423 5 is_stmt 0 view .LVU242
 671 0000 0AB1     		cbz	r2, .L48
 424:../.././hal//stm32f3/stm32f3xx_hal_gpio.c ****   {
 425:../.././hal//stm32f3/stm32f3xx_hal_gpio.c ****     GPIOx->BSRR = (uint32_t)GPIO_Pin;
 672              		.loc 1 425 5 is_stmt 1 view .LVU243
 673              		.loc 1 425 17 is_stmt 0 view .LVU244
 674 0002 8161     		str	r1, [r0, #24]
 675 0004 7047     		bx	lr
 676              	.L48:
 426:../.././hal//stm32f3/stm32f3xx_hal_gpio.c ****   }
 427:../.././hal//stm32f3/stm32f3xx_hal_gpio.c ****   else
 428:../.././hal//stm32f3/stm32f3xx_hal_gpio.c ****   {
 429:../.././hal//stm32f3/stm32f3xx_hal_gpio.c ****     GPIOx->BRR = (uint32_t)GPIO_Pin;
 677              		.loc 1 429 5 is_stmt 1 view .LVU245
 678              		.loc 1 429 16 is_stmt 0 view .LVU246
 679 0006 8162     		str	r1, [r0, #40]
 430:../.././hal//stm32f3/stm32f3xx_hal_gpio.c ****   }
 431:../.././hal//stm32f3/stm32f3xx_hal_gpio.c **** }
 680              		.loc 1 431 1 view .LVU247
 681 0008 7047     		bx	lr
 682              		.cfi_endproc
 683              	.LFE126:
 685              		.section	.text.HAL_GPIO_TogglePin,"ax",%progbits
 686              		.align	1
 687              		.global	HAL_GPIO_TogglePin
 688              		.syntax unified
 689              		.thumb
 690              		.thumb_func
 691              		.fpu softvfp
 693              	HAL_GPIO_TogglePin:
 694              	.LVL57:
 695              	.LFB127:
 432:../.././hal//stm32f3/stm32f3xx_hal_gpio.c **** 
 433:../.././hal//stm32f3/stm32f3xx_hal_gpio.c **** /**
 434:../.././hal//stm32f3/stm32f3xx_hal_gpio.c ****   * @brief  Toggle the specified GPIO pin.
 435:../.././hal//stm32f3/stm32f3xx_hal_gpio.c ****   * @param  GPIOx where x can be (A..F) to select the GPIO peripheral for STM32F3 family
 436:../.././hal//stm32f3/stm32f3xx_hal_gpio.c ****   * @param  GPIO_Pin specifies the pin to be toggled.
 437:../.././hal//stm32f3/stm32f3xx_hal_gpio.c ****   * @retval None
 438:../.././hal//stm32f3/stm32f3xx_hal_gpio.c ****   */
 439:../.././hal//stm32f3/stm32f3xx_hal_gpio.c **** void HAL_GPIO_TogglePin(GPIO_TypeDef* GPIOx, uint16_t GPIO_Pin)
 440:../.././hal//stm32f3/stm32f3xx_hal_gpio.c **** {
 696              		.loc 1 440 1 is_stmt 1 view -0
 697              		.cfi_startproc
 698              		@ args = 0, pretend = 0, frame = 0
 699              		@ frame_needed = 0, uses_anonymous_args = 0
 700              		@ link register save eliminated.
 441:../.././hal//stm32f3/stm32f3xx_hal_gpio.c ****   uint32_t odr;
 701              		.loc 1 441 3 view .LVU249
 442:../.././hal//stm32f3/stm32f3xx_hal_gpio.c **** 
 443:../.././hal//stm32f3/stm32f3xx_hal_gpio.c ****   /* Check the parameters */
 444:../.././hal//stm32f3/stm32f3xx_hal_gpio.c ****   assert_param(IS_GPIO_PIN(GPIO_Pin));
 702              		.loc 1 444 3 view .LVU250
 445:../.././hal//stm32f3/stm32f3xx_hal_gpio.c **** 
 446:../.././hal//stm32f3/stm32f3xx_hal_gpio.c ****   /* get current Output Data Register value */
 447:../.././hal//stm32f3/stm32f3xx_hal_gpio.c ****   odr = GPIOx->ODR;
 703              		.loc 1 447 3 view .LVU251
 704              		.loc 1 447 7 is_stmt 0 view .LVU252
 705 0000 4369     		ldr	r3, [r0, #20]
 706              	.LVL58:
 448:../.././hal//stm32f3/stm32f3xx_hal_gpio.c **** 
 449:../.././hal//stm32f3/stm32f3xx_hal_gpio.c ****   /* Set selected pins that were at low level, and reset ones that were high */
 450:../.././hal//stm32f3/stm32f3xx_hal_gpio.c ****   GPIOx->BSRR = ((odr & GPIO_Pin) << GPIO_NUMBER) | (~odr & GPIO_Pin);
 707              		.loc 1 450 3 is_stmt 1 view .LVU253
 708              		.loc 1 450 23 is_stmt 0 view .LVU254
 709 0002 01EA0302 		and	r2, r1, r3
 710              		.loc 1 450 59 view .LVU255
 711 0006 21EA0301 		bic	r1, r1, r3
 712              	.LVL59:
 713              		.loc 1 450 51 view .LVU256
 714 000a 41EA0241 		orr	r1, r1, r2, lsl #16
 715              		.loc 1 450 15 view .LVU257
 716 000e 8161     		str	r1, [r0, #24]
 451:../.././hal//stm32f3/stm32f3xx_hal_gpio.c **** }
 717              		.loc 1 451 1 view .LVU258
 718 0010 7047     		bx	lr
 719              		.cfi_endproc
 720              	.LFE127:
 722              		.section	.text.HAL_GPIO_LockPin,"ax",%progbits
 723              		.align	1
 724              		.global	HAL_GPIO_LockPin
 725              		.syntax unified
 726              		.thumb
 727              		.thumb_func
 728              		.fpu softvfp
 730              	HAL_GPIO_LockPin:
 731              	.LVL60:
 732              	.LFB128:
 452:../.././hal//stm32f3/stm32f3xx_hal_gpio.c **** 
 453:../.././hal//stm32f3/stm32f3xx_hal_gpio.c **** /**
 454:../.././hal//stm32f3/stm32f3xx_hal_gpio.c **** * @brief  Lock GPIO Pins configuration registers.
 455:../.././hal//stm32f3/stm32f3xx_hal_gpio.c ****   * @note   The locked registers are GPIOx_MODER, GPIOx_OTYPER, GPIOx_OSPEEDR,
 456:../.././hal//stm32f3/stm32f3xx_hal_gpio.c ****   *         GPIOx_PUPDR, GPIOx_AFRL and GPIOx_AFRH.
 457:../.././hal//stm32f3/stm32f3xx_hal_gpio.c ****   * @note   The configuration of the locked GPIO pins can no longer be modified
 458:../.././hal//stm32f3/stm32f3xx_hal_gpio.c ****   *         until the next reset.
 459:../.././hal//stm32f3/stm32f3xx_hal_gpio.c ****   * @param  GPIOx where x can be (A..F) to select the GPIO peripheral for STM32F3 family
 460:../.././hal//stm32f3/stm32f3xx_hal_gpio.c ****   * @param  GPIO_Pin specifies the port bits to be locked.
 461:../.././hal//stm32f3/stm32f3xx_hal_gpio.c ****   *         This parameter can be any combination of GPIO_PIN_x where x can be (0..15).
 462:../.././hal//stm32f3/stm32f3xx_hal_gpio.c ****   * @retval None
 463:../.././hal//stm32f3/stm32f3xx_hal_gpio.c ****   */
 464:../.././hal//stm32f3/stm32f3xx_hal_gpio.c **** HAL_StatusTypeDef HAL_GPIO_LockPin(GPIO_TypeDef* GPIOx, uint16_t GPIO_Pin)
 465:../.././hal//stm32f3/stm32f3xx_hal_gpio.c **** {
 733              		.loc 1 465 1 is_stmt 1 view -0
 734              		.cfi_startproc
 735              		@ args = 0, pretend = 0, frame = 8
 736              		@ frame_needed = 0, uses_anonymous_args = 0
 737              		@ link register save eliminated.
 466:../.././hal//stm32f3/stm32f3xx_hal_gpio.c ****   __IO uint32_t tmp = GPIO_LCKR_LCKK;
 738              		.loc 1 466 3 view .LVU260
 465:../.././hal//stm32f3/stm32f3xx_hal_gpio.c ****   __IO uint32_t tmp = GPIO_LCKR_LCKK;
 739              		.loc 1 465 1 is_stmt 0 view .LVU261
 740 0000 82B0     		sub	sp, sp, #8
 741              	.LCFI4:
 742              		.cfi_def_cfa_offset 8
 743              		.loc 1 466 17 view .LVU262
 744 0002 4FF48033 		mov	r3, #65536
 745 0006 0193     		str	r3, [sp, #4]
 467:../.././hal//stm32f3/stm32f3xx_hal_gpio.c **** 
 468:../.././hal//stm32f3/stm32f3xx_hal_gpio.c ****   /* Check the parameters */
 469:../.././hal//stm32f3/stm32f3xx_hal_gpio.c ****   assert_param(IS_GPIO_LOCK_INSTANCE(GPIOx));
 746              		.loc 1 469 3 is_stmt 1 view .LVU263
 470:../.././hal//stm32f3/stm32f3xx_hal_gpio.c ****   assert_param(IS_GPIO_PIN(GPIO_Pin));
 747              		.loc 1 470 3 view .LVU264
 471:../.././hal//stm32f3/stm32f3xx_hal_gpio.c **** 
 472:../.././hal//stm32f3/stm32f3xx_hal_gpio.c ****   /* Apply lock key write sequence */
 473:../.././hal//stm32f3/stm32f3xx_hal_gpio.c ****   tmp |= GPIO_Pin;
 748              		.loc 1 473 3 view .LVU265
 749              		.loc 1 473 7 is_stmt 0 view .LVU266
 750 0008 019B     		ldr	r3, [sp, #4]
 751 000a 0B43     		orrs	r3, r3, r1
 752 000c 0193     		str	r3, [sp, #4]
 474:../.././hal//stm32f3/stm32f3xx_hal_gpio.c ****   /* Set LCKx bit(s): LCKK='1' + LCK[15U-0] */
 475:../.././hal//stm32f3/stm32f3xx_hal_gpio.c ****   GPIOx->LCKR = tmp;
 753              		.loc 1 475 3 is_stmt 1 view .LVU267
 754              		.loc 1 475 15 is_stmt 0 view .LVU268
 755 000e 019B     		ldr	r3, [sp, #4]
 756 0010 C361     		str	r3, [r0, #28]
 476:../.././hal//stm32f3/stm32f3xx_hal_gpio.c ****   /* Reset LCKx bit(s): LCKK='0' + LCK[15U-0] */
 477:../.././hal//stm32f3/stm32f3xx_hal_gpio.c ****   GPIOx->LCKR = GPIO_Pin;
 757              		.loc 1 477 3 is_stmt 1 view .LVU269
 758              		.loc 1 477 15 is_stmt 0 view .LVU270
 759 0012 C161     		str	r1, [r0, #28]
 478:../.././hal//stm32f3/stm32f3xx_hal_gpio.c ****   /* Set LCKx bit(s): LCKK='1' + LCK[15U-0] */
 479:../.././hal//stm32f3/stm32f3xx_hal_gpio.c ****   GPIOx->LCKR = tmp;
 760              		.loc 1 479 3 is_stmt 1 view .LVU271
 761              		.loc 1 479 15 is_stmt 0 view .LVU272
 762 0014 019B     		ldr	r3, [sp, #4]
 763 0016 C361     		str	r3, [r0, #28]
 480:../.././hal//stm32f3/stm32f3xx_hal_gpio.c ****   /* Read LCKK register. This read is mandatory to complete key lock sequence */
 481:../.././hal//stm32f3/stm32f3xx_hal_gpio.c ****   tmp = GPIOx->LCKR;
 764              		.loc 1 481 3 is_stmt 1 view .LVU273
 765              		.loc 1 481 14 is_stmt 0 view .LVU274
 766 0018 C369     		ldr	r3, [r0, #28]
 767              		.loc 1 481 7 view .LVU275
 768 001a 0193     		str	r3, [sp, #4]
 482:../.././hal//stm32f3/stm32f3xx_hal_gpio.c **** 
 483:../.././hal//stm32f3/stm32f3xx_hal_gpio.c ****   /* read again in order to confirm lock is active */
 484:../.././hal//stm32f3/stm32f3xx_hal_gpio.c ****  if((GPIOx->LCKR & GPIO_LCKR_LCKK) != 0x00u)
 769              		.loc 1 484 2 is_stmt 1 view .LVU276
 770              		.loc 1 484 11 is_stmt 0 view .LVU277
 771 001c C069     		ldr	r0, [r0, #28]
 772              	.LVL61:
 773              		.loc 1 484 4 view .LVU278
 774 001e 80F48030 		eor	r0, r0, #65536
 485:../.././hal//stm32f3/stm32f3xx_hal_gpio.c ****   {
 486:../.././hal//stm32f3/stm32f3xx_hal_gpio.c ****     return HAL_OK;
 487:../.././hal//stm32f3/stm32f3xx_hal_gpio.c ****   }
 488:../.././hal//stm32f3/stm32f3xx_hal_gpio.c ****   else
 489:../.././hal//stm32f3/stm32f3xx_hal_gpio.c ****   {
 490:../.././hal//stm32f3/stm32f3xx_hal_gpio.c ****     return HAL_ERROR;
 491:../.././hal//stm32f3/stm32f3xx_hal_gpio.c ****   }
 492:../.././hal//stm32f3/stm32f3xx_hal_gpio.c **** }
 775              		.loc 1 492 1 view .LVU279
 776 0022 C0F30040 		ubfx	r0, r0, #16, #1
 777 0026 02B0     		add	sp, sp, #8
 778              	.LCFI5:
 779              		.cfi_def_cfa_offset 0
 780              		@ sp needed
 781 0028 7047     		bx	lr
 782              		.cfi_endproc
 783              	.LFE128:
 785              		.section	.text.HAL_GPIO_EXTI_Callback,"ax",%progbits
 786              		.align	1
 787              		.weak	HAL_GPIO_EXTI_Callback
 788              		.syntax unified
 789              		.thumb
 790              		.thumb_func
 791              		.fpu softvfp
 793              	HAL_GPIO_EXTI_Callback:
 794              	.LVL62:
 795              	.LFB130:
 493:../.././hal//stm32f3/stm32f3xx_hal_gpio.c **** 
 494:../.././hal//stm32f3/stm32f3xx_hal_gpio.c **** /**
 495:../.././hal//stm32f3/stm32f3xx_hal_gpio.c ****   * @brief  Handle EXTI interrupt request.
 496:../.././hal//stm32f3/stm32f3xx_hal_gpio.c ****   * @param  GPIO_Pin Specifies the port pin connected to corresponding EXTI line.
 497:../.././hal//stm32f3/stm32f3xx_hal_gpio.c ****   * @retval None
 498:../.././hal//stm32f3/stm32f3xx_hal_gpio.c ****   */
 499:../.././hal//stm32f3/stm32f3xx_hal_gpio.c **** void HAL_GPIO_EXTI_IRQHandler(uint16_t GPIO_Pin)
 500:../.././hal//stm32f3/stm32f3xx_hal_gpio.c **** {
 501:../.././hal//stm32f3/stm32f3xx_hal_gpio.c ****   /* EXTI line interrupt detected */
 502:../.././hal//stm32f3/stm32f3xx_hal_gpio.c ****   if(__HAL_GPIO_EXTI_GET_IT(GPIO_Pin) != 0x00u)
 503:../.././hal//stm32f3/stm32f3xx_hal_gpio.c ****   {
 504:../.././hal//stm32f3/stm32f3xx_hal_gpio.c ****     __HAL_GPIO_EXTI_CLEAR_IT(GPIO_Pin);
 505:../.././hal//stm32f3/stm32f3xx_hal_gpio.c ****     HAL_GPIO_EXTI_Callback(GPIO_Pin);
 506:../.././hal//stm32f3/stm32f3xx_hal_gpio.c ****   }
 507:../.././hal//stm32f3/stm32f3xx_hal_gpio.c **** }
 508:../.././hal//stm32f3/stm32f3xx_hal_gpio.c **** 
 509:../.././hal//stm32f3/stm32f3xx_hal_gpio.c **** /**
 510:../.././hal//stm32f3/stm32f3xx_hal_gpio.c ****   * @brief  EXTI line detection callback.
 511:../.././hal//stm32f3/stm32f3xx_hal_gpio.c ****   * @param  GPIO_Pin Specifies the port pin connected to corresponding EXTI line.
 512:../.././hal//stm32f3/stm32f3xx_hal_gpio.c ****   * @retval None
 513:../.././hal//stm32f3/stm32f3xx_hal_gpio.c ****   */
 514:../.././hal//stm32f3/stm32f3xx_hal_gpio.c **** __weak void HAL_GPIO_EXTI_Callback(uint16_t GPIO_Pin)
 515:../.././hal//stm32f3/stm32f3xx_hal_gpio.c **** {
 796              		.loc 1 515 1 is_stmt 1 view -0
 797              		.cfi_startproc
 798              		@ args = 0, pretend = 0, frame = 0
 799              		@ frame_needed = 0, uses_anonymous_args = 0
 800              		@ link register save eliminated.
 516:../.././hal//stm32f3/stm32f3xx_hal_gpio.c ****   /* Prevent unused argument(s) compilation warning */
 517:../.././hal//stm32f3/stm32f3xx_hal_gpio.c ****   UNUSED(GPIO_Pin);
 801              		.loc 1 517 3 view .LVU281
 518:../.././hal//stm32f3/stm32f3xx_hal_gpio.c **** 
 519:../.././hal//stm32f3/stm32f3xx_hal_gpio.c ****   /* NOTE: This function should not be modified, when the callback is needed,
 520:../.././hal//stm32f3/stm32f3xx_hal_gpio.c ****            the HAL_GPIO_EXTI_Callback could be implemented in the user file
 521:../.././hal//stm32f3/stm32f3xx_hal_gpio.c ****    */
 522:../.././hal//stm32f3/stm32f3xx_hal_gpio.c **** }
 802              		.loc 1 522 1 is_stmt 0 view .LVU282
 803 0000 7047     		bx	lr
 804              		.cfi_endproc
 805              	.LFE130:
 807              		.section	.text.HAL_GPIO_EXTI_IRQHandler,"ax",%progbits
 808              		.align	1
 809              		.global	HAL_GPIO_EXTI_IRQHandler
 810              		.syntax unified
 811              		.thumb
 812              		.thumb_func
 813              		.fpu softvfp
 815              	HAL_GPIO_EXTI_IRQHandler:
 816              	.LVL63:
 817              	.LFB129:
 500:../.././hal//stm32f3/stm32f3xx_hal_gpio.c ****   /* EXTI line interrupt detected */
 818              		.loc 1 500 1 is_stmt 1 view -0
 819              		.cfi_startproc
 820              		@ args = 0, pretend = 0, frame = 0
 821              		@ frame_needed = 0, uses_anonymous_args = 0
 502:../.././hal//stm32f3/stm32f3xx_hal_gpio.c ****   {
 822              		.loc 1 502 3 view .LVU284
 502:../.././hal//stm32f3/stm32f3xx_hal_gpio.c ****   {
 823              		.loc 1 502 6 is_stmt 0 view .LVU285
 824 0000 044A     		ldr	r2, .L58
 825 0002 5169     		ldr	r1, [r2, #20]
 502:../.././hal//stm32f3/stm32f3xx_hal_gpio.c ****   {
 826              		.loc 1 502 5 view .LVU286
 827 0004 0142     		tst	r1, r0
 500:../.././hal//stm32f3/stm32f3xx_hal_gpio.c ****   /* EXTI line interrupt detected */
 828              		.loc 1 500 1 view .LVU287
 829 0006 08B5     		push	{r3, lr}
 830              	.LCFI6:
 831              		.cfi_def_cfa_offset 8
 832              		.cfi_offset 3, -8
 833              		.cfi_offset 14, -4
 502:../.././hal//stm32f3/stm32f3xx_hal_gpio.c ****   {
 834              		.loc 1 502 5 view .LVU288
 835 0008 02D0     		beq	.L53
 504:../.././hal//stm32f3/stm32f3xx_hal_gpio.c ****     HAL_GPIO_EXTI_Callback(GPIO_Pin);
 836              		.loc 1 504 5 is_stmt 1 view .LVU289
 837 000a 5061     		str	r0, [r2, #20]
 505:../.././hal//stm32f3/stm32f3xx_hal_gpio.c ****   }
 838              		.loc 1 505 5 view .LVU290
 839 000c FFF7FEFF 		bl	HAL_GPIO_EXTI_Callback
 840              	.LVL64:
 841              	.L53:
 507:../.././hal//stm32f3/stm32f3xx_hal_gpio.c **** 
 842              		.loc 1 507 1 is_stmt 0 view .LVU291
 843 0010 08BD     		pop	{r3, pc}
 844              	.L59:
 845 0012 00BF     		.align	2
 846              	.L58:
 847 0014 00040140 		.word	1073808384
 848              		.cfi_endproc
 849              	.LFE129:
 851              		.text
 852              	.Letext0:
 853              		.file 2 "/usr/lib/gcc/arm-none-eabi/9.2.1/include/stdint.h"
 854              		.file 3 "../.././hal//stm32f3/CMSIS/core/core_cm4.h"
 855              		.file 4 "../.././hal//stm32f3/CMSIS/device/system_stm32f3xx.h"
 856              		.file 5 "../.././hal//stm32f3/CMSIS/device/stm32f303xc.h"
 857              		.file 6 "../.././hal//stm32f3/stm32f3xx_hal_def.h"
 858              		.file 7 "../.././hal//stm32f3/stm32f3xx_hal_gpio.h"
 859              		.file 8 "../.././hal//stm32f3/stm32f3xx_hal.h"
DEFINED SYMBOLS
                            *ABS*:0000000000000000 stm32f3xx_hal_gpio.c
     /tmp/ccZ2BQ4l.s:16     .text.HAL_GPIO_Init:0000000000000000 $t
     /tmp/ccZ2BQ4l.s:24     .text.HAL_GPIO_Init:0000000000000000 HAL_GPIO_Init
     /tmp/ccZ2BQ4l.s:403    .text.HAL_GPIO_Init:0000000000000180 $d
     /tmp/ccZ2BQ4l.s:410    .text.HAL_GPIO_DeInit:0000000000000000 $t
     /tmp/ccZ2BQ4l.s:417    .text.HAL_GPIO_DeInit:0000000000000000 HAL_GPIO_DeInit
     /tmp/ccZ2BQ4l.s:611    .text.HAL_GPIO_DeInit:00000000000000ec $d
     /tmp/ccZ2BQ4l.s:617    .text.HAL_GPIO_ReadPin:0000000000000000 $t
     /tmp/ccZ2BQ4l.s:624    .text.HAL_GPIO_ReadPin:0000000000000000 HAL_GPIO_ReadPin
     /tmp/ccZ2BQ4l.s:652    .text.HAL_GPIO_WritePin:0000000000000000 $t
     /tmp/ccZ2BQ4l.s:659    .text.HAL_GPIO_WritePin:0000000000000000 HAL_GPIO_WritePin
     /tmp/ccZ2BQ4l.s:686    .text.HAL_GPIO_TogglePin:0000000000000000 $t
     /tmp/ccZ2BQ4l.s:693    .text.HAL_GPIO_TogglePin:0000000000000000 HAL_GPIO_TogglePin
     /tmp/ccZ2BQ4l.s:723    .text.HAL_GPIO_LockPin:0000000000000000 $t
     /tmp/ccZ2BQ4l.s:730    .text.HAL_GPIO_LockPin:0000000000000000 HAL_GPIO_LockPin
     /tmp/ccZ2BQ4l.s:786    .text.HAL_GPIO_EXTI_Callback:0000000000000000 $t
     /tmp/ccZ2BQ4l.s:793    .text.HAL_GPIO_EXTI_Callback:0000000000000000 HAL_GPIO_EXTI_Callback
     /tmp/ccZ2BQ4l.s:808    .text.HAL_GPIO_EXTI_IRQHandler:0000000000000000 $t
     /tmp/ccZ2BQ4l.s:815    .text.HAL_GPIO_EXTI_IRQHandler:0000000000000000 HAL_GPIO_EXTI_IRQHandler
     /tmp/ccZ2BQ4l.s:847    .text.HAL_GPIO_EXTI_IRQHandler:0000000000000014 $d

NO UNDEFINED SYMBOLS
