   1              		.cpu cortex-m4
   2              		.eabi_attribute 20, 1
   3              		.eabi_attribute 21, 1
   4              		.eabi_attribute 23, 3
   5              		.eabi_attribute 24, 1
   6              		.eabi_attribute 25, 1
   7              		.eabi_attribute 26, 1
   8              		.eabi_attribute 30, 4
   9              		.eabi_attribute 34, 1
  10              		.eabi_attribute 18, 4
  11              		.file	"stm32f3xx_hal_msp.c"
  12              		.text
  13              	.Ltext0:
  14              		.cfi_sections	.debug_frame
  15              		.section	.text.HAL_MspInit,"ax",%progbits
  16              		.align	1
  17              		.global	HAL_MspInit
  18              		.arch armv7e-m
  19              		.syntax unified
  20              		.thumb
  21              		.thumb_func
  22              		.fpu softvfp
  24              	HAL_MspInit:
  25              	.LFB123:
  26              		.file 1 "../.././hal//stm32f3/stm32f3xx_hal_msp.c"
   1:../.././hal//stm32f3/stm32f3xx_hal_msp.c **** /* USER CODE BEGIN Header */
   2:../.././hal//stm32f3/stm32f3xx_hal_msp.c **** /**
   3:../.././hal//stm32f3/stm32f3xx_hal_msp.c ****   ******************************************************************************
   4:../.././hal//stm32f3/stm32f3xx_hal_msp.c ****   * @file         stm32f3xx_hal_msp.c
   5:../.././hal//stm32f3/stm32f3xx_hal_msp.c ****   * @brief        This file provides code for the MSP Initialization
   6:../.././hal//stm32f3/stm32f3xx_hal_msp.c ****   *               and de-Initialization codes.
   7:../.././hal//stm32f3/stm32f3xx_hal_msp.c ****   ******************************************************************************
   8:../.././hal//stm32f3/stm32f3xx_hal_msp.c ****   * @attention
   9:../.././hal//stm32f3/stm32f3xx_hal_msp.c ****   *
  10:../.././hal//stm32f3/stm32f3xx_hal_msp.c ****   * Copyright (c) 2025 STMicroelectronics.
  11:../.././hal//stm32f3/stm32f3xx_hal_msp.c ****   * All rights reserved.
  12:../.././hal//stm32f3/stm32f3xx_hal_msp.c ****   *
  13:../.././hal//stm32f3/stm32f3xx_hal_msp.c ****   * This software is licensed under terms that can be found in the LICENSE file
  14:../.././hal//stm32f3/stm32f3xx_hal_msp.c ****   * in the root directory of this software component.
  15:../.././hal//stm32f3/stm32f3xx_hal_msp.c ****   * If no LICENSE file comes with this software, it is provided AS-IS.
  16:../.././hal//stm32f3/stm32f3xx_hal_msp.c ****   *
  17:../.././hal//stm32f3/stm32f3xx_hal_msp.c ****   ******************************************************************************
  18:../.././hal//stm32f3/stm32f3xx_hal_msp.c ****   */
  19:../.././hal//stm32f3/stm32f3xx_hal_msp.c **** /* USER CODE END Header */
  20:../.././hal//stm32f3/stm32f3xx_hal_msp.c **** 
  21:../.././hal//stm32f3/stm32f3xx_hal_msp.c **** /* Includes ------------------------------------------------------------------*/
  22:../.././hal//stm32f3/stm32f3xx_hal_msp.c **** #include "main.h"
  23:../.././hal//stm32f3/stm32f3xx_hal_msp.c **** /* USER CODE BEGIN Includes */
  24:../.././hal//stm32f3/stm32f3xx_hal_msp.c **** 
  25:../.././hal//stm32f3/stm32f3xx_hal_msp.c **** /* USER CODE END Includes */
  26:../.././hal//stm32f3/stm32f3xx_hal_msp.c **** 
  27:../.././hal//stm32f3/stm32f3xx_hal_msp.c **** /* Private typedef -----------------------------------------------------------*/
  28:../.././hal//stm32f3/stm32f3xx_hal_msp.c **** /* USER CODE BEGIN TD */
  29:../.././hal//stm32f3/stm32f3xx_hal_msp.c **** 
  30:../.././hal//stm32f3/stm32f3xx_hal_msp.c **** /* USER CODE END TD */
  31:../.././hal//stm32f3/stm32f3xx_hal_msp.c **** 
  32:../.././hal//stm32f3/stm32f3xx_hal_msp.c **** /* Private define ------------------------------------------------------------*/
  33:../.././hal//stm32f3/stm32f3xx_hal_msp.c **** /* USER CODE BEGIN Define */
  34:../.././hal//stm32f3/stm32f3xx_hal_msp.c **** 
  35:../.././hal//stm32f3/stm32f3xx_hal_msp.c **** /* USER CODE END Define */
  36:../.././hal//stm32f3/stm32f3xx_hal_msp.c **** 
  37:../.././hal//stm32f3/stm32f3xx_hal_msp.c **** /* Private macro -------------------------------------------------------------*/
  38:../.././hal//stm32f3/stm32f3xx_hal_msp.c **** /* USER CODE BEGIN Macro */
  39:../.././hal//stm32f3/stm32f3xx_hal_msp.c **** 
  40:../.././hal//stm32f3/stm32f3xx_hal_msp.c **** /* USER CODE END Macro */
  41:../.././hal//stm32f3/stm32f3xx_hal_msp.c **** 
  42:../.././hal//stm32f3/stm32f3xx_hal_msp.c **** /* Private variables ---------------------------------------------------------*/
  43:../.././hal//stm32f3/stm32f3xx_hal_msp.c **** /* USER CODE BEGIN PV */
  44:../.././hal//stm32f3/stm32f3xx_hal_msp.c **** 
  45:../.././hal//stm32f3/stm32f3xx_hal_msp.c **** /* USER CODE END PV */
  46:../.././hal//stm32f3/stm32f3xx_hal_msp.c **** 
  47:../.././hal//stm32f3/stm32f3xx_hal_msp.c **** /* Private function prototypes -----------------------------------------------*/
  48:../.././hal//stm32f3/stm32f3xx_hal_msp.c **** /* USER CODE BEGIN PFP */
  49:../.././hal//stm32f3/stm32f3xx_hal_msp.c **** 
  50:../.././hal//stm32f3/stm32f3xx_hal_msp.c **** /* USER CODE END PFP */
  51:../.././hal//stm32f3/stm32f3xx_hal_msp.c **** 
  52:../.././hal//stm32f3/stm32f3xx_hal_msp.c **** /* External functions --------------------------------------------------------*/
  53:../.././hal//stm32f3/stm32f3xx_hal_msp.c **** /* USER CODE BEGIN ExternalFunctions */
  54:../.././hal//stm32f3/stm32f3xx_hal_msp.c **** 
  55:../.././hal//stm32f3/stm32f3xx_hal_msp.c **** /* USER CODE END ExternalFunctions */
  56:../.././hal//stm32f3/stm32f3xx_hal_msp.c **** 
  57:../.././hal//stm32f3/stm32f3xx_hal_msp.c **** /* USER CODE BEGIN 0 */
  58:../.././hal//stm32f3/stm32f3xx_hal_msp.c **** 
  59:../.././hal//stm32f3/stm32f3xx_hal_msp.c **** /* USER CODE END 0 */
  60:../.././hal//stm32f3/stm32f3xx_hal_msp.c **** /**
  61:../.././hal//stm32f3/stm32f3xx_hal_msp.c ****   * Initializes the Global MSP.
  62:../.././hal//stm32f3/stm32f3xx_hal_msp.c ****   */
  63:../.././hal//stm32f3/stm32f3xx_hal_msp.c **** void HAL_MspInit(void)
  64:../.././hal//stm32f3/stm32f3xx_hal_msp.c **** {
  27              		.loc 1 64 1 view -0
  28              		.cfi_startproc
  29              		@ args = 0, pretend = 0, frame = 8
  30              		@ frame_needed = 0, uses_anonymous_args = 0
  31              		@ link register save eliminated.
  65:../.././hal//stm32f3/stm32f3xx_hal_msp.c **** 
  66:../.././hal//stm32f3/stm32f3xx_hal_msp.c ****   /* USER CODE BEGIN MspInit 0 */
  67:../.././hal//stm32f3/stm32f3xx_hal_msp.c **** 
  68:../.././hal//stm32f3/stm32f3xx_hal_msp.c ****   /* USER CODE END MspInit 0 */
  69:../.././hal//stm32f3/stm32f3xx_hal_msp.c **** 
  70:../.././hal//stm32f3/stm32f3xx_hal_msp.c ****   __HAL_RCC_SYSCFG_CLK_ENABLE();
  32              		.loc 1 70 3 view .LVU1
  33              	.LBB2:
  34              		.loc 1 70 3 view .LVU2
  35              		.loc 1 70 3 view .LVU3
  36 0000 0A4B     		ldr	r3, .L2
  37 0002 9A69     		ldr	r2, [r3, #24]
  38 0004 42F00102 		orr	r2, r2, #1
  39 0008 9A61     		str	r2, [r3, #24]
  40              		.loc 1 70 3 view .LVU4
  41 000a 9A69     		ldr	r2, [r3, #24]
  42              	.LBE2:
  64:../.././hal//stm32f3/stm32f3xx_hal_msp.c **** 
  43              		.loc 1 64 1 is_stmt 0 view .LVU5
  44 000c 82B0     		sub	sp, sp, #8
  45              	.LCFI0:
  46              		.cfi_def_cfa_offset 8
  47              	.LBB3:
  48              		.loc 1 70 3 view .LVU6
  49 000e 02F00102 		and	r2, r2, #1
  50 0012 0092     		str	r2, [sp]
  51              		.loc 1 70 3 is_stmt 1 view .LVU7
  52 0014 009A     		ldr	r2, [sp]
  53              	.LBE3:
  54              		.loc 1 70 3 view .LVU8
  71:../.././hal//stm32f3/stm32f3xx_hal_msp.c ****   __HAL_RCC_PWR_CLK_ENABLE();
  55              		.loc 1 71 3 view .LVU9
  56              	.LBB4:
  57              		.loc 1 71 3 view .LVU10
  58              		.loc 1 71 3 view .LVU11
  59 0016 DA69     		ldr	r2, [r3, #28]
  60 0018 42F08052 		orr	r2, r2, #268435456
  61 001c DA61     		str	r2, [r3, #28]
  62              		.loc 1 71 3 view .LVU12
  63 001e DB69     		ldr	r3, [r3, #28]
  64 0020 03F08053 		and	r3, r3, #268435456
  65 0024 0193     		str	r3, [sp, #4]
  66              		.loc 1 71 3 view .LVU13
  67 0026 019B     		ldr	r3, [sp, #4]
  68              	.LBE4:
  69              		.loc 1 71 3 view .LVU14
  72:../.././hal//stm32f3/stm32f3xx_hal_msp.c **** 
  73:../.././hal//stm32f3/stm32f3xx_hal_msp.c ****   /* System interrupt init*/
  74:../.././hal//stm32f3/stm32f3xx_hal_msp.c **** 
  75:../.././hal//stm32f3/stm32f3xx_hal_msp.c ****   /* USER CODE BEGIN MspInit 1 */
  76:../.././hal//stm32f3/stm32f3xx_hal_msp.c **** 
  77:../.././hal//stm32f3/stm32f3xx_hal_msp.c ****   /* USER CODE END MspInit 1 */
  78:../.././hal//stm32f3/stm32f3xx_hal_msp.c **** }
  70              		.loc 1 78 1 is_stmt 0 view .LVU15
  71 0028 02B0     		add	sp, sp, #8
  72              	.LCFI1:
  73              		.cfi_def_cfa_offset 0
  74              		@ sp needed
  75 002a 7047     		bx	lr
  76              	.L3:
  77              		.align	2
  78              	.L2:
  79 002c 00100240 		.word	1073876992
  80              		.cfi_endproc
  81              	.LFE123:
  83              		.text
  84              	.Letext0:
  85              		.file 2 "/usr/lib/gcc/arm-none-eabi/9.2.1/include/stdint.h"
  86              		.file 3 "../.././hal//stm32f3/CMSIS/core/core_cm4.h"
  87              		.file 4 "../.././hal//stm32f3/CMSIS/device/system_stm32f3xx.h"
  88              		.file 5 "../.././hal//stm32f3/CMSIS/device/stm32f303xc.h"
  89              		.file 6 "../.././hal//stm32f3/stm32f3xx_hal.h"
DEFINED SYMBOLS
                            *ABS*:0000000000000000 stm32f3xx_hal_msp.c
     /tmp/ccGdXPi3.s:16     .text.HAL_MspInit:0000000000000000 $t
     /tmp/ccGdXPi3.s:24     .text.HAL_MspInit:0000000000000000 HAL_MspInit
     /tmp/ccGdXPi3.s:79     .text.HAL_MspInit:000000000000002c $d

NO UNDEFINED SYMBOLS
