   1              		.cpu cortex-m4
   2              		.eabi_attribute 20, 1
   3              		.eabi_attribute 21, 1
   4              		.eabi_attribute 23, 3
   5              		.eabi_attribute 24, 1
   6              		.eabi_attribute 25, 1
   7              		.eabi_attribute 26, 1
   8              		.eabi_attribute 30, 4
   9              		.eabi_attribute 34, 1
  10              		.eabi_attribute 18, 4
  11              		.file	"simpleserial.c"
  12              		.text
  13              	.Ltext0:
  14              		.cfi_sections	.debug_frame
  15              		.section	.text.check_version,"ax",%progbits
  16              		.align	1
  17              		.global	check_version
  18              		.arch armv7e-m
  19              		.syntax unified
  20              		.thumb
  21              		.thumb_func
  22              		.fpu softvfp
  24              	check_version:
  25              	.LVL0:
  26              	.LFB1:
  27              		.file 1 ".././simpleserial/simpleserial.c"
   1:.././simpleserial/simpleserial.c **** // simpleserial.c
   2:.././simpleserial/simpleserial.c **** 
   3:.././simpleserial/simpleserial.c **** #include "simpleserial.h"
   4:.././simpleserial/simpleserial.c **** #include <stdint.h>
   5:.././simpleserial/simpleserial.c **** #include "hal.h"
   6:.././simpleserial/simpleserial.c **** 
   7:.././simpleserial/simpleserial.c **** 
   8:.././simpleserial/simpleserial.c **** #define MAX_SS_CMDS 16
   9:.././simpleserial/simpleserial.c **** static int num_commands = 0;
  10:.././simpleserial/simpleserial.c **** 
  11:.././simpleserial/simpleserial.c **** #define MAX_SS_LEN 256
  12:.././simpleserial/simpleserial.c **** 
  13:.././simpleserial/simpleserial.c **** //#define SS_VER_1_0 0
  14:.././simpleserial/simpleserial.c **** //#define SS_VER_1_1 1
  15:.././simpleserial/simpleserial.c **** //#define SS_VER_2_0 2
  16:.././simpleserial/simpleserial.c **** 
  17:.././simpleserial/simpleserial.c **** 
  18:.././simpleserial/simpleserial.c **** // 0xA6 formerly 
  19:.././simpleserial/simpleserial.c **** #define CW_CRC 0x4D 
  20:.././simpleserial/simpleserial.c **** uint8_t ss_crc(uint8_t *buf, uint8_t len)
  21:.././simpleserial/simpleserial.c **** {
  22:.././simpleserial/simpleserial.c **** 	unsigned int k = 0;
  23:.././simpleserial/simpleserial.c **** 	uint8_t crc = 0x00;
  24:.././simpleserial/simpleserial.c **** 	while (len--) {
  25:.././simpleserial/simpleserial.c **** 		crc ^= *buf++;
  26:.././simpleserial/simpleserial.c **** 		for (k = 0; k < 8; k++) {
  27:.././simpleserial/simpleserial.c **** 			crc = crc & 0x80 ? (crc << 1) ^ CW_CRC: crc << 1;
  28:.././simpleserial/simpleserial.c **** 		}
  29:.././simpleserial/simpleserial.c **** 	}
  30:.././simpleserial/simpleserial.c **** 	return crc;
  31:.././simpleserial/simpleserial.c **** 
  32:.././simpleserial/simpleserial.c **** }
  33:.././simpleserial/simpleserial.c **** 
  34:.././simpleserial/simpleserial.c **** // [B_STUFF, CMD, SCMD, LEN, B_STUFF, DATA..., CRC, TERM]
  35:.././simpleserial/simpleserial.c **** 
  36:.././simpleserial/simpleserial.c **** //#define SS_VER SS_VER_2_0
  37:.././simpleserial/simpleserial.c **** #if SS_VER == SS_VER_2_0
  38:.././simpleserial/simpleserial.c **** #error "SS_VER_2_0 is deprecated! Use SS_VER_2_1 instead."
  39:.././simpleserial/simpleserial.c **** #elif SS_VER == SS_VER_2_1
  40:.././simpleserial/simpleserial.c **** 
  41:.././simpleserial/simpleserial.c **** int hex_decode(int len, char* ascii_buf, uint8_t* data_buf)
  42:.././simpleserial/simpleserial.c **** {
  43:.././simpleserial/simpleserial.c **** 	for(int i = 0; i < len; i++)
  44:.././simpleserial/simpleserial.c **** 	{
  45:.././simpleserial/simpleserial.c **** 		char n_hi = ascii_buf[2*i];
  46:.././simpleserial/simpleserial.c **** 		char n_lo = ascii_buf[2*i+1];
  47:.././simpleserial/simpleserial.c **** 
  48:.././simpleserial/simpleserial.c **** 		if(n_lo >= '0' && n_lo <= '9')
  49:.././simpleserial/simpleserial.c **** 			data_buf[i] = n_lo - '0';
  50:.././simpleserial/simpleserial.c **** 		else if(n_lo >= 'A' && n_lo <= 'F')
  51:.././simpleserial/simpleserial.c **** 			data_buf[i] = n_lo - 'A' + 10;
  52:.././simpleserial/simpleserial.c **** 		else if(n_lo >= 'a' && n_lo <= 'f')
  53:.././simpleserial/simpleserial.c **** 			data_buf[i] = n_lo - 'a' + 10;
  54:.././simpleserial/simpleserial.c **** 		else
  55:.././simpleserial/simpleserial.c **** 			return 1;
  56:.././simpleserial/simpleserial.c **** 
  57:.././simpleserial/simpleserial.c **** 		if(n_hi >= '0' && n_hi <= '9')
  58:.././simpleserial/simpleserial.c **** 			data_buf[i] |= (n_hi - '0') << 4;
  59:.././simpleserial/simpleserial.c **** 		else if(n_hi >= 'A' && n_hi <= 'F')
  60:.././simpleserial/simpleserial.c **** 			data_buf[i] |= (n_hi - 'A' + 10) << 4;
  61:.././simpleserial/simpleserial.c **** 		else if(n_hi >= 'a' && n_hi <= 'f')
  62:.././simpleserial/simpleserial.c **** 			data_buf[i] |= (n_hi - 'a' + 10) << 4;
  63:.././simpleserial/simpleserial.c **** 		else
  64:.././simpleserial/simpleserial.c **** 			return 1;
  65:.././simpleserial/simpleserial.c **** 	}
  66:.././simpleserial/simpleserial.c **** 
  67:.././simpleserial/simpleserial.c **** 	return 0;
  68:.././simpleserial/simpleserial.c **** }
  69:.././simpleserial/simpleserial.c **** 
  70:.././simpleserial/simpleserial.c **** typedef struct ss_cmd
  71:.././simpleserial/simpleserial.c **** {
  72:.././simpleserial/simpleserial.c **** 	char c;
  73:.././simpleserial/simpleserial.c **** 	unsigned int len;
  74:.././simpleserial/simpleserial.c **** 	uint8_t (*fp)(uint8_t, uint8_t, uint8_t, uint8_t *);
  75:.././simpleserial/simpleserial.c **** } ss_cmd;
  76:.././simpleserial/simpleserial.c **** static ss_cmd commands[MAX_SS_CMDS];
  77:.././simpleserial/simpleserial.c **** 
  78:.././simpleserial/simpleserial.c **** void ss_puts(char *x)
  79:.././simpleserial/simpleserial.c **** {
  80:.././simpleserial/simpleserial.c **** 	do {
  81:.././simpleserial/simpleserial.c **** 		putch(*x);
  82:.././simpleserial/simpleserial.c **** 	} while (*++x);
  83:.././simpleserial/simpleserial.c **** }
  84:.././simpleserial/simpleserial.c **** 
  85:.././simpleserial/simpleserial.c **** #define FRAME_BYTE 0x00
  86:.././simpleserial/simpleserial.c **** 
  87:.././simpleserial/simpleserial.c **** uint8_t check_version(uint8_t cmd, uint8_t scmd, uint8_t len, uint8_t *data)
  88:.././simpleserial/simpleserial.c **** {
  89:.././simpleserial/simpleserial.c **** 	uint8_t ver = SS_VER;
  90:.././simpleserial/simpleserial.c **** 	simpleserial_put('r', 1, &ver);
  91:.././simpleserial/simpleserial.c **** 	return SS_ERR_OK;
  92:.././simpleserial/simpleserial.c **** }
  93:.././simpleserial/simpleserial.c **** 
  94:.././simpleserial/simpleserial.c **** uint8_t ss_get_commands(uint8_t cmd, uint8_t scmd, uint8_t len, uint8_t *data)
  95:.././simpleserial/simpleserial.c **** {
  96:.././simpleserial/simpleserial.c ****     uint8_t cmd_chars[MAX_SS_CMDS];
  97:.././simpleserial/simpleserial.c ****     for (uint8_t i = 0; i < (num_commands & 0xFF); i++) {
  98:.././simpleserial/simpleserial.c ****         cmd_chars[i] = commands[i].c;
  99:.././simpleserial/simpleserial.c ****     }
 100:.././simpleserial/simpleserial.c **** 
 101:.././simpleserial/simpleserial.c ****     simpleserial_put('r', num_commands & 0xFF, (void *)cmd_chars);
 102:.././simpleserial/simpleserial.c ****     return 0x00;
 103:.././simpleserial/simpleserial.c **** 
 104:.././simpleserial/simpleserial.c **** }
 105:.././simpleserial/simpleserial.c **** 
 106:.././simpleserial/simpleserial.c **** uint8_t stuff_data(uint8_t *buf, uint8_t len)
 107:.././simpleserial/simpleserial.c **** {
 108:.././simpleserial/simpleserial.c **** 	uint8_t i = 1;
 109:.././simpleserial/simpleserial.c **** 	uint8_t last = 0;
 110:.././simpleserial/simpleserial.c **** 	for (; i < len; i++) {
 111:.././simpleserial/simpleserial.c **** 		if (buf[i] == FRAME_BYTE) {
 112:.././simpleserial/simpleserial.c **** 			buf[last] = i - last;
 113:.././simpleserial/simpleserial.c **** 			last = i;
 114:.././simpleserial/simpleserial.c **** 		}
 115:.././simpleserial/simpleserial.c **** 	}
 116:.././simpleserial/simpleserial.c **** 	return 0x00;
 117:.././simpleserial/simpleserial.c **** }
 118:.././simpleserial/simpleserial.c **** 
 119:.././simpleserial/simpleserial.c **** uint8_t unstuff_data(uint8_t *buf, uint8_t len)
 120:.././simpleserial/simpleserial.c **** {
 121:.././simpleserial/simpleserial.c **** 	uint8_t next = buf[0];
 122:.././simpleserial/simpleserial.c **** 	buf[0] = 0x00;
 123:.././simpleserial/simpleserial.c **** 	//len -= 1;
 124:.././simpleserial/simpleserial.c **** 	uint8_t tmp = next;
 125:.././simpleserial/simpleserial.c **** 	while ((next < len) && tmp != 0) {
 126:.././simpleserial/simpleserial.c **** 		tmp = buf[next];
 127:.././simpleserial/simpleserial.c **** 		buf[next] = FRAME_BYTE;
 128:.././simpleserial/simpleserial.c **** 		next += tmp;
 129:.././simpleserial/simpleserial.c **** 	}
 130:.././simpleserial/simpleserial.c **** 	return next;
 131:.././simpleserial/simpleserial.c **** }
 132:.././simpleserial/simpleserial.c **** 
 133:.././simpleserial/simpleserial.c **** // Set up the SimpleSerial module by preparing internal commands
 134:.././simpleserial/simpleserial.c **** // This just adds the "v" command for now...
 135:.././simpleserial/simpleserial.c **** void simpleserial_init()
 136:.././simpleserial/simpleserial.c **** {
 137:.././simpleserial/simpleserial.c **** 	simpleserial_addcmd('v', 0, check_version);
 138:.././simpleserial/simpleserial.c ****     simpleserial_addcmd('w', 0, ss_get_commands);
 139:.././simpleserial/simpleserial.c **** }
 140:.././simpleserial/simpleserial.c **** 
 141:.././simpleserial/simpleserial.c **** int simpleserial_addcmd(char c, unsigned int len, uint8_t (*fp)(uint8_t, uint8_t, uint8_t, uint8_t*
 142:.././simpleserial/simpleserial.c **** {
 143:.././simpleserial/simpleserial.c **** 	if(num_commands >= MAX_SS_CMDS) {
 144:.././simpleserial/simpleserial.c **** 		putch('a');
 145:.././simpleserial/simpleserial.c **** 		return 1;
 146:.././simpleserial/simpleserial.c **** 	}
 147:.././simpleserial/simpleserial.c **** 
 148:.././simpleserial/simpleserial.c **** 	if(len >= MAX_SS_LEN) {
 149:.././simpleserial/simpleserial.c **** 		putch('b');
 150:.././simpleserial/simpleserial.c **** 		return 1;
 151:.././simpleserial/simpleserial.c **** 	}
 152:.././simpleserial/simpleserial.c **** 
 153:.././simpleserial/simpleserial.c **** 	commands[num_commands].c   = c;
 154:.././simpleserial/simpleserial.c **** 	commands[num_commands].len = len;
 155:.././simpleserial/simpleserial.c **** 	commands[num_commands].fp  = fp;
 156:.././simpleserial/simpleserial.c **** 	num_commands++;
 157:.././simpleserial/simpleserial.c **** 
 158:.././simpleserial/simpleserial.c **** 	return 0;
 159:.././simpleserial/simpleserial.c **** }
 160:.././simpleserial/simpleserial.c **** 
 161:.././simpleserial/simpleserial.c **** void simpleserial_get(void)
 162:.././simpleserial/simpleserial.c **** {
 163:.././simpleserial/simpleserial.c **** 	uint8_t data_buf[MAX_SS_LEN];
 164:.././simpleserial/simpleserial.c **** 	uint8_t err = 0;
 165:.././simpleserial/simpleserial.c **** 
 166:.././simpleserial/simpleserial.c **** 	for (int i = 0; i < 4; i++) {
 167:.././simpleserial/simpleserial.c **** 		data_buf[i] = getch(); //PTR, cmd, scmd, len
 168:.././simpleserial/simpleserial.c **** 		if (data_buf[i] == FRAME_BYTE) {
 169:.././simpleserial/simpleserial.c **** 			err = SS_ERR_FRAME_BYTE;
 170:.././simpleserial/simpleserial.c **** 			goto ERROR;
 171:.././simpleserial/simpleserial.c **** 		}
 172:.././simpleserial/simpleserial.c **** 	}
 173:.././simpleserial/simpleserial.c **** 	uint8_t next_frame = unstuff_data(data_buf, 4);
 174:.././simpleserial/simpleserial.c **** 
 175:.././simpleserial/simpleserial.c **** 	// check for valid command
 176:.././simpleserial/simpleserial.c **** 	uint8_t c = 0;
 177:.././simpleserial/simpleserial.c **** 	for(c = 0; c < num_commands; c++)
 178:.././simpleserial/simpleserial.c **** 	{
 179:.././simpleserial/simpleserial.c **** 		if(commands[c].c == data_buf[1])
 180:.././simpleserial/simpleserial.c **** 			break;
 181:.././simpleserial/simpleserial.c **** 	}
 182:.././simpleserial/simpleserial.c **** 
 183:.././simpleserial/simpleserial.c **** 	if (c == num_commands) {
 184:.././simpleserial/simpleserial.c **** 		err = SS_ERR_CMD;
 185:.././simpleserial/simpleserial.c **** 		goto ERROR;
 186:.././simpleserial/simpleserial.c **** 	}
 187:.././simpleserial/simpleserial.c **** 
 188:.././simpleserial/simpleserial.c **** 	//check that next frame not beyond end of message
 189:.././simpleserial/simpleserial.c **** 	// account for cmd, scmd, len, data, crc, end of frame
 190:.././simpleserial/simpleserial.c **** 	if ((data_buf[3] + 5) < next_frame) {
 191:.././simpleserial/simpleserial.c **** 		err = SS_ERR_LEN;
 192:.././simpleserial/simpleserial.c **** 		goto ERROR;
 193:.././simpleserial/simpleserial.c **** 	}
 194:.././simpleserial/simpleserial.c **** 
 195:.././simpleserial/simpleserial.c **** 	// read in data
 196:.././simpleserial/simpleserial.c **** 	// eq to len + crc + frame end
 197:.././simpleserial/simpleserial.c **** 	int i = 4;
 198:.././simpleserial/simpleserial.c **** 	for (; i < data_buf[3] + 5; i++) {
 199:.././simpleserial/simpleserial.c **** 		data_buf[i] = getch();
 200:.././simpleserial/simpleserial.c **** 		if (data_buf[i] == FRAME_BYTE) {
 201:.././simpleserial/simpleserial.c **** 			err = SS_ERR_FRAME_BYTE;
 202:.././simpleserial/simpleserial.c **** 			goto ERROR;
 203:.././simpleserial/simpleserial.c **** 		}
 204:.././simpleserial/simpleserial.c **** 	}
 205:.././simpleserial/simpleserial.c **** 
 206:.././simpleserial/simpleserial.c **** 	//check that final byte is the FRAME_BYTE
 207:.././simpleserial/simpleserial.c **** 	data_buf[i] = getch();
 208:.././simpleserial/simpleserial.c **** 	if (data_buf[i] != FRAME_BYTE) {
 209:.././simpleserial/simpleserial.c **** 		err = SS_ERR_LEN;
 210:.././simpleserial/simpleserial.c **** 		goto ERROR;
 211:.././simpleserial/simpleserial.c **** 	}
 212:.././simpleserial/simpleserial.c **** 
 213:.././simpleserial/simpleserial.c **** 	//fully unstuff data now
 214:.././simpleserial/simpleserial.c **** 	unstuff_data(data_buf + next_frame, i - next_frame + 1);
 215:.././simpleserial/simpleserial.c **** 
 216:.././simpleserial/simpleserial.c **** 	//calc crc excluding original frame offset and frame end and crc
 217:.././simpleserial/simpleserial.c **** 	uint8_t crc = ss_crc(data_buf+1, i-2);
 218:.././simpleserial/simpleserial.c **** 	if (crc != data_buf[i-1]) {
 219:.././simpleserial/simpleserial.c **** 		err = SS_ERR_CRC;
 220:.././simpleserial/simpleserial.c **** 		goto ERROR;
 221:.././simpleserial/simpleserial.c **** 	}
 222:.././simpleserial/simpleserial.c **** 
 223:.././simpleserial/simpleserial.c **** 	err = commands[c].fp(data_buf[1], data_buf[2], data_buf[3], data_buf+4);
 224:.././simpleserial/simpleserial.c **** 
 225:.././simpleserial/simpleserial.c **** ERROR:
 226:.././simpleserial/simpleserial.c **** 	simpleserial_put('e', 0x01, &err);
 227:.././simpleserial/simpleserial.c **** 	return;
 228:.././simpleserial/simpleserial.c **** }
 229:.././simpleserial/simpleserial.c **** 
 230:.././simpleserial/simpleserial.c **** void simpleserial_put(char c, uint8_t size, uint8_t* output)
 231:.././simpleserial/simpleserial.c **** {
 232:.././simpleserial/simpleserial.c ****     if (!output) return;
 233:.././simpleserial/simpleserial.c **** 	uint8_t data_buf[MAX_SS_LEN];
 234:.././simpleserial/simpleserial.c **** 	data_buf[0] = 0x00;
 235:.././simpleserial/simpleserial.c **** 	data_buf[1] = c;
 236:.././simpleserial/simpleserial.c **** 	data_buf[2] = size;
 237:.././simpleserial/simpleserial.c **** 	int i = 0;
 238:.././simpleserial/simpleserial.c **** 	for (; i < size; i++) {
 239:.././simpleserial/simpleserial.c **** 		data_buf[i + 3] = output[i];
 240:.././simpleserial/simpleserial.c **** 	}
 241:.././simpleserial/simpleserial.c **** 	data_buf[i + 3] = ss_crc(data_buf+1, size+2);
 242:.././simpleserial/simpleserial.c **** 	data_buf[i + 4] = 0x00;
 243:.././simpleserial/simpleserial.c **** 	stuff_data(data_buf, i + 5);
 244:.././simpleserial/simpleserial.c **** 	for (int i = 0; i < size + 5; i++) {
 245:.././simpleserial/simpleserial.c **** 		putch(data_buf[i]);
 246:.././simpleserial/simpleserial.c **** 	}
 247:.././simpleserial/simpleserial.c **** }
 248:.././simpleserial/simpleserial.c **** 
 249:.././simpleserial/simpleserial.c **** 
 250:.././simpleserial/simpleserial.c **** #else
 251:.././simpleserial/simpleserial.c **** 
 252:.././simpleserial/simpleserial.c **** typedef struct ss_cmd
 253:.././simpleserial/simpleserial.c **** {
 254:.././simpleserial/simpleserial.c **** 	char c;
 255:.././simpleserial/simpleserial.c **** 	unsigned int len;
 256:.././simpleserial/simpleserial.c **** 	uint8_t (*fp)(uint8_t*, uint8_t);
 257:.././simpleserial/simpleserial.c **** 	uint8_t flags;
 258:.././simpleserial/simpleserial.c **** } ss_cmd;
 259:.././simpleserial/simpleserial.c **** static ss_cmd commands[MAX_SS_CMDS];
 260:.././simpleserial/simpleserial.c **** // Callback function for "v" command.
 261:.././simpleserial/simpleserial.c **** // This can exist in v1.0 as long as we don't actually send back an ack ("z")
 262:.././simpleserial/simpleserial.c **** uint8_t check_version(uint8_t *v, uint8_t len)
 263:.././simpleserial/simpleserial.c **** {
  28              		.loc 1 263 1 view -0
  29              		.cfi_startproc
  30              		@ args = 0, pretend = 0, frame = 0
  31              		@ frame_needed = 0, uses_anonymous_args = 0
  32              		@ link register save eliminated.
 264:.././simpleserial/simpleserial.c **** 	return SS_VER;
  33              		.loc 1 264 2 view .LVU1
 265:.././simpleserial/simpleserial.c **** }
  34              		.loc 1 265 1 is_stmt 0 view .LVU2
  35 0000 0120     		movs	r0, #1
  36              	.LVL1:
  37              		.loc 1 265 1 view .LVU3
  38 0002 7047     		bx	lr
  39              		.cfi_endproc
  40              	.LFE1:
  42              		.section	.text.simpleserial_put.part.0,"ax",%progbits
  43              		.align	1
  44              		.syntax unified
  45              		.thumb
  46              		.thumb_func
  47              		.fpu softvfp
  49              	simpleserial_put.part.0:
  50              	.LVL2:
  51              	.LFB10:
 266:.././simpleserial/simpleserial.c **** 
 267:.././simpleserial/simpleserial.c **** uint8_t ss_num_commands(uint8_t *x, uint8_t len)
 268:.././simpleserial/simpleserial.c **** {
 269:.././simpleserial/simpleserial.c ****     uint8_t ncmds = num_commands & 0xFF;
 270:.././simpleserial/simpleserial.c ****     simpleserial_put('r', 0x01, &ncmds);
 271:.././simpleserial/simpleserial.c ****     return 0x00;
 272:.././simpleserial/simpleserial.c **** }
 273:.././simpleserial/simpleserial.c **** 
 274:.././simpleserial/simpleserial.c **** typedef struct ss_cmd_repr {
 275:.././simpleserial/simpleserial.c ****     uint8_t c;
 276:.././simpleserial/simpleserial.c ****     uint8_t len;
 277:.././simpleserial/simpleserial.c ****     uint8_t flags;
 278:.././simpleserial/simpleserial.c **** } ss_cmd_repr;
 279:.././simpleserial/simpleserial.c **** 
 280:.././simpleserial/simpleserial.c **** uint8_t ss_get_commands(uint8_t *x, uint8_t len)
 281:.././simpleserial/simpleserial.c **** {
 282:.././simpleserial/simpleserial.c ****     ss_cmd_repr repr_cmd_buf[MAX_SS_CMDS];
 283:.././simpleserial/simpleserial.c ****     for (uint8_t i = 0; i < (num_commands & 0xFF); i++) {
 284:.././simpleserial/simpleserial.c ****         repr_cmd_buf[i].c = commands[i].c;
 285:.././simpleserial/simpleserial.c ****         repr_cmd_buf[i].len = commands[i].len;
 286:.././simpleserial/simpleserial.c ****         repr_cmd_buf[i].flags = commands[i].flags;
 287:.././simpleserial/simpleserial.c ****     }
 288:.././simpleserial/simpleserial.c **** 
 289:.././simpleserial/simpleserial.c ****     simpleserial_put('r', num_commands * 0x03, (void *) repr_cmd_buf);
 290:.././simpleserial/simpleserial.c ****     return 0x00;
 291:.././simpleserial/simpleserial.c **** }
 292:.././simpleserial/simpleserial.c **** 
 293:.././simpleserial/simpleserial.c **** static char hex_lookup[16] =
 294:.././simpleserial/simpleserial.c **** {
 295:.././simpleserial/simpleserial.c **** 	'0', '1', '2', '3', '4', '5', '6', '7',
 296:.././simpleserial/simpleserial.c **** 	'8', '9', 'A', 'B', 'C', 'D', 'E', 'F'
 297:.././simpleserial/simpleserial.c **** };
 298:.././simpleserial/simpleserial.c **** 
 299:.././simpleserial/simpleserial.c **** int hex_decode(int len, char* ascii_buf, uint8_t* data_buf)
 300:.././simpleserial/simpleserial.c **** {
 301:.././simpleserial/simpleserial.c **** 	for(int i = 0; i < len; i++)
 302:.././simpleserial/simpleserial.c **** 	{
 303:.././simpleserial/simpleserial.c **** 		char n_hi = ascii_buf[2*i];
 304:.././simpleserial/simpleserial.c **** 		char n_lo = ascii_buf[2*i+1];
 305:.././simpleserial/simpleserial.c **** 
 306:.././simpleserial/simpleserial.c **** 		if(n_lo >= '0' && n_lo <= '9')
 307:.././simpleserial/simpleserial.c **** 			data_buf[i] = n_lo - '0';
 308:.././simpleserial/simpleserial.c **** 		else if(n_lo >= 'A' && n_lo <= 'F')
 309:.././simpleserial/simpleserial.c **** 			data_buf[i] = n_lo - 'A' + 10;
 310:.././simpleserial/simpleserial.c **** 		else if(n_lo >= 'a' && n_lo <= 'f')
 311:.././simpleserial/simpleserial.c **** 			data_buf[i] = n_lo - 'a' + 10;
 312:.././simpleserial/simpleserial.c **** 		else
 313:.././simpleserial/simpleserial.c **** 			return 1;
 314:.././simpleserial/simpleserial.c **** 
 315:.././simpleserial/simpleserial.c **** 		if(n_hi >= '0' && n_hi <= '9')
 316:.././simpleserial/simpleserial.c **** 			data_buf[i] |= (n_hi - '0') << 4;
 317:.././simpleserial/simpleserial.c **** 		else if(n_hi >= 'A' && n_hi <= 'F')
 318:.././simpleserial/simpleserial.c **** 			data_buf[i] |= (n_hi - 'A' + 10) << 4;
 319:.././simpleserial/simpleserial.c **** 		else if(n_hi >= 'a' && n_hi <= 'f')
 320:.././simpleserial/simpleserial.c **** 			data_buf[i] |= (n_hi - 'a' + 10) << 4;
 321:.././simpleserial/simpleserial.c **** 		else
 322:.././simpleserial/simpleserial.c **** 			return 1;
 323:.././simpleserial/simpleserial.c **** 	}
 324:.././simpleserial/simpleserial.c **** 
 325:.././simpleserial/simpleserial.c **** 	return 0;
 326:.././simpleserial/simpleserial.c **** }
 327:.././simpleserial/simpleserial.c **** 
 328:.././simpleserial/simpleserial.c **** 
 329:.././simpleserial/simpleserial.c **** 
 330:.././simpleserial/simpleserial.c **** // Set up the SimpleSerial module by preparing internal commands
 331:.././simpleserial/simpleserial.c **** // This just adds the "v" command for now...
 332:.././simpleserial/simpleserial.c **** void simpleserial_init()
 333:.././simpleserial/simpleserial.c **** {
 334:.././simpleserial/simpleserial.c **** 	simpleserial_addcmd('v', 0, check_version);
 335:.././simpleserial/simpleserial.c ****     simpleserial_addcmd('w', 0, ss_get_commands);
 336:.././simpleserial/simpleserial.c ****     simpleserial_addcmd('y', 0, ss_num_commands);
 337:.././simpleserial/simpleserial.c **** }
 338:.././simpleserial/simpleserial.c **** 
 339:.././simpleserial/simpleserial.c **** int simpleserial_addcmd(char c, unsigned int len, uint8_t (*fp)(uint8_t*, uint8_t))
 340:.././simpleserial/simpleserial.c **** {
 341:.././simpleserial/simpleserial.c **** 	return simpleserial_addcmd_flags(c, len, fp, CMD_FLAG_NONE);
 342:.././simpleserial/simpleserial.c **** }
 343:.././simpleserial/simpleserial.c **** 
 344:.././simpleserial/simpleserial.c **** int simpleserial_addcmd_flags(char c, unsigned int len, uint8_t (*fp)(uint8_t*, uint8_t), uint8_t f
 345:.././simpleserial/simpleserial.c **** {
 346:.././simpleserial/simpleserial.c **** 	if(num_commands >= MAX_SS_CMDS)
 347:.././simpleserial/simpleserial.c **** 		return 1;
 348:.././simpleserial/simpleserial.c **** 
 349:.././simpleserial/simpleserial.c **** 	if(len >= MAX_SS_LEN)
 350:.././simpleserial/simpleserial.c **** 		return 1;
 351:.././simpleserial/simpleserial.c **** 
 352:.././simpleserial/simpleserial.c **** 	commands[num_commands].c   = c;
 353:.././simpleserial/simpleserial.c **** 	commands[num_commands].len = len;
 354:.././simpleserial/simpleserial.c **** 	commands[num_commands].fp  = fp;
 355:.././simpleserial/simpleserial.c **** 	commands[num_commands].flags = fl;
 356:.././simpleserial/simpleserial.c **** 	num_commands++;
 357:.././simpleserial/simpleserial.c **** 
 358:.././simpleserial/simpleserial.c **** 	return 0;
 359:.././simpleserial/simpleserial.c **** }
 360:.././simpleserial/simpleserial.c **** 
 361:.././simpleserial/simpleserial.c **** void simpleserial_get(void)
 362:.././simpleserial/simpleserial.c **** {
 363:.././simpleserial/simpleserial.c **** 	char ascii_buf[2*MAX_SS_LEN];
 364:.././simpleserial/simpleserial.c **** 	uint8_t data_buf[MAX_SS_LEN];
 365:.././simpleserial/simpleserial.c **** 	char c;
 366:.././simpleserial/simpleserial.c **** 
 367:.././simpleserial/simpleserial.c **** 	// Find which command we're receiving
 368:.././simpleserial/simpleserial.c **** 	c = getch();
 369:.././simpleserial/simpleserial.c **** 
 370:.././simpleserial/simpleserial.c **** 	int cmd;
 371:.././simpleserial/simpleserial.c **** 	for(cmd = 0; cmd < num_commands; cmd++)
 372:.././simpleserial/simpleserial.c **** 	{
 373:.././simpleserial/simpleserial.c **** 		if(commands[cmd].c == c)
 374:.././simpleserial/simpleserial.c **** 			break;
 375:.././simpleserial/simpleserial.c **** 	}
 376:.././simpleserial/simpleserial.c **** 
 377:.././simpleserial/simpleserial.c **** 	// If we didn't find a match, give up right away
 378:.././simpleserial/simpleserial.c **** 	if(cmd == num_commands)
 379:.././simpleserial/simpleserial.c **** 		return;
 380:.././simpleserial/simpleserial.c **** 
 381:.././simpleserial/simpleserial.c **** 	// If flag CMD_FLAG_LEN is set, the next byte indicates the sent length
 382:.././simpleserial/simpleserial.c **** 	if ((commands[cmd].flags & CMD_FLAG_LEN) != 0)
 383:.././simpleserial/simpleserial.c **** 	{
 384:.././simpleserial/simpleserial.c **** 		uint8_t l = 0;
 385:.././simpleserial/simpleserial.c **** 		char buff[2];
 386:.././simpleserial/simpleserial.c **** 		buff[0] = getch();
 387:.././simpleserial/simpleserial.c **** 		buff[1] = getch();
 388:.././simpleserial/simpleserial.c **** 		if (hex_decode(1, buff, &l))
 389:.././simpleserial/simpleserial.c **** 			return;
 390:.././simpleserial/simpleserial.c **** 		commands[cmd].len = l;
 391:.././simpleserial/simpleserial.c **** 	}
 392:.././simpleserial/simpleserial.c **** 
 393:.././simpleserial/simpleserial.c **** 	// Receive characters until we fill the ASCII buffer
 394:.././simpleserial/simpleserial.c **** 	for(int i = 0; i < 2*commands[cmd].len; i++)
 395:.././simpleserial/simpleserial.c **** 	{
 396:.././simpleserial/simpleserial.c **** 		c = getch();
 397:.././simpleserial/simpleserial.c **** 
 398:.././simpleserial/simpleserial.c **** 		// Check for early \n
 399:.././simpleserial/simpleserial.c **** 		if(c == '\n' || c == '\r')
 400:.././simpleserial/simpleserial.c **** 			return;
 401:.././simpleserial/simpleserial.c **** 
 402:.././simpleserial/simpleserial.c **** 		ascii_buf[i] = c;
 403:.././simpleserial/simpleserial.c **** 	}
 404:.././simpleserial/simpleserial.c **** 
 405:.././simpleserial/simpleserial.c **** 	// Assert that last character is \n or \r
 406:.././simpleserial/simpleserial.c **** 	c = getch();
 407:.././simpleserial/simpleserial.c **** 	if(c != '\n' && c != '\r')
 408:.././simpleserial/simpleserial.c **** 		return;
 409:.././simpleserial/simpleserial.c **** 
 410:.././simpleserial/simpleserial.c **** 	// ASCII buffer is full: convert to bytes
 411:.././simpleserial/simpleserial.c **** 	// Check for illegal characters here
 412:.././simpleserial/simpleserial.c **** 	if(hex_decode(commands[cmd].len, ascii_buf, data_buf))
 413:.././simpleserial/simpleserial.c **** 		return;
 414:.././simpleserial/simpleserial.c **** 
 415:.././simpleserial/simpleserial.c **** 	// Callback
 416:.././simpleserial/simpleserial.c **** 	uint8_t ret[1];
 417:.././simpleserial/simpleserial.c **** 	ret[0] = commands[cmd].fp(data_buf, commands[cmd].len);
 418:.././simpleserial/simpleserial.c **** 
 419:.././simpleserial/simpleserial.c **** 	// Acknowledge (if version is 1.1)
 420:.././simpleserial/simpleserial.c **** #if SS_VER == SS_VER_1_1
 421:.././simpleserial/simpleserial.c **** 	simpleserial_put('z', 1, ret);
 422:.././simpleserial/simpleserial.c **** #endif
 423:.././simpleserial/simpleserial.c **** }
 424:.././simpleserial/simpleserial.c **** 
 425:.././simpleserial/simpleserial.c **** void simpleserial_put(char c, uint8_t size, uint8_t* output)
  52              		.loc 1 425 6 is_stmt 1 view -0
  53              		.cfi_startproc
  54              		@ args = 0, pretend = 0, frame = 0
  55              		@ frame_needed = 0, uses_anonymous_args = 0
 426:.././simpleserial/simpleserial.c **** {
 427:.././simpleserial/simpleserial.c **** 	// Write first character
 428:.././simpleserial/simpleserial.c ****     if (!output) return;
 429:.././simpleserial/simpleserial.c **** 	putch(c);
  56              		.loc 1 429 2 view .LVU5
 425:.././simpleserial/simpleserial.c **** {
  57              		.loc 1 425 6 is_stmt 0 view .LVU6
  58 0000 F8B5     		push	{r3, r4, r5, r6, r7, lr}
  59              	.LCFI0:
  60              		.cfi_def_cfa_offset 24
  61              		.cfi_offset 3, -24
  62              		.cfi_offset 4, -20
  63              		.cfi_offset 5, -16
  64              		.cfi_offset 6, -12
  65              		.cfi_offset 7, -8
  66              		.cfi_offset 14, -4
 425:.././simpleserial/simpleserial.c **** {
  67              		.loc 1 425 6 view .LVU7
  68 0002 1446     		mov	r4, r2
  69 0004 0E46     		mov	r6, r1
  70              		.loc 1 429 2 view .LVU8
  71 0006 FFF7FEFF 		bl	putch
  72              	.LVL3:
 430:.././simpleserial/simpleserial.c **** 
 431:.././simpleserial/simpleserial.c **** 	// Write each byte as two nibbles
 432:.././simpleserial/simpleserial.c **** 	for(int i = 0; i < size; i++)
  73              		.loc 1 432 2 is_stmt 1 view .LVU9
  74              	.LBB12:
  75              		.loc 1 432 6 view .LVU10
 433:.././simpleserial/simpleserial.c **** 	{
 434:.././simpleserial/simpleserial.c **** 		putch(hex_lookup[output[i] >> 4 ]);
  76              		.loc 1 434 3 is_stmt 0 view .LVU11
  77 000a 0C4F     		ldr	r7, .L5
  78 000c 651E     		subs	r5, r4, #1
 432:.././simpleserial/simpleserial.c **** 	{
  79              		.loc 1 432 2 view .LVU12
  80 000e C4F10104 		rsb	r4, r4, #1
  81              	.LVL4:
  82              	.L3:
 432:.././simpleserial/simpleserial.c **** 	{
  83              		.loc 1 432 17 is_stmt 1 view .LVU13
 432:.././simpleserial/simpleserial.c **** 	{
  84              		.loc 1 432 2 is_stmt 0 view .LVU14
  85 0012 6319     		adds	r3, r4, r5
  86 0014 9E42     		cmp	r6, r3
  87 0016 04DC     		bgt	.L4
  88              	.LBE12:
 435:.././simpleserial/simpleserial.c **** 		putch(hex_lookup[output[i] & 0xF]);
 436:.././simpleserial/simpleserial.c **** 	}
 437:.././simpleserial/simpleserial.c **** 
 438:.././simpleserial/simpleserial.c **** 	// Write trailing '\n'
 439:.././simpleserial/simpleserial.c **** 	putch('\n');
  89              		.loc 1 439 2 is_stmt 1 view .LVU15
 440:.././simpleserial/simpleserial.c **** }
  90              		.loc 1 440 1 is_stmt 0 view .LVU16
  91 0018 BDE8F840 		pop	{r3, r4, r5, r6, r7, lr}
  92              	.LCFI1:
  93              		.cfi_remember_state
  94              		.cfi_restore 14
  95              		.cfi_restore 7
  96              		.cfi_restore 6
  97              		.cfi_restore 5
  98              		.cfi_restore 4
  99              		.cfi_restore 3
 100              		.cfi_def_cfa_offset 0
 439:.././simpleserial/simpleserial.c **** }
 101              		.loc 1 439 2 view .LVU17
 102 001c 0A20     		movs	r0, #10
 103 001e FFF7FEBF 		b	putch
 104              	.LVL5:
 105              	.L4:
 106              	.LCFI2:
 107              		.cfi_restore_state
 108              	.LBB13:
 434:.././simpleserial/simpleserial.c **** 		putch(hex_lookup[output[i] & 0xF]);
 109              		.loc 1 434 3 is_stmt 1 view .LVU18
 434:.././simpleserial/simpleserial.c **** 		putch(hex_lookup[output[i] & 0xF]);
 110              		.loc 1 434 30 is_stmt 0 view .LVU19
 111 0022 15F8013F 		ldrb	r3, [r5, #1]!	@ zero_extendqisi2
 112 0026 1B09     		lsrs	r3, r3, #4
 434:.././simpleserial/simpleserial.c **** 		putch(hex_lookup[output[i] & 0xF]);
 113              		.loc 1 434 3 view .LVU20
 114 0028 F85C     		ldrb	r0, [r7, r3]	@ zero_extendqisi2
 115 002a FFF7FEFF 		bl	putch
 116              	.LVL6:
 435:.././simpleserial/simpleserial.c **** 	}
 117              		.loc 1 435 3 is_stmt 1 view .LVU21
 435:.././simpleserial/simpleserial.c **** 	}
 118              		.loc 1 435 30 is_stmt 0 view .LVU22
 119 002e 2B78     		ldrb	r3, [r5]	@ zero_extendqisi2
 120 0030 03F00F03 		and	r3, r3, #15
 435:.././simpleserial/simpleserial.c **** 	}
 121              		.loc 1 435 3 view .LVU23
 122 0034 F85C     		ldrb	r0, [r7, r3]	@ zero_extendqisi2
 123 0036 FFF7FEFF 		bl	putch
 124              	.LVL7:
 432:.././simpleserial/simpleserial.c **** 	{
 125              		.loc 1 432 27 is_stmt 1 view .LVU24
 126 003a EAE7     		b	.L3
 127              	.L6:
 128              		.align	2
 129              	.L5:
 130 003c 00000000 		.word	.LANCHOR0
 131              	.LBE13:
 132              		.cfi_endproc
 133              	.LFE10:
 135              		.section	.text.ss_num_commands,"ax",%progbits
 136              		.align	1
 137              		.global	ss_num_commands
 138              		.syntax unified
 139              		.thumb
 140              		.thumb_func
 141              		.fpu softvfp
 143              	ss_num_commands:
 144              	.LVL8:
 145              	.LFB2:
 268:.././simpleserial/simpleserial.c ****     uint8_t ncmds = num_commands & 0xFF;
 146              		.loc 1 268 1 view -0
 147              		.cfi_startproc
 148              		@ args = 0, pretend = 0, frame = 8
 149              		@ frame_needed = 0, uses_anonymous_args = 0
 269:.././simpleserial/simpleserial.c ****     simpleserial_put('r', 0x01, &ncmds);
 150              		.loc 1 269 5 view .LVU26
 268:.././simpleserial/simpleserial.c ****     uint8_t ncmds = num_commands & 0xFF;
 151              		.loc 1 268 1 is_stmt 0 view .LVU27
 152 0000 07B5     		push	{r0, r1, r2, lr}
 153              	.LCFI3:
 154              		.cfi_def_cfa_offset 16
 155              		.cfi_offset 14, -4
 269:.././simpleserial/simpleserial.c ****     simpleserial_put('r', 0x01, &ncmds);
 156              		.loc 1 269 13 view .LVU28
 157 0002 074B     		ldr	r3, .L8
 158              	.LBB14:
 159              	.LBB15:
 160 0004 0DF10702 		add	r2, sp, #7
 161              	.LBE15:
 162              	.LBE14:
 163 0008 1B68     		ldr	r3, [r3]
 164 000a 8DF80730 		strb	r3, [sp, #7]
 270:.././simpleserial/simpleserial.c ****     return 0x00;
 165              		.loc 1 270 5 is_stmt 1 view .LVU29
 166              	.LVL9:
 167              	.LBB17:
 168              	.LBI14:
 425:.././simpleserial/simpleserial.c **** {
 169              		.loc 1 425 6 view .LVU30
 170              	.LBB16:
 428:.././simpleserial/simpleserial.c **** 	putch(c);
 171              		.loc 1 428 5 view .LVU31
 172 000e 0121     		movs	r1, #1
 173              	.LVL10:
 428:.././simpleserial/simpleserial.c **** 	putch(c);
 174              		.loc 1 428 5 is_stmt 0 view .LVU32
 175 0010 7220     		movs	r0, #114
 176              	.LVL11:
 428:.././simpleserial/simpleserial.c **** 	putch(c);
 177              		.loc 1 428 5 view .LVU33
 178 0012 FFF7FEFF 		bl	simpleserial_put.part.0
 179              	.LVL12:
 428:.././simpleserial/simpleserial.c **** 	putch(c);
 180              		.loc 1 428 5 view .LVU34
 181              	.LBE16:
 182              	.LBE17:
 271:.././simpleserial/simpleserial.c **** }
 183              		.loc 1 271 5 is_stmt 1 view .LVU35
 272:.././simpleserial/simpleserial.c **** 
 184              		.loc 1 272 1 is_stmt 0 view .LVU36
 185 0016 0020     		movs	r0, #0
 186 0018 03B0     		add	sp, sp, #12
 187              	.LCFI4:
 188              		.cfi_def_cfa_offset 4
 189              		@ sp needed
 190 001a 5DF804FB 		ldr	pc, [sp], #4
 191              	.L9:
 192 001e 00BF     		.align	2
 193              	.L8:
 194 0020 00000000 		.word	.LANCHOR1
 195              		.cfi_endproc
 196              	.LFE2:
 198              		.section	.text.ss_get_commands,"ax",%progbits
 199              		.align	1
 200              		.global	ss_get_commands
 201              		.syntax unified
 202              		.thumb
 203              		.thumb_func
 204              		.fpu softvfp
 206              	ss_get_commands:
 207              	.LVL13:
 208              	.LFB3:
 281:.././simpleserial/simpleserial.c ****     ss_cmd_repr repr_cmd_buf[MAX_SS_CMDS];
 209              		.loc 1 281 1 is_stmt 1 view -0
 210              		.cfi_startproc
 211              		@ args = 0, pretend = 0, frame = 48
 212              		@ frame_needed = 0, uses_anonymous_args = 0
 282:.././simpleserial/simpleserial.c ****     for (uint8_t i = 0; i < (num_commands & 0xFF); i++) {
 213              		.loc 1 282 5 view .LVU38
 283:.././simpleserial/simpleserial.c ****         repr_cmd_buf[i].c = commands[i].c;
 214              		.loc 1 283 5 view .LVU39
 215              	.LBB18:
 283:.././simpleserial/simpleserial.c ****         repr_cmd_buf[i].c = commands[i].c;
 216              		.loc 1 283 10 view .LVU40
 283:.././simpleserial/simpleserial.c ****         repr_cmd_buf[i].c = commands[i].c;
 217              		.loc 1 283 10 is_stmt 0 view .LVU41
 218              	.LBE18:
 281:.././simpleserial/simpleserial.c ****     ss_cmd_repr repr_cmd_buf[MAX_SS_CMDS];
 219              		.loc 1 281 1 view .LVU42
 220 0000 70B5     		push	{r4, r5, r6, lr}
 221              	.LCFI5:
 222              		.cfi_def_cfa_offset 16
 223              		.cfi_offset 4, -16
 224              		.cfi_offset 5, -12
 225              		.cfi_offset 6, -8
 226              		.cfi_offset 14, -4
 227              	.LBB19:
 283:.././simpleserial/simpleserial.c ****         repr_cmd_buf[i].c = commands[i].c;
 228              		.loc 1 283 43 view .LVU43
 229 0002 1248     		ldr	r0, .L13
 230              	.LVL14:
 283:.././simpleserial/simpleserial.c ****         repr_cmd_buf[i].c = commands[i].c;
 231              		.loc 1 283 43 view .LVU44
 232 0004 0168     		ldr	r1, [r0]
 233              	.LVL15:
 283:.././simpleserial/simpleserial.c ****         repr_cmd_buf[i].c = commands[i].c;
 234              		.loc 1 283 43 view .LVU45
 235              	.LBE19:
 281:.././simpleserial/simpleserial.c ****     ss_cmd_repr repr_cmd_buf[MAX_SS_CMDS];
 236              		.loc 1 281 1 view .LVU46
 237 0006 8CB0     		sub	sp, sp, #48
 238              	.LCFI6:
 239              		.cfi_def_cfa_offset 64
 240              	.LBB20:
 283:.././simpleserial/simpleserial.c ****         repr_cmd_buf[i].c = commands[i].c;
 241              		.loc 1 283 43 view .LVU47
 242 0008 CDB2     		uxtb	r5, r1
 283:.././simpleserial/simpleserial.c ****         repr_cmd_buf[i].c = commands[i].c;
 243              		.loc 1 283 5 view .LVU48
 244 000a 0024     		movs	r4, #0
 245              	.LVL16:
 246              	.L11:
 283:.././simpleserial/simpleserial.c ****         repr_cmd_buf[i].c = commands[i].c;
 247              		.loc 1 283 25 is_stmt 1 discriminator 1 view .LVU49
 283:.././simpleserial/simpleserial.c ****         repr_cmd_buf[i].c = commands[i].c;
 248              		.loc 1 283 27 is_stmt 0 discriminator 1 view .LVU50
 249 000c E3B2     		uxtb	r3, r4
 283:.././simpleserial/simpleserial.c ****         repr_cmd_buf[i].c = commands[i].c;
 250              		.loc 1 283 5 discriminator 1 view .LVU51
 251 000e AB42     		cmp	r3, r5
 252 0010 04F10104 		add	r4, r4, #1
 253              	.LVL17:
 283:.././simpleserial/simpleserial.c ****         repr_cmd_buf[i].c = commands[i].c;
 254              		.loc 1 283 5 discriminator 1 view .LVU52
 255 0014 09DB     		blt	.L12
 256              	.LBE20:
 289:.././simpleserial/simpleserial.c ****     return 0x00;
 257              		.loc 1 289 5 is_stmt 1 view .LVU53
 258              	.LVL18:
 259              	.LBB21:
 260              	.LBI21:
 425:.././simpleserial/simpleserial.c **** {
 261              		.loc 1 425 6 view .LVU54
 262              	.LBB22:
 428:.././simpleserial/simpleserial.c **** 	putch(c);
 263              		.loc 1 428 5 view .LVU55
 264              	.LBE22:
 265              	.LBE21:
 289:.././simpleserial/simpleserial.c ****     return 0x00;
 266              		.loc 1 289 5 is_stmt 0 view .LVU56
 267 0016 01EB4101 		add	r1, r1, r1, lsl #1
 268              	.LVL19:
 269              	.LBB24:
 270              	.LBB23:
 289:.././simpleserial/simpleserial.c ****     return 0x00;
 271              		.loc 1 289 5 view .LVU57
 272 001a 6A46     		mov	r2, sp
 273 001c C9B2     		uxtb	r1, r1
 274 001e 7220     		movs	r0, #114
 275 0020 FFF7FEFF 		bl	simpleserial_put.part.0
 276              	.LVL20:
 289:.././simpleserial/simpleserial.c ****     return 0x00;
 277              		.loc 1 289 5 view .LVU58
 278              	.LBE23:
 279              	.LBE24:
 290:.././simpleserial/simpleserial.c **** }
 280              		.loc 1 290 5 is_stmt 1 view .LVU59
 291:.././simpleserial/simpleserial.c **** 
 281              		.loc 1 291 1 is_stmt 0 view .LVU60
 282 0024 0020     		movs	r0, #0
 283 0026 0CB0     		add	sp, sp, #48
 284              	.LCFI7:
 285              		.cfi_remember_state
 286              		.cfi_def_cfa_offset 16
 287              		@ sp needed
 288 0028 70BD     		pop	{r4, r5, r6, pc}
 289              	.LVL21:
 290              	.L12:
 291              	.LCFI8:
 292              		.cfi_restore_state
 293              	.LBB25:
 284:.././simpleserial/simpleserial.c ****         repr_cmd_buf[i].len = commands[i].len;
 294              		.loc 1 284 9 is_stmt 1 discriminator 3 view .LVU61
 284:.././simpleserial/simpleserial.c ****         repr_cmd_buf[i].len = commands[i].len;
 295              		.loc 1 284 27 is_stmt 0 discriminator 3 view .LVU62
 296 002a 03EB4302 		add	r2, r3, r3, lsl #1
 297 002e 0CAE     		add	r6, sp, #48
 284:.././simpleserial/simpleserial.c ****         repr_cmd_buf[i].len = commands[i].len;
 298              		.loc 1 284 40 discriminator 3 view .LVU63
 299 0030 00EB0313 		add	r3, r0, r3, lsl #4
 300              	.LVL22:
 284:.././simpleserial/simpleserial.c ****         repr_cmd_buf[i].len = commands[i].len;
 301              		.loc 1 284 27 discriminator 3 view .LVU64
 302 0034 3244     		add	r2, r2, r6
 303 0036 1E79     		ldrb	r6, [r3, #4]	@ zero_extendqisi2
 304 0038 02F8306C 		strb	r6, [r2, #-48]
 285:.././simpleserial/simpleserial.c ****         repr_cmd_buf[i].flags = commands[i].flags;
 305              		.loc 1 285 9 is_stmt 1 discriminator 3 view .LVU65
 285:.././simpleserial/simpleserial.c ****         repr_cmd_buf[i].flags = commands[i].flags;
 306              		.loc 1 285 29 is_stmt 0 discriminator 3 view .LVU66
 307 003c 9E68     		ldr	r6, [r3, #8]
 286:.././simpleserial/simpleserial.c ****     }
 308              		.loc 1 286 31 discriminator 3 view .LVU67
 309 003e 1B7C     		ldrb	r3, [r3, #16]	@ zero_extendqisi2
 285:.././simpleserial/simpleserial.c ****         repr_cmd_buf[i].flags = commands[i].flags;
 310              		.loc 1 285 29 discriminator 3 view .LVU68
 311 0040 02F82F6C 		strb	r6, [r2, #-47]
 286:.././simpleserial/simpleserial.c ****     }
 312              		.loc 1 286 9 is_stmt 1 discriminator 3 view .LVU69
 286:.././simpleserial/simpleserial.c ****     }
 313              		.loc 1 286 31 is_stmt 0 discriminator 3 view .LVU70
 314 0044 02F82E3C 		strb	r3, [r2, #-46]
 283:.././simpleserial/simpleserial.c ****         repr_cmd_buf[i].c = commands[i].c;
 315              		.loc 1 283 52 is_stmt 1 discriminator 3 view .LVU71
 316              	.LVL23:
 283:.././simpleserial/simpleserial.c ****         repr_cmd_buf[i].c = commands[i].c;
 317              		.loc 1 283 52 is_stmt 0 discriminator 3 view .LVU72
 318 0048 E0E7     		b	.L11
 319              	.L14:
 320 004a 00BF     		.align	2
 321              	.L13:
 322 004c 00000000 		.word	.LANCHOR1
 323              	.LBE25:
 324              		.cfi_endproc
 325              	.LFE3:
 327              		.section	.text.ss_crc,"ax",%progbits
 328              		.align	1
 329              		.global	ss_crc
 330              		.syntax unified
 331              		.thumb
 332              		.thumb_func
 333              		.fpu softvfp
 335              	ss_crc:
 336              	.LVL24:
 337              	.LFB0:
  21:.././simpleserial/simpleserial.c **** 	unsigned int k = 0;
 338              		.loc 1 21 1 is_stmt 1 view -0
 339              		.cfi_startproc
 340              		@ args = 0, pretend = 0, frame = 0
 341              		@ frame_needed = 0, uses_anonymous_args = 0
 342              		@ link register save eliminated.
  21:.././simpleserial/simpleserial.c **** 	unsigned int k = 0;
 343              		.loc 1 21 1 is_stmt 0 view .LVU74
 344 0000 0346     		mov	r3, r0
  22:.././simpleserial/simpleserial.c **** 	uint8_t crc = 0x00;
 345              		.loc 1 22 2 is_stmt 1 view .LVU75
 346              	.LVL25:
  23:.././simpleserial/simpleserial.c **** 	while (len--) {
 347              		.loc 1 23 2 view .LVU76
  24:.././simpleserial/simpleserial.c **** 		crc ^= *buf++;
 348              		.loc 1 24 2 view .LVU77
 349 0002 0144     		add	r1, r1, r0
 350              	.LVL26:
  23:.././simpleserial/simpleserial.c **** 	while (len--) {
 351              		.loc 1 23 10 is_stmt 0 view .LVU78
 352 0004 0020     		movs	r0, #0
 353              	.LVL27:
 354              	.L16:
  24:.././simpleserial/simpleserial.c **** 		crc ^= *buf++;
 355              		.loc 1 24 8 is_stmt 1 view .LVU79
  24:.././simpleserial/simpleserial.c **** 		crc ^= *buf++;
 356              		.loc 1 24 8 is_stmt 0 view .LVU80
 357 0006 8B42     		cmp	r3, r1
 358 0008 00D1     		bne	.L20
  32:.././simpleserial/simpleserial.c **** 
 359              		.loc 1 32 1 view .LVU81
 360 000a 7047     		bx	lr
 361              	.L20:
  25:.././simpleserial/simpleserial.c **** 		for (k = 0; k < 8; k++) {
 362              		.loc 1 25 3 is_stmt 1 view .LVU82
 363              	.LVL28:
  25:.././simpleserial/simpleserial.c **** 		for (k = 0; k < 8; k++) {
 364              		.loc 1 25 7 is_stmt 0 view .LVU83
 365 000c 13F8012B 		ldrb	r2, [r3], #1	@ zero_extendqisi2
 366              	.LVL29:
  25:.././simpleserial/simpleserial.c **** 		for (k = 0; k < 8; k++) {
 367              		.loc 1 25 7 view .LVU84
 368 0010 5040     		eors	r0, r0, r2
 369              	.LVL30:
  26:.././simpleserial/simpleserial.c **** 			crc = crc & 0x80 ? (crc << 1) ^ CW_CRC: crc << 1;
 370              		.loc 1 26 3 is_stmt 1 view .LVU85
  26:.././simpleserial/simpleserial.c **** 			crc = crc & 0x80 ? (crc << 1) ^ CW_CRC: crc << 1;
 371              		.loc 1 26 15 view .LVU86
  25:.././simpleserial/simpleserial.c **** 		for (k = 0; k < 8; k++) {
 372              		.loc 1 25 7 is_stmt 0 view .LVU87
 373 0012 0822     		movs	r2, #8
 374              	.LVL31:
 375              	.L19:
  27:.././simpleserial/simpleserial.c **** 		}
 376              		.loc 1 27 4 is_stmt 1 view .LVU88
  27:.././simpleserial/simpleserial.c **** 		}
 377              		.loc 1 27 8 is_stmt 0 view .LVU89
 378 0014 10F0800F 		tst	r0, #128
 379 0018 4FEA4000 		lsl	r0, r0, #1
 380              	.LVL32:
  27:.././simpleserial/simpleserial.c **** 		}
 381              		.loc 1 27 34 view .LVU90
 382 001c 18BF     		it	ne
 383 001e 80F04D00 		eorne	r0, r0, #77
  26:.././simpleserial/simpleserial.c **** 			crc = crc & 0x80 ? (crc << 1) ^ CW_CRC: crc << 1;
 384              		.loc 1 26 3 view .LVU91
 385 0022 013A     		subs	r2, r2, #1
 386              	.LVL33:
  27:.././simpleserial/simpleserial.c **** 		}
 387              		.loc 1 27 8 view .LVU92
 388 0024 C0B2     		uxtb	r0, r0
 389              	.LVL34:
  26:.././simpleserial/simpleserial.c **** 			crc = crc & 0x80 ? (crc << 1) ^ CW_CRC: crc << 1;
 390              		.loc 1 26 22 is_stmt 1 view .LVU93
  26:.././simpleserial/simpleserial.c **** 			crc = crc & 0x80 ? (crc << 1) ^ CW_CRC: crc << 1;
 391              		.loc 1 26 15 view .LVU94
  26:.././simpleserial/simpleserial.c **** 			crc = crc & 0x80 ? (crc << 1) ^ CW_CRC: crc << 1;
 392              		.loc 1 26 3 is_stmt 0 view .LVU95
 393 0026 F5D1     		bne	.L19
 394 0028 EDE7     		b	.L16
 395              		.cfi_endproc
 396              	.LFE0:
 398              		.section	.text.hex_decode,"ax",%progbits
 399              		.align	1
 400              		.global	hex_decode
 401              		.syntax unified
 402              		.thumb
 403              		.thumb_func
 404              		.fpu softvfp
 406              	hex_decode:
 407              	.LVL35:
 408              	.LFB4:
 300:.././simpleserial/simpleserial.c **** 	for(int i = 0; i < len; i++)
 409              		.loc 1 300 1 is_stmt 1 view -0
 410              		.cfi_startproc
 411              		@ args = 0, pretend = 0, frame = 0
 412              		@ frame_needed = 0, uses_anonymous_args = 0
 301:.././simpleserial/simpleserial.c **** 	{
 413              		.loc 1 301 2 view .LVU97
 414              	.LBB26:
 301:.././simpleserial/simpleserial.c **** 	{
 415              		.loc 1 301 6 view .LVU98
 301:.././simpleserial/simpleserial.c **** 	{
 416              		.loc 1 301 6 is_stmt 0 view .LVU99
 417              	.LBE26:
 300:.././simpleserial/simpleserial.c **** 	for(int i = 0; i < len; i++)
 418              		.loc 1 300 1 view .LVU100
 419 0000 F0B5     		push	{r4, r5, r6, r7, lr}
 420              	.LCFI9:
 421              		.cfi_def_cfa_offset 20
 422              		.cfi_offset 4, -20
 423              		.cfi_offset 5, -16
 424              		.cfi_offset 6, -12
 425              		.cfi_offset 7, -8
 426              		.cfi_offset 14, -4
 427              	.LBB31:
 301:.././simpleserial/simpleserial.c **** 	{
 428              		.loc 1 301 10 view .LVU101
 429 0002 0023     		movs	r3, #0
 430              	.LBB27:
 304:.././simpleserial/simpleserial.c **** 
 431              		.loc 1 304 8 view .LVU102
 432 0004 4F1C     		adds	r7, r1, #1
 433              	.LVL36:
 434              	.L23:
 304:.././simpleserial/simpleserial.c **** 
 435              		.loc 1 304 8 view .LVU103
 436              	.LBE27:
 301:.././simpleserial/simpleserial.c **** 	{
 437              		.loc 1 301 17 is_stmt 1 discriminator 1 view .LVU104
 301:.././simpleserial/simpleserial.c **** 	{
 438              		.loc 1 301 2 is_stmt 0 discriminator 1 view .LVU105
 439 0006 8342     		cmp	r3, r0
 440 0008 01DB     		blt	.L33
 441              	.LBE31:
 325:.././simpleserial/simpleserial.c **** }
 442              		.loc 1 325 9 view .LVU106
 443 000a 0020     		movs	r0, #0
 444              	.LVL37:
 325:.././simpleserial/simpleserial.c **** }
 445              		.loc 1 325 9 view .LVU107
 446 000c 20E0     		b	.L22
 447              	.LVL38:
 448              	.L33:
 449              	.LBB32:
 450              	.LBB28:
 303:.././simpleserial/simpleserial.c **** 		char n_lo = ascii_buf[2*i+1];
 451              		.loc 1 303 3 is_stmt 1 view .LVU108
 304:.././simpleserial/simpleserial.c **** 
 452              		.loc 1 304 8 is_stmt 0 view .LVU109
 453 000e 17F81350 		ldrb	r5, [r7, r3, lsl #1]	@ zero_extendqisi2
 303:.././simpleserial/simpleserial.c **** 		char n_lo = ascii_buf[2*i+1];
 454              		.loc 1 303 8 view .LVU110
 455 0012 11F81340 		ldrb	r4, [r1, r3, lsl #1]	@ zero_extendqisi2
 456              	.LVL39:
 304:.././simpleserial/simpleserial.c **** 
 457              		.loc 1 304 3 is_stmt 1 view .LVU111
 306:.././simpleserial/simpleserial.c **** 			data_buf[i] = n_lo - '0';
 458              		.loc 1 306 3 view .LVU112
 306:.././simpleserial/simpleserial.c **** 			data_buf[i] = n_lo - '0';
 459              		.loc 1 306 18 is_stmt 0 view .LVU113
 460 0016 A5F13006 		sub	r6, r5, #48
 461 001a F6B2     		uxtb	r6, r6
 306:.././simpleserial/simpleserial.c **** 			data_buf[i] = n_lo - '0';
 462              		.loc 1 306 5 view .LVU114
 463 001c 092E     		cmp	r6, #9
 464 001e 0BD8     		bhi	.L24
 307:.././simpleserial/simpleserial.c **** 		else if(n_lo >= 'A' && n_lo <= 'F')
 465              		.loc 1 307 4 is_stmt 1 view .LVU115
 307:.././simpleserial/simpleserial.c **** 		else if(n_lo >= 'A' && n_lo <= 'F')
 466              		.loc 1 307 16 is_stmt 0 view .LVU116
 467 0020 D654     		strb	r6, [r2, r3]
 468              	.LVL40:
 469              	.L25:
 315:.././simpleserial/simpleserial.c **** 			data_buf[i] |= (n_hi - '0') << 4;
 470              		.loc 1 315 3 is_stmt 1 view .LVU117
 315:.././simpleserial/simpleserial.c **** 			data_buf[i] |= (n_hi - '0') << 4;
 471              		.loc 1 315 18 is_stmt 0 view .LVU118
 472 0022 A4F13005 		sub	r5, r4, #48
 315:.././simpleserial/simpleserial.c **** 			data_buf[i] |= (n_hi - '0') << 4;
 473              		.loc 1 315 5 view .LVU119
 474 0026 EEB2     		uxtb	r6, r5
 475 0028 092E     		cmp	r6, #9
 476 002a 14D8     		bhi	.L29
 477              	.L36:
 318:.././simpleserial/simpleserial.c **** 		else if(n_hi >= 'a' && n_hi <= 'f')
 478              		.loc 1 318 16 view .LVU120
 479 002c D45C     		ldrb	r4, [r2, r3]	@ zero_extendqisi2
 480              	.LVL41:
 318:.././simpleserial/simpleserial.c **** 		else if(n_hi >= 'a' && n_hi <= 'f')
 481              		.loc 1 318 16 view .LVU121
 482 002e 44EA0514 		orr	r4, r4, r5, lsl #4
 483              	.L35:
 320:.././simpleserial/simpleserial.c **** 		else
 484              		.loc 1 320 16 view .LVU122
 485 0032 D454     		strb	r4, [r2, r3]
 486              	.LBE28:
 301:.././simpleserial/simpleserial.c **** 	{
 487              		.loc 1 301 26 is_stmt 1 view .LVU123
 301:.././simpleserial/simpleserial.c **** 	{
 488              		.loc 1 301 27 is_stmt 0 view .LVU124
 489 0034 0133     		adds	r3, r3, #1
 490              	.LVL42:
 301:.././simpleserial/simpleserial.c **** 	{
 491              		.loc 1 301 27 view .LVU125
 492 0036 E6E7     		b	.L23
 493              	.LVL43:
 494              	.L24:
 495              	.LBB29:
 308:.././simpleserial/simpleserial.c **** 			data_buf[i] = n_lo - 'A' + 10;
 496              		.loc 1 308 8 is_stmt 1 view .LVU126
 308:.././simpleserial/simpleserial.c **** 			data_buf[i] = n_lo - 'A' + 10;
 497              		.loc 1 308 10 is_stmt 0 view .LVU127
 498 0038 A5F14106 		sub	r6, r5, #65
 499 003c 052E     		cmp	r6, #5
 500 003e 02D8     		bhi	.L26
 309:.././simpleserial/simpleserial.c **** 		else if(n_lo >= 'a' && n_lo <= 'f')
 501              		.loc 1 309 4 is_stmt 1 view .LVU128
 309:.././simpleserial/simpleserial.c **** 		else if(n_lo >= 'a' && n_lo <= 'f')
 502              		.loc 1 309 29 is_stmt 0 view .LVU129
 503 0040 373D     		subs	r5, r5, #55
 504              	.LVL44:
 505              	.L34:
 311:.././simpleserial/simpleserial.c **** 		else
 506              		.loc 1 311 16 view .LVU130
 507 0042 D554     		strb	r5, [r2, r3]
 508              	.LVL45:
 311:.././simpleserial/simpleserial.c **** 		else
 509              		.loc 1 311 16 view .LVU131
 510 0044 EDE7     		b	.L25
 511              	.LVL46:
 512              	.L26:
 310:.././simpleserial/simpleserial.c **** 			data_buf[i] = n_lo - 'a' + 10;
 513              		.loc 1 310 8 is_stmt 1 view .LVU132
 310:.././simpleserial/simpleserial.c **** 			data_buf[i] = n_lo - 'a' + 10;
 514              		.loc 1 310 10 is_stmt 0 view .LVU133
 515 0046 A5F16106 		sub	r6, r5, #97
 516 004a 052E     		cmp	r6, #5
 517 004c 01D9     		bls	.L27
 518              	.LVL47:
 519              	.L32:
 313:.././simpleserial/simpleserial.c **** 
 520              		.loc 1 313 11 view .LVU134
 521 004e 0120     		movs	r0, #1
 522              	.LVL48:
 523              	.L22:
 313:.././simpleserial/simpleserial.c **** 
 524              		.loc 1 313 11 view .LVU135
 525              	.LBE29:
 526              	.LBE32:
 326:.././simpleserial/simpleserial.c **** 
 527              		.loc 1 326 1 view .LVU136
 528 0050 F0BD     		pop	{r4, r5, r6, r7, pc}
 529              	.LVL49:
 530              	.L27:
 531              	.LBB33:
 532              	.LBB30:
 311:.././simpleserial/simpleserial.c **** 		else
 533              		.loc 1 311 4 is_stmt 1 view .LVU137
 311:.././simpleserial/simpleserial.c **** 		else
 534              		.loc 1 311 29 is_stmt 0 view .LVU138
 535 0052 573D     		subs	r5, r5, #87
 536              	.LVL50:
 311:.././simpleserial/simpleserial.c **** 		else
 537              		.loc 1 311 29 view .LVU139
 538 0054 F5E7     		b	.L34
 539              	.LVL51:
 540              	.L29:
 317:.././simpleserial/simpleserial.c **** 			data_buf[i] |= (n_hi - 'A' + 10) << 4;
 541              		.loc 1 317 8 is_stmt 1 view .LVU140
 317:.././simpleserial/simpleserial.c **** 			data_buf[i] |= (n_hi - 'A' + 10) << 4;
 542              		.loc 1 317 10 is_stmt 0 view .LVU141
 543 0056 A4F14105 		sub	r5, r4, #65
 544 005a 052D     		cmp	r5, #5
 545 005c 02D8     		bhi	.L31
 318:.././simpleserial/simpleserial.c **** 		else if(n_hi >= 'a' && n_hi <= 'f')
 546              		.loc 1 318 4 is_stmt 1 view .LVU142
 318:.././simpleserial/simpleserial.c **** 		else if(n_hi >= 'a' && n_hi <= 'f')
 547              		.loc 1 318 31 is_stmt 0 view .LVU143
 548 005e A4F13705 		sub	r5, r4, #55
 549 0062 E3E7     		b	.L36
 550              	.L31:
 319:.././simpleserial/simpleserial.c **** 			data_buf[i] |= (n_hi - 'a' + 10) << 4;
 551              		.loc 1 319 8 is_stmt 1 view .LVU144
 319:.././simpleserial/simpleserial.c **** 			data_buf[i] |= (n_hi - 'a' + 10) << 4;
 552              		.loc 1 319 10 is_stmt 0 view .LVU145
 553 0064 A4F16105 		sub	r5, r4, #97
 554 0068 052D     		cmp	r5, #5
 555 006a F0D8     		bhi	.L32
 320:.././simpleserial/simpleserial.c **** 		else
 556              		.loc 1 320 4 is_stmt 1 view .LVU146
 320:.././simpleserial/simpleserial.c **** 		else
 557              		.loc 1 320 16 is_stmt 0 view .LVU147
 558 006c D55C     		ldrb	r5, [r2, r3]	@ zero_extendqisi2
 320:.././simpleserial/simpleserial.c **** 		else
 559              		.loc 1 320 31 view .LVU148
 560 006e 573C     		subs	r4, r4, #87
 561              	.LVL52:
 320:.././simpleserial/simpleserial.c **** 		else
 562              		.loc 1 320 16 view .LVU149
 563 0070 45EA0414 		orr	r4, r5, r4, lsl #4
 564              	.LVL53:
 320:.././simpleserial/simpleserial.c **** 		else
 565              		.loc 1 320 16 view .LVU150
 566 0074 DDE7     		b	.L35
 567              	.LBE30:
 568              	.LBE33:
 569              		.cfi_endproc
 570              	.LFE4:
 572              		.section	.text.simpleserial_addcmd_flags,"ax",%progbits
 573              		.align	1
 574              		.global	simpleserial_addcmd_flags
 575              		.syntax unified
 576              		.thumb
 577              		.thumb_func
 578              		.fpu softvfp
 580              	simpleserial_addcmd_flags:
 581              	.LVL54:
 582              	.LFB7:
 345:.././simpleserial/simpleserial.c **** 	if(num_commands >= MAX_SS_CMDS)
 583              		.loc 1 345 1 is_stmt 1 view -0
 584              		.cfi_startproc
 585              		@ args = 0, pretend = 0, frame = 0
 586              		@ frame_needed = 0, uses_anonymous_args = 0
 346:.././simpleserial/simpleserial.c **** 		return 1;
 587              		.loc 1 346 2 view .LVU152
 345:.././simpleserial/simpleserial.c **** 	if(num_commands >= MAX_SS_CMDS)
 588              		.loc 1 345 1 is_stmt 0 view .LVU153
 589 0000 70B5     		push	{r4, r5, r6, lr}
 590              	.LCFI10:
 591              		.cfi_def_cfa_offset 16
 592              		.cfi_offset 4, -16
 593              		.cfi_offset 5, -12
 594              		.cfi_offset 6, -8
 595              		.cfi_offset 14, -4
 346:.././simpleserial/simpleserial.c **** 		return 1;
 596              		.loc 1 346 18 view .LVU154
 597 0002 094E     		ldr	r6, .L41
 598 0004 3468     		ldr	r4, [r6]
 346:.././simpleserial/simpleserial.c **** 		return 1;
 599              		.loc 1 346 4 view .LVU155
 600 0006 0F2C     		cmp	r4, #15
 601 0008 0BDC     		bgt	.L40
 349:.././simpleserial/simpleserial.c **** 		return 1;
 602              		.loc 1 349 2 is_stmt 1 view .LVU156
 349:.././simpleserial/simpleserial.c **** 		return 1;
 603              		.loc 1 349 4 is_stmt 0 view .LVU157
 604 000a FF29     		cmp	r1, #255
 605 000c 09D8     		bhi	.L40
 352:.././simpleserial/simpleserial.c **** 	commands[num_commands].len = len;
 606              		.loc 1 352 2 is_stmt 1 view .LVU158
 352:.././simpleserial/simpleserial.c **** 	commands[num_commands].len = len;
 607              		.loc 1 352 29 is_stmt 0 view .LVU159
 608 000e 06EB0415 		add	r5, r6, r4, lsl #4
 354:.././simpleserial/simpleserial.c **** 	commands[num_commands].flags = fl;
 609              		.loc 1 354 29 view .LVU160
 610 0012 C5E90212 		strd	r1, r2, [r5, #8]
 356:.././simpleserial/simpleserial.c **** 
 611              		.loc 1 356 14 view .LVU161
 612 0016 0134     		adds	r4, r4, #1
 352:.././simpleserial/simpleserial.c **** 	commands[num_commands].len = len;
 613              		.loc 1 352 29 view .LVU162
 614 0018 2871     		strb	r0, [r5, #4]
 353:.././simpleserial/simpleserial.c **** 	commands[num_commands].fp  = fp;
 615              		.loc 1 353 2 is_stmt 1 view .LVU163
 355:.././simpleserial/simpleserial.c **** 	num_commands++;
 616              		.loc 1 355 2 view .LVU164
 355:.././simpleserial/simpleserial.c **** 	num_commands++;
 617              		.loc 1 355 31 is_stmt 0 view .LVU165
 618 001a 2B74     		strb	r3, [r5, #16]
 356:.././simpleserial/simpleserial.c **** 
 619              		.loc 1 356 2 is_stmt 1 view .LVU166
 356:.././simpleserial/simpleserial.c **** 
 620              		.loc 1 356 14 is_stmt 0 view .LVU167
 621 001c 3460     		str	r4, [r6]
 358:.././simpleserial/simpleserial.c **** }
 622              		.loc 1 358 2 is_stmt 1 view .LVU168
 358:.././simpleserial/simpleserial.c **** }
 623              		.loc 1 358 9 is_stmt 0 view .LVU169
 624 001e 0020     		movs	r0, #0
 625              	.LVL55:
 626              	.L37:
 359:.././simpleserial/simpleserial.c **** 
 627              		.loc 1 359 1 view .LVU170
 628 0020 70BD     		pop	{r4, r5, r6, pc}
 629              	.LVL56:
 630              	.L40:
 347:.././simpleserial/simpleserial.c **** 
 631              		.loc 1 347 10 view .LVU171
 632 0022 0120     		movs	r0, #1
 633              	.LVL57:
 347:.././simpleserial/simpleserial.c **** 
 634              		.loc 1 347 10 view .LVU172
 635 0024 FCE7     		b	.L37
 636              	.L42:
 637 0026 00BF     		.align	2
 638              	.L41:
 639 0028 00000000 		.word	.LANCHOR1
 640              		.cfi_endproc
 641              	.LFE7:
 643              		.section	.text.simpleserial_addcmd,"ax",%progbits
 644              		.align	1
 645              		.global	simpleserial_addcmd
 646              		.syntax unified
 647              		.thumb
 648              		.thumb_func
 649              		.fpu softvfp
 651              	simpleserial_addcmd:
 652              	.LVL58:
 653              	.LFB6:
 340:.././simpleserial/simpleserial.c **** 	return simpleserial_addcmd_flags(c, len, fp, CMD_FLAG_NONE);
 654              		.loc 1 340 1 is_stmt 1 view -0
 655              		.cfi_startproc
 656              		@ args = 0, pretend = 0, frame = 0
 657              		@ frame_needed = 0, uses_anonymous_args = 0
 658              		@ link register save eliminated.
 341:.././simpleserial/simpleserial.c **** }
 659              		.loc 1 341 2 view .LVU174
 341:.././simpleserial/simpleserial.c **** }
 660              		.loc 1 341 9 is_stmt 0 view .LVU175
 661 0000 0023     		movs	r3, #0
 662 0002 FFF7FEBF 		b	simpleserial_addcmd_flags
 663              	.LVL59:
 341:.././simpleserial/simpleserial.c **** }
 664              		.loc 1 341 9 view .LVU176
 665              		.cfi_endproc
 666              	.LFE6:
 668              		.section	.text.simpleserial_init,"ax",%progbits
 669              		.align	1
 670              		.global	simpleserial_init
 671              		.syntax unified
 672              		.thumb
 673              		.thumb_func
 674              		.fpu softvfp
 676              	simpleserial_init:
 677              	.LFB5:
 333:.././simpleserial/simpleserial.c **** 	simpleserial_addcmd('v', 0, check_version);
 678              		.loc 1 333 1 is_stmt 1 view -0
 679              		.cfi_startproc
 680              		@ args = 0, pretend = 0, frame = 0
 681              		@ frame_needed = 0, uses_anonymous_args = 0
 334:.././simpleserial/simpleserial.c ****     simpleserial_addcmd('w', 0, ss_get_commands);
 682              		.loc 1 334 2 view .LVU178
 333:.././simpleserial/simpleserial.c **** 	simpleserial_addcmd('v', 0, check_version);
 683              		.loc 1 333 1 is_stmt 0 view .LVU179
 684 0000 08B5     		push	{r3, lr}
 685              	.LCFI11:
 686              		.cfi_def_cfa_offset 8
 687              		.cfi_offset 3, -8
 688              		.cfi_offset 14, -4
 334:.././simpleserial/simpleserial.c ****     simpleserial_addcmd('w', 0, ss_get_commands);
 689              		.loc 1 334 2 view .LVU180
 690 0002 084A     		ldr	r2, .L45
 691 0004 0021     		movs	r1, #0
 692 0006 7620     		movs	r0, #118
 693 0008 FFF7FEFF 		bl	simpleserial_addcmd
 694              	.LVL60:
 335:.././simpleserial/simpleserial.c ****     simpleserial_addcmd('y', 0, ss_num_commands);
 695              		.loc 1 335 5 is_stmt 1 view .LVU181
 696 000c 064A     		ldr	r2, .L45+4
 697 000e 0021     		movs	r1, #0
 698 0010 7720     		movs	r0, #119
 699 0012 FFF7FEFF 		bl	simpleserial_addcmd
 700              	.LVL61:
 336:.././simpleserial/simpleserial.c **** }
 701              		.loc 1 336 5 view .LVU182
 337:.././simpleserial/simpleserial.c **** 
 702              		.loc 1 337 1 is_stmt 0 view .LVU183
 703 0016 BDE80840 		pop	{r3, lr}
 704              	.LCFI12:
 705              		.cfi_restore 14
 706              		.cfi_restore 3
 707              		.cfi_def_cfa_offset 0
 336:.././simpleserial/simpleserial.c **** }
 708              		.loc 1 336 5 view .LVU184
 709 001a 044A     		ldr	r2, .L45+8
 710 001c 0021     		movs	r1, #0
 711 001e 7920     		movs	r0, #121
 712 0020 FFF7FEBF 		b	simpleserial_addcmd
 713              	.LVL62:
 714              	.L46:
 715              		.align	2
 716              	.L45:
 717 0024 00000000 		.word	check_version
 718 0028 00000000 		.word	ss_get_commands
 719 002c 00000000 		.word	ss_num_commands
 720              		.cfi_endproc
 721              	.LFE5:
 723              		.section	.text.simpleserial_get,"ax",%progbits
 724              		.align	1
 725              		.global	simpleserial_get
 726              		.syntax unified
 727              		.thumb
 728              		.thumb_func
 729              		.fpu softvfp
 731              	simpleserial_get:
 732              	.LFB8:
 362:.././simpleserial/simpleserial.c **** 	char ascii_buf[2*MAX_SS_LEN];
 733              		.loc 1 362 1 is_stmt 1 view -0
 734              		.cfi_startproc
 735              		@ args = 0, pretend = 0, frame = 776
 736              		@ frame_needed = 0, uses_anonymous_args = 0
 363:.././simpleserial/simpleserial.c **** 	uint8_t data_buf[MAX_SS_LEN];
 737              		.loc 1 363 2 view .LVU186
 364:.././simpleserial/simpleserial.c **** 	char c;
 738              		.loc 1 364 2 view .LVU187
 365:.././simpleserial/simpleserial.c **** 
 739              		.loc 1 365 2 view .LVU188
 368:.././simpleserial/simpleserial.c **** 
 740              		.loc 1 368 2 view .LVU189
 362:.././simpleserial/simpleserial.c **** 	char ascii_buf[2*MAX_SS_LEN];
 741              		.loc 1 362 1 is_stmt 0 view .LVU190
 742 0000 2DE9F041 		push	{r4, r5, r6, r7, r8, lr}
 743              	.LCFI13:
 744              		.cfi_def_cfa_offset 24
 745              		.cfi_offset 4, -24
 746              		.cfi_offset 5, -20
 747              		.cfi_offset 6, -16
 748              		.cfi_offset 7, -12
 749              		.cfi_offset 8, -8
 750              		.cfi_offset 14, -4
 371:.././simpleserial/simpleserial.c **** 	{
 751              		.loc 1 371 19 view .LVU191
 752 0004 2E4C     		ldr	r4, .L70
 362:.././simpleserial/simpleserial.c **** 	char ascii_buf[2*MAX_SS_LEN];
 753              		.loc 1 362 1 view .LVU192
 754 0006 ADF5427D 		sub	sp, sp, #776
 755              	.LCFI14:
 756              		.cfi_def_cfa_offset 800
 368:.././simpleserial/simpleserial.c **** 
 757              		.loc 1 368 6 view .LVU193
 758 000a FFF7FEFF 		bl	getch
 759              	.LVL63:
 370:.././simpleserial/simpleserial.c **** 	for(cmd = 0; cmd < num_commands; cmd++)
 760              		.loc 1 370 2 is_stmt 1 view .LVU194
 371:.././simpleserial/simpleserial.c **** 	{
 761              		.loc 1 371 2 view .LVU195
 371:.././simpleserial/simpleserial.c **** 	{
 762              		.loc 1 371 19 is_stmt 0 view .LVU196
 763 000e 2268     		ldr	r2, [r4]
 371:.././simpleserial/simpleserial.c **** 	{
 764              		.loc 1 371 10 view .LVU197
 765 0010 0023     		movs	r3, #0
 373:.././simpleserial/simpleserial.c **** 			break;
 766              		.loc 1 373 19 view .LVU198
 767 0012 211D     		adds	r1, r4, #4
 768              	.LVL64:
 769              	.L48:
 371:.././simpleserial/simpleserial.c **** 	{
 770              		.loc 1 371 15 is_stmt 1 discriminator 1 view .LVU199
 371:.././simpleserial/simpleserial.c **** 	{
 771              		.loc 1 371 2 is_stmt 0 discriminator 1 view .LVU200
 772 0014 9A42     		cmp	r2, r3
 773 0016 04DC     		bgt	.L52
 378:.././simpleserial/simpleserial.c **** 		return;
 774              		.loc 1 378 2 is_stmt 1 view .LVU201
 378:.././simpleserial/simpleserial.c **** 		return;
 775              		.loc 1 378 4 is_stmt 0 view .LVU202
 776 0018 07D1     		bne	.L54
 777              	.LVL65:
 778              	.L47:
 423:.././simpleserial/simpleserial.c **** 
 779              		.loc 1 423 1 view .LVU203
 780 001a 0DF5427D 		add	sp, sp, #776
 781              	.LCFI15:
 782              		.cfi_remember_state
 783              		.cfi_def_cfa_offset 24
 784              		@ sp needed
 785 001e BDE8F081 		pop	{r4, r5, r6, r7, r8, pc}
 786              	.LVL66:
 787              	.L52:
 788              	.LCFI16:
 789              		.cfi_restore_state
 373:.././simpleserial/simpleserial.c **** 			break;
 790              		.loc 1 373 3 is_stmt 1 view .LVU204
 373:.././simpleserial/simpleserial.c **** 			break;
 791              		.loc 1 373 19 is_stmt 0 view .LVU205
 792 0022 1D01     		lsls	r5, r3, #4
 373:.././simpleserial/simpleserial.c **** 			break;
 793              		.loc 1 373 5 view .LVU206
 794 0024 6D5C     		ldrb	r5, [r5, r1]	@ zero_extendqisi2
 795 0026 8542     		cmp	r5, r0
 796 0028 3DD1     		bne	.L49
 797              	.L54:
 382:.././simpleserial/simpleserial.c **** 	{
 798              		.loc 1 382 2 is_stmt 1 view .LVU207
 382:.././simpleserial/simpleserial.c **** 	{
 799              		.loc 1 382 20 is_stmt 0 view .LVU208
 800 002a 04EB0315 		add	r5, r4, r3, lsl #4
 801 002e 1E01     		lsls	r6, r3, #4
 382:.././simpleserial/simpleserial.c **** 	{
 802              		.loc 1 382 5 view .LVU209
 803 0030 2B7C     		ldrb	r3, [r5, #16]	@ zero_extendqisi2
 804              	.LVL67:
 382:.././simpleserial/simpleserial.c **** 	{
 805              		.loc 1 382 5 view .LVU210
 806 0032 DB07     		lsls	r3, r3, #31
 807 0034 14D5     		bpl	.L51
 808              	.LBB34:
 384:.././simpleserial/simpleserial.c **** 		char buff[2];
 809              		.loc 1 384 3 is_stmt 1 view .LVU211
 384:.././simpleserial/simpleserial.c **** 		char buff[2];
 810              		.loc 1 384 11 is_stmt 0 view .LVU212
 811 0036 0023     		movs	r3, #0
 812 0038 8DF80830 		strb	r3, [sp, #8]
 385:.././simpleserial/simpleserial.c **** 		buff[0] = getch();
 813              		.loc 1 385 3 is_stmt 1 view .LVU213
 386:.././simpleserial/simpleserial.c **** 		buff[1] = getch();
 814              		.loc 1 386 3 view .LVU214
 386:.././simpleserial/simpleserial.c **** 		buff[1] = getch();
 815              		.loc 1 386 13 is_stmt 0 view .LVU215
 816 003c FFF7FEFF 		bl	getch
 817              	.LVL68:
 386:.././simpleserial/simpleserial.c **** 		buff[1] = getch();
 818              		.loc 1 386 11 view .LVU216
 819 0040 8DF80801 		strb	r0, [sp, #264]
 387:.././simpleserial/simpleserial.c **** 		if (hex_decode(1, buff, &l))
 820              		.loc 1 387 3 is_stmt 1 view .LVU217
 387:.././simpleserial/simpleserial.c **** 		if (hex_decode(1, buff, &l))
 821              		.loc 1 387 13 is_stmt 0 view .LVU218
 822 0044 FFF7FEFF 		bl	getch
 823              	.LVL69:
 388:.././simpleserial/simpleserial.c **** 			return;
 824              		.loc 1 388 7 view .LVU219
 825 0048 02AA     		add	r2, sp, #8
 387:.././simpleserial/simpleserial.c **** 		if (hex_decode(1, buff, &l))
 826              		.loc 1 387 11 view .LVU220
 827 004a 8DF80901 		strb	r0, [sp, #265]
 388:.././simpleserial/simpleserial.c **** 			return;
 828              		.loc 1 388 3 is_stmt 1 view .LVU221
 388:.././simpleserial/simpleserial.c **** 			return;
 829              		.loc 1 388 7 is_stmt 0 view .LVU222
 830 004e 42A9     		add	r1, sp, #264
 831 0050 0120     		movs	r0, #1
 832 0052 FFF7FEFF 		bl	hex_decode
 833              	.LVL70:
 388:.././simpleserial/simpleserial.c **** 			return;
 834              		.loc 1 388 6 view .LVU223
 835 0056 0028     		cmp	r0, #0
 836 0058 DFD1     		bne	.L47
 390:.././simpleserial/simpleserial.c **** 	}
 837              		.loc 1 390 3 is_stmt 1 view .LVU224
 390:.././simpleserial/simpleserial.c **** 	}
 838              		.loc 1 390 21 is_stmt 0 view .LVU225
 839 005a 9DF80830 		ldrb	r3, [sp, #8]	@ zero_extendqisi2
 840 005e AB60     		str	r3, [r5, #8]
 841              	.L51:
 842              	.LBE34:
 371:.././simpleserial/simpleserial.c **** 	{
 843              		.loc 1 371 10 discriminator 1 view .LVU226
 844 0060 0025     		movs	r5, #0
 845              	.LBB35:
 394:.././simpleserial/simpleserial.c **** 	{
 846              		.loc 1 394 36 discriminator 1 view .LVU227
 847 0062 A719     		adds	r7, r4, r6
 402:.././simpleserial/simpleserial.c **** 	}
 848              		.loc 1 402 16 discriminator 1 view .LVU228
 849 0064 0DF58478 		add	r8, sp, #264
 850              	.L57:
 851              	.LVL71:
 394:.././simpleserial/simpleserial.c **** 	{
 852              		.loc 1 394 17 is_stmt 1 discriminator 1 view .LVU229
 394:.././simpleserial/simpleserial.c **** 	{
 853              		.loc 1 394 22 is_stmt 0 discriminator 1 view .LVU230
 854 0068 BB68     		ldr	r3, [r7, #8]
 394:.././simpleserial/simpleserial.c **** 	{
 855              		.loc 1 394 2 discriminator 1 view .LVU231
 856 006a B5EB430F 		cmp	r5, r3, lsl #1
 857 006e 1CD3     		bcc	.L58
 858              	.LBE35:
 406:.././simpleserial/simpleserial.c **** 	if(c != '\n' && c != '\r')
 859              		.loc 1 406 2 is_stmt 1 view .LVU232
 406:.././simpleserial/simpleserial.c **** 	if(c != '\n' && c != '\r')
 860              		.loc 1 406 6 is_stmt 0 view .LVU233
 861 0070 FFF7FEFF 		bl	getch
 862              	.LVL72:
 407:.././simpleserial/simpleserial.c **** 		return;
 863              		.loc 1 407 2 is_stmt 1 view .LVU234
 407:.././simpleserial/simpleserial.c **** 		return;
 864              		.loc 1 407 4 is_stmt 0 view .LVU235
 865 0074 0A28     		cmp	r0, #10
 866 0076 01D0     		beq	.L59
 407:.././simpleserial/simpleserial.c **** 		return;
 867              		.loc 1 407 15 discriminator 1 view .LVU236
 868 0078 0D28     		cmp	r0, #13
 869 007a CED1     		bne	.L47
 870              	.L59:
 412:.././simpleserial/simpleserial.c **** 		return;
 871              		.loc 1 412 2 is_stmt 1 view .LVU237
 412:.././simpleserial/simpleserial.c **** 		return;
 872              		.loc 1 412 29 is_stmt 0 view .LVU238
 873 007c 3444     		add	r4, r4, r6
 412:.././simpleserial/simpleserial.c **** 		return;
 874              		.loc 1 412 5 view .LVU239
 875 007e 02AA     		add	r2, sp, #8
 412:.././simpleserial/simpleserial.c **** 		return;
 876              		.loc 1 412 29 view .LVU240
 877 0080 A568     		ldr	r5, [r4, #8]
 878              	.LVL73:
 412:.././simpleserial/simpleserial.c **** 		return;
 879              		.loc 1 412 5 view .LVU241
 880 0082 42A9     		add	r1, sp, #264
 881 0084 2846     		mov	r0, r5
 882              	.LVL74:
 412:.././simpleserial/simpleserial.c **** 		return;
 883              		.loc 1 412 5 view .LVU242
 884 0086 FFF7FEFF 		bl	hex_decode
 885              	.LVL75:
 412:.././simpleserial/simpleserial.c **** 		return;
 886              		.loc 1 412 4 view .LVU243
 887 008a 0028     		cmp	r0, #0
 888 008c C5D1     		bne	.L47
 416:.././simpleserial/simpleserial.c **** 	ret[0] = commands[cmd].fp(data_buf, commands[cmd].len);
 889              		.loc 1 416 2 is_stmt 1 view .LVU244
 417:.././simpleserial/simpleserial.c **** 
 890              		.loc 1 417 2 view .LVU245
 417:.././simpleserial/simpleserial.c **** 
 891              		.loc 1 417 11 is_stmt 0 view .LVU246
 892 008e E9B2     		uxtb	r1, r5
 893 0090 E368     		ldr	r3, [r4, #12]
 894 0092 02A8     		add	r0, sp, #8
 895 0094 9847     		blx	r3
 896              	.LVL76:
 897              	.LBB36:
 898              	.LBB37:
 899 0096 01AA     		add	r2, sp, #4
 900              	.LBE37:
 901              	.LBE36:
 417:.././simpleserial/simpleserial.c **** 
 902              		.loc 1 417 9 view .LVU247
 903 0098 8DF80400 		strb	r0, [sp, #4]
 421:.././simpleserial/simpleserial.c **** #endif
 904              		.loc 1 421 2 is_stmt 1 view .LVU248
 905              	.LVL77:
 906              	.LBB39:
 907              	.LBI36:
 425:.././simpleserial/simpleserial.c **** {
 908              		.loc 1 425 6 view .LVU249
 909              	.LBB38:
 428:.././simpleserial/simpleserial.c **** 	putch(c);
 910              		.loc 1 428 5 view .LVU250
 911 009c 0121     		movs	r1, #1
 912 009e 7A20     		movs	r0, #122
 913 00a0 FFF7FEFF 		bl	simpleserial_put.part.0
 914              	.LVL78:
 428:.././simpleserial/simpleserial.c **** 	putch(c);
 915              		.loc 1 428 5 is_stmt 0 view .LVU251
 916              	.LBE38:
 917              	.LBE39:
 918 00a4 B9E7     		b	.L47
 919              	.LVL79:
 920              	.L49:
 371:.././simpleserial/simpleserial.c **** 	{
 921              		.loc 1 371 35 is_stmt 1 discriminator 2 view .LVU252
 371:.././simpleserial/simpleserial.c **** 	{
 922              		.loc 1 371 38 is_stmt 0 discriminator 2 view .LVU253
 923 00a6 0133     		adds	r3, r3, #1
 924              	.LVL80:
 371:.././simpleserial/simpleserial.c **** 	{
 925              		.loc 1 371 38 discriminator 2 view .LVU254
 926 00a8 B4E7     		b	.L48
 927              	.LVL81:
 928              	.L58:
 929              	.LBB40:
 396:.././simpleserial/simpleserial.c **** 
 930              		.loc 1 396 3 is_stmt 1 view .LVU255
 396:.././simpleserial/simpleserial.c **** 
 931              		.loc 1 396 7 is_stmt 0 view .LVU256
 932 00aa FFF7FEFF 		bl	getch
 933              	.LVL82:
 399:.././simpleserial/simpleserial.c **** 			return;
 934              		.loc 1 399 3 is_stmt 1 view .LVU257
 399:.././simpleserial/simpleserial.c **** 			return;
 935              		.loc 1 399 5 is_stmt 0 view .LVU258
 936 00ae 0A28     		cmp	r0, #10
 937 00b0 B3D0     		beq	.L47
 399:.././simpleserial/simpleserial.c **** 			return;
 938              		.loc 1 399 16 discriminator 1 view .LVU259
 939 00b2 0D28     		cmp	r0, #13
 940 00b4 B1D0     		beq	.L47
 402:.././simpleserial/simpleserial.c **** 	}
 941              		.loc 1 402 3 is_stmt 1 discriminator 2 view .LVU260
 402:.././simpleserial/simpleserial.c **** 	}
 942              		.loc 1 402 16 is_stmt 0 discriminator 2 view .LVU261
 943 00b6 05F80800 		strb	r0, [r5, r8]
 394:.././simpleserial/simpleserial.c **** 	{
 944              		.loc 1 394 42 is_stmt 1 discriminator 2 view .LVU262
 394:.././simpleserial/simpleserial.c **** 	{
 945              		.loc 1 394 43 is_stmt 0 discriminator 2 view .LVU263
 946 00ba 0135     		adds	r5, r5, #1
 947              	.LVL83:
 394:.././simpleserial/simpleserial.c **** 	{
 948              		.loc 1 394 43 discriminator 2 view .LVU264
 949 00bc D4E7     		b	.L57
 950              	.L71:
 951 00be 00BF     		.align	2
 952              	.L70:
 953 00c0 00000000 		.word	.LANCHOR1
 954              	.LBE40:
 955              		.cfi_endproc
 956              	.LFE8:
 958              		.section	.text.simpleserial_put,"ax",%progbits
 959              		.align	1
 960              		.global	simpleserial_put
 961              		.syntax unified
 962              		.thumb
 963              		.thumb_func
 964              		.fpu softvfp
 966              	simpleserial_put:
 967              	.LVL84:
 968              	.LFB9:
 426:.././simpleserial/simpleserial.c **** 	// Write first character
 969              		.loc 1 426 1 is_stmt 1 view -0
 970              		.cfi_startproc
 971              		@ args = 0, pretend = 0, frame = 0
 972              		@ frame_needed = 0, uses_anonymous_args = 0
 973              		@ link register save eliminated.
 428:.././simpleserial/simpleserial.c **** 	putch(c);
 974              		.loc 1 428 5 view .LVU266
 428:.././simpleserial/simpleserial.c **** 	putch(c);
 975              		.loc 1 428 8 is_stmt 0 view .LVU267
 976 0000 0AB1     		cbz	r2, .L72
 977 0002 FFF7FEBF 		b	simpleserial_put.part.0
 978              	.LVL85:
 979              	.L72:
 980              		.loc 1 440 1 view .LVU268
 981 0006 7047     		bx	lr
 982              		.cfi_endproc
 983              	.LFE9:
 985              		.section	.rodata
 986              		.set	.LANCHOR0,. + 0
 989              	hex_lookup:
 990 0000 30313233 		.ascii	"0123456789ABCDEF"
 990      34353637 
 990      38394142 
 990      43444546 
 991              		.bss
 992              		.align	2
 993              		.set	.LANCHOR1,. + 0
 996              	num_commands:
 997 0000 00000000 		.space	4
 1000              	commands:
 1001 0004 00000000 		.space	256
 1001      00000000 
 1001      00000000 
 1001      00000000 
 1001      00000000 
 1002              		.text
 1003              	.Letext0:
 1004              		.file 2 "/usr/lib/gcc/arm-none-eabi/9.2.1/include/stdint.h"
 1005              		.file 3 ".././hal/stm32f3/stm32f3_hal.h"
DEFINED SYMBOLS
                            *ABS*:0000000000000000 simpleserial.c
     /tmp/ccGnjyhu.s:16     .text.check_version:0000000000000000 $t
     /tmp/ccGnjyhu.s:24     .text.check_version:0000000000000000 check_version
     /tmp/ccGnjyhu.s:43     .text.simpleserial_put.part.0:0000000000000000 $t
     /tmp/ccGnjyhu.s:49     .text.simpleserial_put.part.0:0000000000000000 simpleserial_put.part.0
     /tmp/ccGnjyhu.s:130    .text.simpleserial_put.part.0:000000000000003c $d
     /tmp/ccGnjyhu.s:136    .text.ss_num_commands:0000000000000000 $t
     /tmp/ccGnjyhu.s:143    .text.ss_num_commands:0000000000000000 ss_num_commands
     /tmp/ccGnjyhu.s:194    .text.ss_num_commands:0000000000000020 $d
     /tmp/ccGnjyhu.s:199    .text.ss_get_commands:0000000000000000 $t
     /tmp/ccGnjyhu.s:206    .text.ss_get_commands:0000000000000000 ss_get_commands
     /tmp/ccGnjyhu.s:322    .text.ss_get_commands:000000000000004c $d
     /tmp/ccGnjyhu.s:328    .text.ss_crc:0000000000000000 $t
     /tmp/ccGnjyhu.s:335    .text.ss_crc:0000000000000000 ss_crc
     /tmp/ccGnjyhu.s:399    .text.hex_decode:0000000000000000 $t
     /tmp/ccGnjyhu.s:406    .text.hex_decode:0000000000000000 hex_decode
     /tmp/ccGnjyhu.s:573    .text.simpleserial_addcmd_flags:0000000000000000 $t
     /tmp/ccGnjyhu.s:580    .text.simpleserial_addcmd_flags:0000000000000000 simpleserial_addcmd_flags
     /tmp/ccGnjyhu.s:639    .text.simpleserial_addcmd_flags:0000000000000028 $d
     /tmp/ccGnjyhu.s:644    .text.simpleserial_addcmd:0000000000000000 $t
     /tmp/ccGnjyhu.s:651    .text.simpleserial_addcmd:0000000000000000 simpleserial_addcmd
     /tmp/ccGnjyhu.s:669    .text.simpleserial_init:0000000000000000 $t
     /tmp/ccGnjyhu.s:676    .text.simpleserial_init:0000000000000000 simpleserial_init
     /tmp/ccGnjyhu.s:717    .text.simpleserial_init:0000000000000024 $d
     /tmp/ccGnjyhu.s:724    .text.simpleserial_get:0000000000000000 $t
     /tmp/ccGnjyhu.s:731    .text.simpleserial_get:0000000000000000 simpleserial_get
     /tmp/ccGnjyhu.s:953    .text.simpleserial_get:00000000000000c0 $d
     /tmp/ccGnjyhu.s:959    .text.simpleserial_put:0000000000000000 $t
     /tmp/ccGnjyhu.s:966    .text.simpleserial_put:0000000000000000 simpleserial_put
     /tmp/ccGnjyhu.s:989    .rodata:0000000000000000 hex_lookup
     /tmp/ccGnjyhu.s:992    .bss:0000000000000000 $d
     /tmp/ccGnjyhu.s:996    .bss:0000000000000000 num_commands
     /tmp/ccGnjyhu.s:1000   .bss:0000000000000004 commands

UNDEFINED SYMBOLS
putch
getch
