   1              		.cpu cortex-m4
   2              		.eabi_attribute 20, 1
   3              		.eabi_attribute 21, 1
   4              		.eabi_attribute 23, 3
   5              		.eabi_attribute 24, 1
   6              		.eabi_attribute 25, 1
   7              		.eabi_attribute 26, 1
   8              		.eabi_attribute 30, 4
   9              		.eabi_attribute 34, 1
  10              		.eabi_attribute 18, 4
  11              		.file	"stm32f3xx_it.c"
  12              		.text
  13              	.Ltext0:
  14              		.cfi_sections	.debug_frame
  15              		.section	.text.NMI_Handler,"ax",%progbits
  16              		.align	1
  17              		.global	NMI_Handler
  18              		.arch armv7e-m
  19              		.syntax unified
  20              		.thumb
  21              		.thumb_func
  22              		.fpu softvfp
  24              	NMI_Handler:
  25              	.LFB123:
  26              		.file 1 ".././hal//stm32f3/stm32f3xx_it.c"
   1:.././hal//stm32f3/stm32f3xx_it.c **** /* USER CODE BEGIN Header */
   2:.././hal//stm32f3/stm32f3xx_it.c **** /**
   3:.././hal//stm32f3/stm32f3xx_it.c ****   ******************************************************************************
   4:.././hal//stm32f3/stm32f3xx_it.c ****   * @file    stm32f3xx_it.c
   5:.././hal//stm32f3/stm32f3xx_it.c ****   * @brief   Interrupt Service Routines.
   6:.././hal//stm32f3/stm32f3xx_it.c ****   ******************************************************************************
   7:.././hal//stm32f3/stm32f3xx_it.c ****   * @attention
   8:.././hal//stm32f3/stm32f3xx_it.c ****   *
   9:.././hal//stm32f3/stm32f3xx_it.c ****   * Copyright (c) 2025 STMicroelectronics.
  10:.././hal//stm32f3/stm32f3xx_it.c ****   * All rights reserved.
  11:.././hal//stm32f3/stm32f3xx_it.c ****   *
  12:.././hal//stm32f3/stm32f3xx_it.c ****   * This software is licensed under terms that can be found in the LICENSE file
  13:.././hal//stm32f3/stm32f3xx_it.c ****   * in the root directory of this software component.
  14:.././hal//stm32f3/stm32f3xx_it.c ****   * If no LICENSE file comes with this software, it is provided AS-IS.
  15:.././hal//stm32f3/stm32f3xx_it.c ****   *
  16:.././hal//stm32f3/stm32f3xx_it.c ****   ******************************************************************************
  17:.././hal//stm32f3/stm32f3xx_it.c ****   */
  18:.././hal//stm32f3/stm32f3xx_it.c **** /* USER CODE END Header */
  19:.././hal//stm32f3/stm32f3xx_it.c **** 
  20:.././hal//stm32f3/stm32f3xx_it.c **** /* Includes ------------------------------------------------------------------*/
  21:.././hal//stm32f3/stm32f3xx_it.c **** #include "main.h"
  22:.././hal//stm32f3/stm32f3xx_it.c **** #include "stm32f3xx_it.h"
  23:.././hal//stm32f3/stm32f3xx_it.c **** /* Private includes ----------------------------------------------------------*/
  24:.././hal//stm32f3/stm32f3xx_it.c **** /* USER CODE BEGIN Includes */
  25:.././hal//stm32f3/stm32f3xx_it.c **** /* USER CODE END Includes */
  26:.././hal//stm32f3/stm32f3xx_it.c **** 
  27:.././hal//stm32f3/stm32f3xx_it.c **** /* Private typedef -----------------------------------------------------------*/
  28:.././hal//stm32f3/stm32f3xx_it.c **** /* USER CODE BEGIN TD */
  29:.././hal//stm32f3/stm32f3xx_it.c **** 
  30:.././hal//stm32f3/stm32f3xx_it.c **** /* USER CODE END TD */
  31:.././hal//stm32f3/stm32f3xx_it.c **** 
  32:.././hal//stm32f3/stm32f3xx_it.c **** /* Private define ------------------------------------------------------------*/
  33:.././hal//stm32f3/stm32f3xx_it.c **** /* USER CODE BEGIN PD */
  34:.././hal//stm32f3/stm32f3xx_it.c **** 
  35:.././hal//stm32f3/stm32f3xx_it.c **** /* USER CODE END PD */
  36:.././hal//stm32f3/stm32f3xx_it.c **** 
  37:.././hal//stm32f3/stm32f3xx_it.c **** /* Private macro -------------------------------------------------------------*/
  38:.././hal//stm32f3/stm32f3xx_it.c **** /* USER CODE BEGIN PM */
  39:.././hal//stm32f3/stm32f3xx_it.c **** 
  40:.././hal//stm32f3/stm32f3xx_it.c **** /* USER CODE END PM */
  41:.././hal//stm32f3/stm32f3xx_it.c **** 
  42:.././hal//stm32f3/stm32f3xx_it.c **** /* Private variables ---------------------------------------------------------*/
  43:.././hal//stm32f3/stm32f3xx_it.c **** /* USER CODE BEGIN PV */
  44:.././hal//stm32f3/stm32f3xx_it.c **** 
  45:.././hal//stm32f3/stm32f3xx_it.c **** /* USER CODE END PV */
  46:.././hal//stm32f3/stm32f3xx_it.c **** 
  47:.././hal//stm32f3/stm32f3xx_it.c **** /* Private function prototypes -----------------------------------------------*/
  48:.././hal//stm32f3/stm32f3xx_it.c **** /* USER CODE BEGIN PFP */
  49:.././hal//stm32f3/stm32f3xx_it.c **** 
  50:.././hal//stm32f3/stm32f3xx_it.c **** /* USER CODE END PFP */
  51:.././hal//stm32f3/stm32f3xx_it.c **** 
  52:.././hal//stm32f3/stm32f3xx_it.c **** /* Private user code ---------------------------------------------------------*/
  53:.././hal//stm32f3/stm32f3xx_it.c **** /* USER CODE BEGIN 0 */
  54:.././hal//stm32f3/stm32f3xx_it.c **** 
  55:.././hal//stm32f3/stm32f3xx_it.c **** /* USER CODE END 0 */
  56:.././hal//stm32f3/stm32f3xx_it.c **** 
  57:.././hal//stm32f3/stm32f3xx_it.c **** /* External variables --------------------------------------------------------*/
  58:.././hal//stm32f3/stm32f3xx_it.c **** 
  59:.././hal//stm32f3/stm32f3xx_it.c **** /* USER CODE BEGIN EV */
  60:.././hal//stm32f3/stm32f3xx_it.c **** 
  61:.././hal//stm32f3/stm32f3xx_it.c **** /* USER CODE END EV */
  62:.././hal//stm32f3/stm32f3xx_it.c **** 
  63:.././hal//stm32f3/stm32f3xx_it.c **** /******************************************************************************/
  64:.././hal//stm32f3/stm32f3xx_it.c **** /*           Cortex-M4 Processor Interruption and Exception Handlers          */
  65:.././hal//stm32f3/stm32f3xx_it.c **** /******************************************************************************/
  66:.././hal//stm32f3/stm32f3xx_it.c **** /**
  67:.././hal//stm32f3/stm32f3xx_it.c ****   * @brief This function handles Non maskable interrupt.
  68:.././hal//stm32f3/stm32f3xx_it.c ****   */
  69:.././hal//stm32f3/stm32f3xx_it.c **** void NMI_Handler(void)
  70:.././hal//stm32f3/stm32f3xx_it.c **** {
  27              		.loc 1 70 1 view -0
  28              		.cfi_startproc
  29              		@ Volatile: function does not return.
  30              		@ args = 0, pretend = 0, frame = 0
  31              		@ frame_needed = 0, uses_anonymous_args = 0
  32              		@ link register save eliminated.
  33              	.L2:
  71:.././hal//stm32f3/stm32f3xx_it.c ****   /* USER CODE BEGIN NonMaskableInt_IRQn 0 */
  72:.././hal//stm32f3/stm32f3xx_it.c **** 
  73:.././hal//stm32f3/stm32f3xx_it.c ****   /* USER CODE END NonMaskableInt_IRQn 0 */
  74:.././hal//stm32f3/stm32f3xx_it.c ****   /* USER CODE BEGIN NonMaskableInt_IRQn 1 */
  75:.././hal//stm32f3/stm32f3xx_it.c ****    while (1)
  34              		.loc 1 75 4 discriminator 1 view .LVU1
  76:.././hal//stm32f3/stm32f3xx_it.c ****   {
  77:.././hal//stm32f3/stm32f3xx_it.c ****   }
  35              		.loc 1 77 3 discriminator 1 view .LVU2
  75:.././hal//stm32f3/stm32f3xx_it.c ****   {
  36              		.loc 1 75 10 discriminator 1 view .LVU3
  37 0000 FEE7     		b	.L2
  38              		.cfi_endproc
  39              	.LFE123:
  41              		.section	.text.HardFault_Handler,"ax",%progbits
  42              		.align	1
  43              		.global	HardFault_Handler
  44              		.syntax unified
  45              		.thumb
  46              		.thumb_func
  47              		.fpu softvfp
  49              	HardFault_Handler:
  50              	.LFB124:
  78:.././hal//stm32f3/stm32f3xx_it.c ****   /* USER CODE END NonMaskableInt_IRQn 1 */
  79:.././hal//stm32f3/stm32f3xx_it.c **** }
  80:.././hal//stm32f3/stm32f3xx_it.c **** 
  81:.././hal//stm32f3/stm32f3xx_it.c **** /**
  82:.././hal//stm32f3/stm32f3xx_it.c ****   * @brief This function handles Hard fault interrupt.
  83:.././hal//stm32f3/stm32f3xx_it.c ****   */
  84:.././hal//stm32f3/stm32f3xx_it.c **** void HardFault_Handler(void)
  85:.././hal//stm32f3/stm32f3xx_it.c **** {
  51              		.loc 1 85 1 view -0
  52              		.cfi_startproc
  53              		@ Volatile: function does not return.
  54              		@ args = 0, pretend = 0, frame = 0
  55              		@ frame_needed = 0, uses_anonymous_args = 0
  56              		@ link register save eliminated.
  57              	.L4:
  86:.././hal//stm32f3/stm32f3xx_it.c ****   /* USER CODE BEGIN HardFault_IRQn 0 */
  87:.././hal//stm32f3/stm32f3xx_it.c **** 
  88:.././hal//stm32f3/stm32f3xx_it.c ****   /* USER CODE END HardFault_IRQn 0 */
  89:.././hal//stm32f3/stm32f3xx_it.c ****   while (1)
  58              		.loc 1 89 3 discriminator 1 view .LVU5
  90:.././hal//stm32f3/stm32f3xx_it.c ****   {
  91:.././hal//stm32f3/stm32f3xx_it.c ****     /* USER CODE BEGIN W1_HardFault_IRQn 0 */
  92:.././hal//stm32f3/stm32f3xx_it.c ****     /* USER CODE END W1_HardFault_IRQn 0 */
  93:.././hal//stm32f3/stm32f3xx_it.c ****   }
  59              		.loc 1 93 3 discriminator 1 view .LVU6
  89:.././hal//stm32f3/stm32f3xx_it.c ****   {
  60              		.loc 1 89 9 discriminator 1 view .LVU7
  61 0000 FEE7     		b	.L4
  62              		.cfi_endproc
  63              	.LFE124:
  65              		.section	.text.MemManage_Handler,"ax",%progbits
  66              		.align	1
  67              		.global	MemManage_Handler
  68              		.syntax unified
  69              		.thumb
  70              		.thumb_func
  71              		.fpu softvfp
  73              	MemManage_Handler:
  74              	.LFB125:
  94:.././hal//stm32f3/stm32f3xx_it.c **** }
  95:.././hal//stm32f3/stm32f3xx_it.c **** 
  96:.././hal//stm32f3/stm32f3xx_it.c **** /**
  97:.././hal//stm32f3/stm32f3xx_it.c ****   * @brief This function handles Memory management fault.
  98:.././hal//stm32f3/stm32f3xx_it.c ****   */
  99:.././hal//stm32f3/stm32f3xx_it.c **** void MemManage_Handler(void)
 100:.././hal//stm32f3/stm32f3xx_it.c **** {
  75              		.loc 1 100 1 view -0
  76              		.cfi_startproc
  77              		@ Volatile: function does not return.
  78              		@ args = 0, pretend = 0, frame = 0
  79              		@ frame_needed = 0, uses_anonymous_args = 0
  80              		@ link register save eliminated.
  81              	.L6:
 101:.././hal//stm32f3/stm32f3xx_it.c ****   /* USER CODE BEGIN MemoryManagement_IRQn 0 */
 102:.././hal//stm32f3/stm32f3xx_it.c **** 
 103:.././hal//stm32f3/stm32f3xx_it.c ****   /* USER CODE END MemoryManagement_IRQn 0 */
 104:.././hal//stm32f3/stm32f3xx_it.c ****   while (1)
  82              		.loc 1 104 3 discriminator 1 view .LVU9
 105:.././hal//stm32f3/stm32f3xx_it.c ****   {
 106:.././hal//stm32f3/stm32f3xx_it.c ****     /* USER CODE BEGIN W1_MemoryManagement_IRQn 0 */
 107:.././hal//stm32f3/stm32f3xx_it.c ****     /* USER CODE END W1_MemoryManagement_IRQn 0 */
 108:.././hal//stm32f3/stm32f3xx_it.c ****   }
  83              		.loc 1 108 3 discriminator 1 view .LVU10
 104:.././hal//stm32f3/stm32f3xx_it.c ****   {
  84              		.loc 1 104 9 discriminator 1 view .LVU11
  85 0000 FEE7     		b	.L6
  86              		.cfi_endproc
  87              	.LFE125:
  89              		.section	.text.BusFault_Handler,"ax",%progbits
  90              		.align	1
  91              		.global	BusFault_Handler
  92              		.syntax unified
  93              		.thumb
  94              		.thumb_func
  95              		.fpu softvfp
  97              	BusFault_Handler:
  98              	.LFB126:
 109:.././hal//stm32f3/stm32f3xx_it.c **** }
 110:.././hal//stm32f3/stm32f3xx_it.c **** 
 111:.././hal//stm32f3/stm32f3xx_it.c **** /**
 112:.././hal//stm32f3/stm32f3xx_it.c ****   * @brief This function handles Pre-fetch fault, memory access fault.
 113:.././hal//stm32f3/stm32f3xx_it.c ****   */
 114:.././hal//stm32f3/stm32f3xx_it.c **** void BusFault_Handler(void)
 115:.././hal//stm32f3/stm32f3xx_it.c **** {
  99              		.loc 1 115 1 view -0
 100              		.cfi_startproc
 101              		@ Volatile: function does not return.
 102              		@ args = 0, pretend = 0, frame = 0
 103              		@ frame_needed = 0, uses_anonymous_args = 0
 104              		@ link register save eliminated.
 105              	.L8:
 116:.././hal//stm32f3/stm32f3xx_it.c ****   /* USER CODE BEGIN BusFault_IRQn 0 */
 117:.././hal//stm32f3/stm32f3xx_it.c **** 
 118:.././hal//stm32f3/stm32f3xx_it.c ****   /* USER CODE END BusFault_IRQn 0 */
 119:.././hal//stm32f3/stm32f3xx_it.c ****   while (1)
 106              		.loc 1 119 3 discriminator 1 view .LVU13
 120:.././hal//stm32f3/stm32f3xx_it.c ****   {
 121:.././hal//stm32f3/stm32f3xx_it.c ****     /* USER CODE BEGIN W1_BusFault_IRQn 0 */
 122:.././hal//stm32f3/stm32f3xx_it.c ****     /* USER CODE END W1_BusFault_IRQn 0 */
 123:.././hal//stm32f3/stm32f3xx_it.c ****   }
 107              		.loc 1 123 3 discriminator 1 view .LVU14
 119:.././hal//stm32f3/stm32f3xx_it.c ****   {
 108              		.loc 1 119 9 discriminator 1 view .LVU15
 109 0000 FEE7     		b	.L8
 110              		.cfi_endproc
 111              	.LFE126:
 113              		.section	.text.UsageFault_Handler,"ax",%progbits
 114              		.align	1
 115              		.global	UsageFault_Handler
 116              		.syntax unified
 117              		.thumb
 118              		.thumb_func
 119              		.fpu softvfp
 121              	UsageFault_Handler:
 122              	.LFB127:
 124:.././hal//stm32f3/stm32f3xx_it.c **** }
 125:.././hal//stm32f3/stm32f3xx_it.c **** 
 126:.././hal//stm32f3/stm32f3xx_it.c **** /**
 127:.././hal//stm32f3/stm32f3xx_it.c ****   * @brief This function handles Undefined instruction or illegal state.
 128:.././hal//stm32f3/stm32f3xx_it.c ****   */
 129:.././hal//stm32f3/stm32f3xx_it.c **** void UsageFault_Handler(void)
 130:.././hal//stm32f3/stm32f3xx_it.c **** {
 123              		.loc 1 130 1 view -0
 124              		.cfi_startproc
 125              		@ Volatile: function does not return.
 126              		@ args = 0, pretend = 0, frame = 0
 127              		@ frame_needed = 0, uses_anonymous_args = 0
 128              		@ link register save eliminated.
 129              	.L10:
 131:.././hal//stm32f3/stm32f3xx_it.c ****   /* USER CODE BEGIN UsageFault_IRQn 0 */
 132:.././hal//stm32f3/stm32f3xx_it.c **** 
 133:.././hal//stm32f3/stm32f3xx_it.c ****   /* USER CODE END UsageFault_IRQn 0 */
 134:.././hal//stm32f3/stm32f3xx_it.c ****   while (1)
 130              		.loc 1 134 3 discriminator 1 view .LVU17
 135:.././hal//stm32f3/stm32f3xx_it.c ****   {
 136:.././hal//stm32f3/stm32f3xx_it.c ****     /* USER CODE BEGIN W1_UsageFault_IRQn 0 */
 137:.././hal//stm32f3/stm32f3xx_it.c ****     /* USER CODE END W1_UsageFault_IRQn 0 */
 138:.././hal//stm32f3/stm32f3xx_it.c ****   }
 131              		.loc 1 138 3 discriminator 1 view .LVU18
 134:.././hal//stm32f3/stm32f3xx_it.c ****   {
 132              		.loc 1 134 9 discriminator 1 view .LVU19
 133 0000 FEE7     		b	.L10
 134              		.cfi_endproc
 135              	.LFE127:
 137              		.section	.text.SVC_Handler,"ax",%progbits
 138              		.align	1
 139              		.global	SVC_Handler
 140              		.syntax unified
 141              		.thumb
 142              		.thumb_func
 143              		.fpu softvfp
 145              	SVC_Handler:
 146              	.LFB128:
 139:.././hal//stm32f3/stm32f3xx_it.c **** }
 140:.././hal//stm32f3/stm32f3xx_it.c **** 
 141:.././hal//stm32f3/stm32f3xx_it.c **** /**
 142:.././hal//stm32f3/stm32f3xx_it.c ****   * @brief This function handles System service call via SWI instruction.
 143:.././hal//stm32f3/stm32f3xx_it.c ****   */
 144:.././hal//stm32f3/stm32f3xx_it.c **** void SVC_Handler(void)
 145:.././hal//stm32f3/stm32f3xx_it.c **** {
 147              		.loc 1 145 1 view -0
 148              		.cfi_startproc
 149              		@ args = 0, pretend = 0, frame = 0
 150              		@ frame_needed = 0, uses_anonymous_args = 0
 151              		@ link register save eliminated.
 146:.././hal//stm32f3/stm32f3xx_it.c ****   /* USER CODE BEGIN SVCall_IRQn 0 */
 147:.././hal//stm32f3/stm32f3xx_it.c **** 
 148:.././hal//stm32f3/stm32f3xx_it.c ****   /* USER CODE END SVCall_IRQn 0 */
 149:.././hal//stm32f3/stm32f3xx_it.c ****   /* USER CODE BEGIN SVCall_IRQn 1 */
 150:.././hal//stm32f3/stm32f3xx_it.c **** 
 151:.././hal//stm32f3/stm32f3xx_it.c ****   /* USER CODE END SVCall_IRQn 1 */
 152:.././hal//stm32f3/stm32f3xx_it.c **** }
 152              		.loc 1 152 1 view .LVU21
 153 0000 7047     		bx	lr
 154              		.cfi_endproc
 155              	.LFE128:
 157              		.section	.text.DebugMon_Handler,"ax",%progbits
 158              		.align	1
 159              		.global	DebugMon_Handler
 160              		.syntax unified
 161              		.thumb
 162              		.thumb_func
 163              		.fpu softvfp
 165              	DebugMon_Handler:
 166              	.LFB133:
 167              		.cfi_startproc
 168              		@ args = 0, pretend = 0, frame = 0
 169              		@ frame_needed = 0, uses_anonymous_args = 0
 170              		@ link register save eliminated.
 171 0000 7047     		bx	lr
 172              		.cfi_endproc
 173              	.LFE133:
 175              		.section	.text.PendSV_Handler,"ax",%progbits
 176              		.align	1
 177              		.global	PendSV_Handler
 178              		.syntax unified
 179              		.thumb
 180              		.thumb_func
 181              		.fpu softvfp
 183              	PendSV_Handler:
 184              	.LFB135:
 185              		.cfi_startproc
 186              		@ args = 0, pretend = 0, frame = 0
 187              		@ frame_needed = 0, uses_anonymous_args = 0
 188              		@ link register save eliminated.
 189 0000 7047     		bx	lr
 190              		.cfi_endproc
 191              	.LFE135:
 193              		.section	.text.EXTI15_10_IRQHandler,"ax",%progbits
 194              		.align	1
 195              		.global	EXTI15_10_IRQHandler
 196              		.syntax unified
 197              		.thumb
 198              		.thumb_func
 199              		.fpu softvfp
 201              	EXTI15_10_IRQHandler:
 202              	.LFB131:
 153:.././hal//stm32f3/stm32f3xx_it.c **** 
 154:.././hal//stm32f3/stm32f3xx_it.c **** /**
 155:.././hal//stm32f3/stm32f3xx_it.c ****   * @brief This function handles Debug monitor.
 156:.././hal//stm32f3/stm32f3xx_it.c ****   */
 157:.././hal//stm32f3/stm32f3xx_it.c **** void DebugMon_Handler(void)
 158:.././hal//stm32f3/stm32f3xx_it.c **** {
 159:.././hal//stm32f3/stm32f3xx_it.c ****   /* USER CODE BEGIN DebugMonitor_IRQn 0 */
 160:.././hal//stm32f3/stm32f3xx_it.c **** 
 161:.././hal//stm32f3/stm32f3xx_it.c ****   /* USER CODE END DebugMonitor_IRQn 0 */
 162:.././hal//stm32f3/stm32f3xx_it.c ****   /* USER CODE BEGIN DebugMonitor_IRQn 1 */
 163:.././hal//stm32f3/stm32f3xx_it.c **** 
 164:.././hal//stm32f3/stm32f3xx_it.c ****   /* USER CODE END DebugMonitor_IRQn 1 */
 165:.././hal//stm32f3/stm32f3xx_it.c **** }
 166:.././hal//stm32f3/stm32f3xx_it.c **** 
 167:.././hal//stm32f3/stm32f3xx_it.c **** /**
 168:.././hal//stm32f3/stm32f3xx_it.c ****   * @brief This function handles Pendable request for system service.
 169:.././hal//stm32f3/stm32f3xx_it.c ****   */
 170:.././hal//stm32f3/stm32f3xx_it.c **** void PendSV_Handler(void)
 171:.././hal//stm32f3/stm32f3xx_it.c **** {
 172:.././hal//stm32f3/stm32f3xx_it.c ****   /* USER CODE BEGIN PendSV_IRQn 0 */
 173:.././hal//stm32f3/stm32f3xx_it.c **** 
 174:.././hal//stm32f3/stm32f3xx_it.c ****   /* USER CODE END PendSV_IRQn 0 */
 175:.././hal//stm32f3/stm32f3xx_it.c ****   /* USER CODE BEGIN PendSV_IRQn 1 */
 176:.././hal//stm32f3/stm32f3xx_it.c **** 
 177:.././hal//stm32f3/stm32f3xx_it.c ****   /* USER CODE END PendSV_IRQn 1 */
 178:.././hal//stm32f3/stm32f3xx_it.c **** }
 179:.././hal//stm32f3/stm32f3xx_it.c **** 
 180:.././hal//stm32f3/stm32f3xx_it.c **** /**
 181:.././hal//stm32f3/stm32f3xx_it.c ****   * @brief This function handles System tick timer.
 182:.././hal//stm32f3/stm32f3xx_it.c ****   */
 183:.././hal//stm32f3/stm32f3xx_it.c **** 
 184:.././hal//stm32f3/stm32f3xx_it.c **** 
 185:.././hal//stm32f3/stm32f3xx_it.c **** 
 186:.././hal//stm32f3/stm32f3xx_it.c **** 
 187:.././hal//stm32f3/stm32f3xx_it.c **** // void SysTick_Handler(void)
 188:.././hal//stm32f3/stm32f3xx_it.c **** // {
 189:.././hal//stm32f3/stm32f3xx_it.c **** //   HAL_IncTick();
 190:.././hal//stm32f3/stm32f3xx_it.c **** // }
 191:.././hal//stm32f3/stm32f3xx_it.c **** 
 192:.././hal//stm32f3/stm32f3xx_it.c **** /******************************************************************************/
 193:.././hal//stm32f3/stm32f3xx_it.c **** /* STM32F3xx Peripheral Interrupt Handlers                                    */
 194:.././hal//stm32f3/stm32f3xx_it.c **** /* Add here the Interrupt Handlers for the used peripherals.                  */
 195:.././hal//stm32f3/stm32f3xx_it.c **** /* For the available peripheral interrupt handler names,                      */
 196:.././hal//stm32f3/stm32f3xx_it.c **** /* please refer to the startup file (startup_stm32f3xx.s).                    */
 197:.././hal//stm32f3/stm32f3xx_it.c **** /******************************************************************************/
 198:.././hal//stm32f3/stm32f3xx_it.c **** 
 199:.././hal//stm32f3/stm32f3xx_it.c **** /**
 200:.././hal//stm32f3/stm32f3xx_it.c ****   * @brief This function handles EXTI line[15:10] interrupts.
 201:.././hal//stm32f3/stm32f3xx_it.c ****   */
 202:.././hal//stm32f3/stm32f3xx_it.c **** void EXTI15_10_IRQHandler(void)
 203:.././hal//stm32f3/stm32f3xx_it.c **** {
 203              		.loc 1 203 1 view -0
 204              		.cfi_startproc
 205              		@ args = 0, pretend = 0, frame = 0
 206              		@ frame_needed = 0, uses_anonymous_args = 0
 207              		@ link register save eliminated.
 204:.././hal//stm32f3/stm32f3xx_it.c ****   /* USER CODE BEGIN EXTI15_10_IRQn 0 */
 205:.././hal//stm32f3/stm32f3xx_it.c **** 
 206:.././hal//stm32f3/stm32f3xx_it.c ****   /* USER CODE END EXTI15_10_IRQn 0 */
 207:.././hal//stm32f3/stm32f3xx_it.c ****   HAL_GPIO_EXTI_IRQHandler(GPIO_PIN_11);
 208              		.loc 1 207 3 view .LVU23
 209 0000 4FF40060 		mov	r0, #2048
 210 0004 FFF7FEBF 		b	HAL_GPIO_EXTI_IRQHandler
 211              	.LVL0:
 212              		.cfi_endproc
 213              	.LFE131:
 215              		.text
 216              	.Letext0:
 217              		.file 2 "/usr/lib/gcc/arm-none-eabi/9.2.1/include/stdint.h"
 218              		.file 3 ".././hal//stm32f3/CMSIS/core/core_cm4.h"
 219              		.file 4 ".././hal//stm32f3/CMSIS/device/system_stm32f3xx.h"
 220              		.file 5 ".././hal//stm32f3/stm32f3xx_hal.h"
 221              		.file 6 ".././hal//stm32f3/stm32f3xx_hal_gpio.h"
DEFINED SYMBOLS
                            *ABS*:0000000000000000 stm32f3xx_it.c
     /tmp/cc2oBbns.s:16     .text.NMI_Handler:0000000000000000 $t
     /tmp/cc2oBbns.s:24     .text.NMI_Handler:0000000000000000 NMI_Handler
     /tmp/cc2oBbns.s:42     .text.HardFault_Handler:0000000000000000 $t
     /tmp/cc2oBbns.s:49     .text.HardFault_Handler:0000000000000000 HardFault_Handler
     /tmp/cc2oBbns.s:66     .text.MemManage_Handler:0000000000000000 $t
     /tmp/cc2oBbns.s:73     .text.MemManage_Handler:0000000000000000 MemManage_Handler
     /tmp/cc2oBbns.s:90     .text.BusFault_Handler:0000000000000000 $t
     /tmp/cc2oBbns.s:97     .text.BusFault_Handler:0000000000000000 BusFault_Handler
     /tmp/cc2oBbns.s:114    .text.UsageFault_Handler:0000000000000000 $t
     /tmp/cc2oBbns.s:121    .text.UsageFault_Handler:0000000000000000 UsageFault_Handler
     /tmp/cc2oBbns.s:138    .text.SVC_Handler:0000000000000000 $t
     /tmp/cc2oBbns.s:145    .text.SVC_Handler:0000000000000000 SVC_Handler
     /tmp/cc2oBbns.s:158    .text.DebugMon_Handler:0000000000000000 $t
     /tmp/cc2oBbns.s:165    .text.DebugMon_Handler:0000000000000000 DebugMon_Handler
     /tmp/cc2oBbns.s:176    .text.PendSV_Handler:0000000000000000 $t
     /tmp/cc2oBbns.s:183    .text.PendSV_Handler:0000000000000000 PendSV_Handler
     /tmp/cc2oBbns.s:194    .text.EXTI15_10_IRQHandler:0000000000000000 $t
     /tmp/cc2oBbns.s:201    .text.EXTI15_10_IRQHandler:0000000000000000 EXTI15_10_IRQHandler

UNDEFINED SYMBOLS
HAL_GPIO_EXTI_IRQHandler
