   1              	# 1 ".././hal//stm32f3/stm32f3_startup.S"
   1              	/**
   0              	
   0              	
   2              	  ******************************************************************************
   3              	  * @file      startup_stm32.s
   4              	  * @author    Ac6
   5              	  * @version   V1.0.0
   6              	  * @date      12-June-2014
   7              	  ******************************************************************************
   8              	  */
   9              	
  10              	  .syntax unified
  11              	  .cpu cortex-m4
  12              	  .thumb
  13              	
  14              	.global	g_pfnVectors
  15              	.global	Default_Handler
  16              	
  17              	/* start address for the initialization values of the .data section.
  18              	defined in linker script */
  19 0000 00000000 	.word	_sidata
  20              	/* start address for the .data section. defined in linker script */
  21 0004 00000000 	.word	_sdata
  22              	/* end address for the .data section. defined in linker script */
  23 0008 00000000 	.word	_edata
  24              	/* start address for the .bss section. defined in linker script */
  25 000c 00000000 	.word	_sbss
  26              	/* end address for the .bss section. defined in linker script */
  27 0010 00000000 	.word	_ebss
  28              	
  29              	.equ  BootRAM,        0xF1E0F85F
  30              	/**
  31              	 * @brief  This is the code that gets called when the processor first
  32              	 *          starts execution following a reset event. Only the absolutely
  33              	 *          necessary set is performed, after which the application
  34              	 *          supplied main() routine is called.
  35              	 * @param  None
  36              	 * @retval : None
  37              	*/
  38              	
  39              	    .section	.text.Reset_Handler
  40              		.weak	Reset_Handler
  42              	Reset_Handler:
  43              	
  44              	/* Copy the data segment initializers from flash to SRAM */
  45:.././hal//stm32f3/stm32f3_startup.S ****   movs	r1, #0
  46:.././hal//stm32f3/stm32f3_startup.S ****   b	LoopCopyDataInit
  47              	
  48              	CopyDataInit:
  49:.././hal//stm32f3/stm32f3_startup.S **** 	ldr	r3, =_sidata
  50:.././hal//stm32f3/stm32f3_startup.S **** 	ldr	r3, [r3, r1]
  51:.././hal//stm32f3/stm32f3_startup.S **** 	str	r3, [r0, r1]
  52:.././hal//stm32f3/stm32f3_startup.S **** 	adds	r1, r1, #4
  53              	
  54              	LoopCopyDataInit:
  55:.././hal//stm32f3/stm32f3_startup.S **** 	ldr	r0, =_sdata
  56:.././hal//stm32f3/stm32f3_startup.S **** 	ldr	r3, =_edata
  57:.././hal//stm32f3/stm32f3_startup.S **** 	adds	r2, r0, r1
  58:.././hal//stm32f3/stm32f3_startup.S **** 	cmp	r2, r3
  59:.././hal//stm32f3/stm32f3_startup.S **** 	bcc	CopyDataInit
  60:.././hal//stm32f3/stm32f3_startup.S **** 	ldr	r2, =_sbss
  61:.././hal//stm32f3/stm32f3_startup.S **** 	b	LoopFillZerobss
  62              	/* Zero fill the bss segment. */
  63              	FillZerobss:
  64:.././hal//stm32f3/stm32f3_startup.S **** 	movs r3, #0
  65:.././hal//stm32f3/stm32f3_startup.S ****  	str  r3, [r2]
  66:.././hal//stm32f3/stm32f3_startup.S **** 	adds r2, r2, #4
  67              	
  68              	LoopFillZerobss:
  69:.././hal//stm32f3/stm32f3_startup.S **** 	ldr	r3, = _ebss
  70:.././hal//stm32f3/stm32f3_startup.S **** 	cmp	r2, r3
  71:.././hal//stm32f3/stm32f3_startup.S **** 	bcc	FillZerobss
  72              	
  73              	/* Call the clock system intitialization function.*/
  74:.././hal//stm32f3/stm32f3_startup.S ****     bl  SystemInit
  75              	/* Call static constructors */
  76:.././hal//stm32f3/stm32f3_startup.S ****     bl __libc_init_array
  77              	/* Call the application's entry point.*/
  78:.././hal//stm32f3/stm32f3_startup.S **** 	bl	main
  79              	
  80              	
  81              	
  82              	LoopForever:
  83:.././hal//stm32f3/stm32f3_startup.S ****     b LoopForever
  84              	
  86              	
  87              	/**
  88              	 * @brief  This is the code that gets called when the processor receives an
  89              	 *         unexpected interrupt.  This simply enters an infinite loop, preserving
  90              	 *         the system state for examination by a debugger.
  91              	 *
  92              	 * @param  None
  93              	 * @retval : None
  94              	*/
  95              	    .section	.text.Default_Handler,"ax",%progbits
  96              	Default_Handler:
  97              	Infinite_Loop:
  98:.././hal//stm32f3/stm32f3_startup.S **** 	b	Infinite_Loop
 100              	/******************************************************************************
 101              	*
 102              	* The minimal vector table for a Cortex-M.  Note that the proper constructs
 103              	* must be placed on this to ensure that it ends up at physical address
 104              	* 0x0000.0000.
 105              	*
 106              	******************************************************************************/
 107              	 	.section	.isr_vector,"a",%progbits
 110              	
 111              	g_pfnVectors:
 112 0000 00000000 		.word	_estack
 113 0004 00000000 		.word	Reset_Handler
 114 0008 00000000 		.word	NMI_Handler
 115 000c 00000000 		.word	HardFault_Handler
 116 0010 00000000 		.word	MemManage_Handler
 117 0014 00000000 		.word	BusFault_Handler
 118 0018 00000000 		.word	UsageFault_Handler
 119 001c 00000000 		.word	0
 120 0020 00000000 		.word	0
 121 0024 00000000 		.word	0
 122 0028 00000000 		.word	0
 123 002c 00000000 		.word	SVC_Handler
 124 0030 00000000 		.word	DebugMon_Handler
 125 0034 00000000 		.word	0
 126 0038 00000000 		.word	PendSV_Handler
 127 003c 00000000 		.word	SysTick_Handler
 128 0040 00000000 		.word	WWDG_IRQHandler
 129 0044 00000000 		.word	PVD_IRQHandler
 130 0048 00000000 		.word	TAMP_STAMP_IRQHandler
 131 004c 00000000 		.word	RTC_WKUP_IRQHandler
 132 0050 00000000 		.word	FLASH_IRQHandler
 133 0054 00000000 		.word	RCC_IRQHandler
 134 0058 00000000 		.word	EXTI0_IRQHandler
 135 005c 00000000 		.word	EXTI1_IRQHandler
 136 0060 00000000 		.word	EXTI2_TSC_IRQHandler
 137 0064 00000000 		.word	EXTI3_IRQHandler
 138 0068 00000000 		.word	EXTI4_IRQHandler
 139 006c 00000000 		.word	DMA1_Channel1_IRQHandler
 140 0070 00000000 		.word	DMA1_Channel2_IRQHandler
 141 0074 00000000 		.word	DMA1_Channel3_IRQHandler
 142 0078 00000000 		.word	DMA1_Channel4_IRQHandler
 143 007c 00000000 		.word	DMA1_Channel5_IRQHandler
 144 0080 00000000 		.word	DMA1_Channel6_IRQHandler
 145 0084 00000000 		.word	DMA1_Channel7_IRQHandler
 146 0088 00000000 		.word	ADC1_2_IRQHandler
 147 008c 00000000 		.word	USB_HP_CAN_TX_IRQHandler
 148 0090 00000000 		.word	USB_LP_CAN_RX0_IRQHandler
 149 0094 00000000 		.word	CAN_RX1_IRQHandler
 150 0098 00000000 		.word	CAN_SCE_IRQHandler
 151 009c 00000000 		.word	EXTI9_5_IRQHandler
 152 00a0 00000000 		.word	TIM1_BRK_TIM15_IRQHandler
 153 00a4 00000000 		.word	TIM1_UP_TIM16_IRQHandler
 154 00a8 00000000 		.word	TIM1_TRG_COM_TIM17_IRQHandler
 155 00ac 00000000 		.word	TIM1_CC_IRQHandler
 156 00b0 00000000 		.word	TIM2_IRQHandler
 157 00b4 00000000 		.word	TIM3_IRQHandler
 158 00b8 00000000 		.word	TIM4_IRQHandler
 159 00bc 00000000 		.word	I2C1_EV_IRQHandler
 160 00c0 00000000 		.word	I2C1_ER_IRQHandler
 161 00c4 00000000 		.word	I2C2_EV_IRQHandler
 162 00c8 00000000 		.word	I2C2_ER_IRQHandler
 163 00cc 00000000 		.word	SPI1_IRQHandler
 164 00d0 00000000 		.word	SPI2_IRQHandler
 165 00d4 00000000 		.word	USART1_IRQHandler
 166 00d8 00000000 		.word	USART2_IRQHandler
 167 00dc 00000000 		.word	USART3_IRQHandler
 168 00e0 00000000 		.word	EXTI15_10_IRQHandler
 169 00e4 00000000 		.word	RTC_Alarm_IRQHandler
 170 00e8 00000000 		.word	USBWakeUp_IRQHandler
 171 00ec 00000000 		.word	TIM8_BRK_IRQHandler
 172 00f0 00000000 		.word	TIM8_UP_IRQHandler
 173 00f4 00000000 		.word	TIM8_TRG_COM_IRQHandler
 174 00f8 00000000 		.word	TIM8_CC_IRQHandler
 175 00fc 00000000 		.word	ADC3_IRQHandler
 176 0100 00000000 		.word	0
 177 0104 00000000 		.word	0
 178 0108 00000000 		.word	0
 179 010c 00000000 		.word	SPI3_IRQHandler
 180 0110 00000000 		.word	UART4_IRQHandler
 181 0114 00000000 		.word	UART5_IRQHandler
 182 0118 00000000 		.word	TIM6_DAC_IRQHandler
 183 011c 00000000 		.word	TIM7_IRQHandler
 184 0120 00000000 		.word	DMA2_Channel1_IRQHandler
 185 0124 00000000 		.word	DMA2_Channel2_IRQHandler
 186 0128 00000000 		.word	DMA2_Channel3_IRQHandler
 187 012c 00000000 		.word	DMA2_Channel4_IRQHandler
 188 0130 00000000 		.word	DMA2_Channel5_IRQHandler
 189 0134 00000000 		.word	ADC4_IRQHandler
 190 0138 00000000 		.word	0
 191 013c 00000000 		.word	0
 192 0140 00000000 		.word	COMP1_2_3_IRQHandler
 193 0144 00000000 		.word	COMP4_5_6_IRQHandler
 194 0148 00000000 		.word	COMP7_IRQHandler
 195 014c 00000000 		.word	0
 196 0150 00000000 		.word	0
 197 0154 00000000 		.word	0
 198 0158 00000000 		.word	0
 199 015c 00000000 		.word	0
 200 0160 00000000 		.word	0
 201 0164 00000000 		.word	0
 202 0168 00000000 		.word	USB_HP_IRQHandler
 203 016c 00000000 		.word	USB_LP_IRQHandler
 204 0170 00000000 		.word	USBWakeUp_RMP_IRQHandler
 205 0174 00000000 		.word	0
 206 0178 00000000 		.word	0
 207 017c 00000000 		.word	0
 208 0180 00000000 		.word	0
 209 0184 00000000 		.word	FPU_IRQHandler
 210              	
 211              	/*******************************************************************************
 212              	*
 213              	* Provide weak aliases for each Exception handler to the Default_Handler.
 214              	* As they are weak aliases, any function with the same name will override
 215              	* this definition.
 216              	*
 217              	*******************************************************************************/
 218              	
 219              	  .weak	NMI_Handler
 220              		.thumb_set NMI_Handler,Default_Handler
 221              	
 222              	  .weak	HardFault_Handler
 223              		.thumb_set HardFault_Handler,Default_Handler
 224              	
 225              	  .weak	MemManage_Handler
 226              		.thumb_set MemManage_Handler,Default_Handler
 227              	
 228              	  .weak	BusFault_Handler
 229              		.thumb_set BusFault_Handler,Default_Handler
 230              	
 231              		.weak	UsageFault_Handler
 232              		.thumb_set UsageFault_Handler,Default_Handler
 233              	
 234              		.weak	SVC_Handler
 235              		.thumb_set SVC_Handler,Default_Handler
 236              	
 237              		.weak	DebugMon_Handler
 238              		.thumb_set DebugMon_Handler,Default_Handler
 239              	
 240              		.weak	PendSV_Handler
 241              		.thumb_set PendSV_Handler,Default_Handler
 242              	
 243              		.weak	SysTick_Handler
 244              		.thumb_set SysTick_Handler,Default_Handler
 245              	
 246              		.weak	WWDG_IRQHandler
 247              		.thumb_set WWDG_IRQHandler,Default_Handler
 248              	
 249              		.weak	PVD_IRQHandler
 250              		.thumb_set PVD_IRQHandler,Default_Handler
 251              	
 252              		.weak	TAMP_STAMP_IRQHandler
 253              		.thumb_set TAMP_STAMP_IRQHandler,Default_Handler
 254              	
 255              		.weak	RTC_WKUP_IRQHandler
 256              		.thumb_set RTC_WKUP_IRQHandler,Default_Handler
 257              	
 258              		.weak	FLASH_IRQHandler
 259              		.thumb_set FLASH_IRQHandler,Default_Handler
 260              	
 261              		.weak	RCC_IRQHandler
 262              		.thumb_set RCC_IRQHandler,Default_Handler
 263              	
 264              		.weak	EXTI0_IRQHandler
 265              		.thumb_set EXTI0_IRQHandler,Default_Handler
 266              	
 267              		.weak	EXTI1_IRQHandler
 268              		.thumb_set EXTI1_IRQHandler,Default_Handler
 269              	
 270              		.weak	EXTI2_TSC_IRQHandler
 271              		.thumb_set EXTI2_TSC_IRQHandler,Default_Handler
 272              	
 273              		.weak	EXTI3_IRQHandler
 274              		.thumb_set EXTI3_IRQHandler,Default_Handler
 275              	
 276              		.weak	EXTI4_IRQHandler
 277              		.thumb_set EXTI4_IRQHandler,Default_Handler
 278              	
 279              		.weak	DMA1_Channel1_IRQHandler
 280              		.thumb_set DMA1_Channel1_IRQHandler,Default_Handler
 281              	
 282              		.weak	DMA1_Channel2_IRQHandler
 283              		.thumb_set DMA1_Channel2_IRQHandler,Default_Handler
 284              	
 285              		.weak	DMA1_Channel3_IRQHandler
 286              		.thumb_set DMA1_Channel3_IRQHandler,Default_Handler
 287              	
 288              		.weak	DMA1_Channel4_IRQHandler
 289              		.thumb_set DMA1_Channel4_IRQHandler,Default_Handler
 290              	
 291              		.weak	DMA1_Channel5_IRQHandler
 292              		.thumb_set DMA1_Channel5_IRQHandler,Default_Handler
 293              	
 294              		.weak	DMA1_Channel6_IRQHandler
 295              		.thumb_set DMA1_Channel6_IRQHandler,Default_Handler
 296              	
 297              		.weak	DMA1_Channel7_IRQHandler
 298              		.thumb_set DMA1_Channel7_IRQHandler,Default_Handler
 299              	
 300              		.weak	ADC1_2_IRQHandler
 301              		.thumb_set ADC1_2_IRQHandler,Default_Handler
 302              	
 303              		.weak	USB_HP_CAN_TX_IRQHandler
 304              		.thumb_set USB_HP_CAN_TX_IRQHandler,Default_Handler
 305              	
 306              		.weak	USB_LP_CAN_RX0_IRQHandler
 307              		.thumb_set USB_LP_CAN_RX0_IRQHandler,Default_Handler
 308              	
 309              		.weak	CAN_RX1_IRQHandler
 310              		.thumb_set CAN_RX1_IRQHandler,Default_Handler
 311              	
 312              		.weak	CAN_SCE_IRQHandler
 313              		.thumb_set CAN_SCE_IRQHandler,Default_Handler
 314              	
 315              		.weak	EXTI9_5_IRQHandler
 316              		.thumb_set EXTI9_5_IRQHandler,Default_Handler
 317              	
 318              		.weak	TIM1_BRK_TIM15_IRQHandler
 319              		.thumb_set TIM1_BRK_TIM15_IRQHandler,Default_Handler
 320              	
 321              		.weak	TIM1_UP_TIM16_IRQHandler
 322              		.thumb_set TIM1_UP_TIM16_IRQHandler,Default_Handler
 323              	
 324              		.weak	TIM1_TRG_COM_TIM17_IRQHandler
 325              		.thumb_set TIM1_TRG_COM_TIM17_IRQHandler,Default_Handler
 326              	
 327              		.weak	TIM1_CC_IRQHandler
 328              		.thumb_set TIM1_CC_IRQHandler,Default_Handler
 329              	
 330              		.weak	TIM2_IRQHandler
 331              		.thumb_set TIM2_IRQHandler,Default_Handler
 332              	
 333              		.weak	TIM3_IRQHandler
 334              		.thumb_set TIM3_IRQHandler,Default_Handler
 335              	
 336              		.weak	TIM4_IRQHandler
 337              		.thumb_set TIM4_IRQHandler,Default_Handler
 338              	
 339              		.weak	I2C1_EV_IRQHandler
 340              		.thumb_set I2C1_EV_IRQHandler,Default_Handler
 341              	
 342              		.weak	I2C1_ER_IRQHandler
 343              		.thumb_set I2C1_ER_IRQHandler,Default_Handler
 344              	
 345              		.weak	I2C2_EV_IRQHandler
 346              		.thumb_set I2C2_EV_IRQHandler,Default_Handler
 347              	
 348              		.weak	I2C2_ER_IRQHandler
 349              		.thumb_set I2C2_ER_IRQHandler,Default_Handler
 350              	
 351              		.weak	SPI1_IRQHandler
 352              		.thumb_set SPI1_IRQHandler,Default_Handler
 353              	
 354              		.weak	SPI2_IRQHandler
 355              		.thumb_set SPI2_IRQHandler,Default_Handler
 356              	
 357              		.weak	USART1_IRQHandler
 358              		.thumb_set USART1_IRQHandler,Default_Handler
 359              	
 360              		.weak	USART2_IRQHandler
 361              		.thumb_set USART2_IRQHandler,Default_Handler
 362              	
 363              		.weak	USART3_IRQHandler
 364              		.thumb_set USART3_IRQHandler,Default_Handler
 365              	
 366              		.weak	EXTI15_10_IRQHandler
 367              		.thumb_set EXTI15_10_IRQHandler,Default_Handler
 368              	
 369              		.weak	RTC_Alarm_IRQHandler
 370              		.thumb_set RTC_Alarm_IRQHandler,Default_Handler
 371              	
 372              		.weak	USBWakeUp_IRQHandler
 373              		.thumb_set USBWakeUp_IRQHandler,Default_Handler
 374              	
 375              		.weak	TIM8_BRK_IRQHandler
 376              		.thumb_set TIM8_BRK_IRQHandler,Default_Handler
 377              	
 378              		.weak	TIM8_UP_IRQHandler
 379              		.thumb_set TIM8_UP_IRQHandler,Default_Handler
 380              	
 381              		.weak	TIM8_TRG_COM_IRQHandler
 382              		.thumb_set TIM8_TRG_COM_IRQHandler,Default_Handler
 383              	
 384              		.weak	TIM8_CC_IRQHandler
 385              		.thumb_set TIM8_CC_IRQHandler,Default_Handler
 386              	
 387              		.weak	ADC3_IRQHandler
 388              		.thumb_set ADC3_IRQHandler,Default_Handler
 389              	
 390              		.weak	SPI3_IRQHandler
 391              		.thumb_set SPI3_IRQHandler,Default_Handler
 392              	
 393              		.weak	UART4_IRQHandler
 394              		.thumb_set UART4_IRQHandler,Default_Handler
 395              	
 396              		.weak	UART5_IRQHandler
 397              		.thumb_set UART5_IRQHandler,Default_Handler
 398              	
 399              		.weak	TIM6_DAC_IRQHandler
 400              		.thumb_set TIM6_DAC_IRQHandler,Default_Handler
 401              	
 402              		.weak	TIM7_IRQHandler
 403              		.thumb_set TIM7_IRQHandler,Default_Handler
 404              	
 405              		.weak	DMA2_Channel1_IRQHandler
 406              		.thumb_set DMA2_Channel1_IRQHandler,Default_Handler
 407              	
 408              		.weak	DMA2_Channel2_IRQHandler
 409              		.thumb_set DMA2_Channel2_IRQHandler,Default_Handler
 410              	
 411              		.weak	DMA2_Channel3_IRQHandler
 412              		.thumb_set DMA2_Channel3_IRQHandler,Default_Handler
 413              	
 414              		.weak	DMA2_Channel4_IRQHandler
 415              		.thumb_set DMA2_Channel4_IRQHandler,Default_Handler
 416              	
 417              		.weak	DMA2_Channel5_IRQHandler
 418              		.thumb_set DMA2_Channel5_IRQHandler,Default_Handler
 419              	
 420              		.weak	ADC4_IRQHandler
 421              		.thumb_set ADC4_IRQHandler,Default_Handler	
 422              		
 423              		.weak	COMP1_2_3_IRQHandler
 424              		.thumb_set COMP1_2_3_IRQHandler,Default_Handler
 425              		
 426              		.weak	COMP4_5_6_IRQHandler
 427              		.thumb_set COMP4_5_6_IRQHandler,Default_Handler
 428              		
 429              		.weak	COMP7_IRQHandler
 430              		.thumb_set COMP7_IRQHandler,Default_Handler	
 431              		
 432              		.weak	USB_HP_IRQHandler
 433              		.thumb_set USB_HP_IRQHandler,Default_Handler
 434              		
 435              		.weak	USB_LP_IRQHandler
 436              		.thumb_set USB_LP_IRQHandler,Default_Handler
 437              		
 438              		.weak	USBWakeUp_RMP_IRQHandler
 439              		.thumb_set USBWakeUp_RMP_IRQHandler,Default_Handler
 440              		
 441              		.weak	FPU_IRQHandler
 442              		.thumb_set FPU_IRQHandler,Default_Handler
 443              	
 444              		.weak	SystemInit
DEFINED SYMBOLS
.././hal//stm32f3/stm32f3_startup.S:111    .isr_vector:0000000000000000 g_pfnVectors
.././hal//stm32f3/stm32f3_startup.S:96     .text.Default_Handler:0000000000000000 Default_Handler
.././hal//stm32f3/stm32f3_startup.S:29     *ABS*:00000000f1e0f85f BootRAM
.././hal//stm32f3/stm32f3_startup.S:42     .text.Reset_Handler:0000000000000000 Reset_Handler
.././hal//stm32f3/stm32f3_startup.S:45     .text.Reset_Handler:0000000000000000 $t
.././hal//stm32f3/stm32f3_startup.S:54     .text.Reset_Handler:000000000000000c LoopCopyDataInit
.././hal//stm32f3/stm32f3_startup.S:48     .text.Reset_Handler:0000000000000004 CopyDataInit
.././hal//stm32f3/stm32f3_startup.S:68     .text.Reset_Handler:0000000000000020 LoopFillZerobss
.././hal//stm32f3/stm32f3_startup.S:63     .text.Reset_Handler:000000000000001a FillZerobss
.././hal//stm32f3/stm32f3_startup.S:82     .text.Reset_Handler:0000000000000032 LoopForever
.././hal//stm32f3/stm32f3_startup.S:97     .text.Default_Handler:0000000000000000 Infinite_Loop
.././hal//stm32f3/stm32f3_startup.S:98     .text.Default_Handler:0000000000000000 $t
.././hal//stm32f3/stm32f3_startup.S:96     .text.Default_Handler:0000000000000000 NMI_Handler
.././hal//stm32f3/stm32f3_startup.S:96     .text.Default_Handler:0000000000000000 HardFault_Handler
.././hal//stm32f3/stm32f3_startup.S:96     .text.Default_Handler:0000000000000000 MemManage_Handler
.././hal//stm32f3/stm32f3_startup.S:96     .text.Default_Handler:0000000000000000 BusFault_Handler
.././hal//stm32f3/stm32f3_startup.S:96     .text.Default_Handler:0000000000000000 UsageFault_Handler
.././hal//stm32f3/stm32f3_startup.S:96     .text.Default_Handler:0000000000000000 SVC_Handler
.././hal//stm32f3/stm32f3_startup.S:96     .text.Default_Handler:0000000000000000 DebugMon_Handler
.././hal//stm32f3/stm32f3_startup.S:96     .text.Default_Handler:0000000000000000 PendSV_Handler
.././hal//stm32f3/stm32f3_startup.S:96     .text.Default_Handler:0000000000000000 SysTick_Handler
.././hal//stm32f3/stm32f3_startup.S:96     .text.Default_Handler:0000000000000000 WWDG_IRQHandler
.././hal//stm32f3/stm32f3_startup.S:96     .text.Default_Handler:0000000000000000 PVD_IRQHandler
.././hal//stm32f3/stm32f3_startup.S:96     .text.Default_Handler:0000000000000000 TAMP_STAMP_IRQHandler
.././hal//stm32f3/stm32f3_startup.S:96     .text.Default_Handler:0000000000000000 RTC_WKUP_IRQHandler
.././hal//stm32f3/stm32f3_startup.S:96     .text.Default_Handler:0000000000000000 FLASH_IRQHandler
.././hal//stm32f3/stm32f3_startup.S:96     .text.Default_Handler:0000000000000000 RCC_IRQHandler
.././hal//stm32f3/stm32f3_startup.S:96     .text.Default_Handler:0000000000000000 EXTI0_IRQHandler
.././hal//stm32f3/stm32f3_startup.S:96     .text.Default_Handler:0000000000000000 EXTI1_IRQHandler
.././hal//stm32f3/stm32f3_startup.S:96     .text.Default_Handler:0000000000000000 EXTI2_TSC_IRQHandler
.././hal//stm32f3/stm32f3_startup.S:96     .text.Default_Handler:0000000000000000 EXTI3_IRQHandler
.././hal//stm32f3/stm32f3_startup.S:96     .text.Default_Handler:0000000000000000 EXTI4_IRQHandler
.././hal//stm32f3/stm32f3_startup.S:96     .text.Default_Handler:0000000000000000 DMA1_Channel1_IRQHandler
.././hal//stm32f3/stm32f3_startup.S:96     .text.Default_Handler:0000000000000000 DMA1_Channel2_IRQHandler
.././hal//stm32f3/stm32f3_startup.S:96     .text.Default_Handler:0000000000000000 DMA1_Channel3_IRQHandler
.././hal//stm32f3/stm32f3_startup.S:96     .text.Default_Handler:0000000000000000 DMA1_Channel4_IRQHandler
.././hal//stm32f3/stm32f3_startup.S:96     .text.Default_Handler:0000000000000000 DMA1_Channel5_IRQHandler
.././hal//stm32f3/stm32f3_startup.S:96     .text.Default_Handler:0000000000000000 DMA1_Channel6_IRQHandler
.././hal//stm32f3/stm32f3_startup.S:96     .text.Default_Handler:0000000000000000 DMA1_Channel7_IRQHandler
.././hal//stm32f3/stm32f3_startup.S:96     .text.Default_Handler:0000000000000000 ADC1_2_IRQHandler
.././hal//stm32f3/stm32f3_startup.S:96     .text.Default_Handler:0000000000000000 USB_HP_CAN_TX_IRQHandler
.././hal//stm32f3/stm32f3_startup.S:96     .text.Default_Handler:0000000000000000 USB_LP_CAN_RX0_IRQHandler
.././hal//stm32f3/stm32f3_startup.S:96     .text.Default_Handler:0000000000000000 CAN_RX1_IRQHandler
.././hal//stm32f3/stm32f3_startup.S:96     .text.Default_Handler:0000000000000000 CAN_SCE_IRQHandler
.././hal//stm32f3/stm32f3_startup.S:96     .text.Default_Handler:0000000000000000 EXTI9_5_IRQHandler
.././hal//stm32f3/stm32f3_startup.S:96     .text.Default_Handler:0000000000000000 TIM1_BRK_TIM15_IRQHandler
.././hal//stm32f3/stm32f3_startup.S:96     .text.Default_Handler:0000000000000000 TIM1_UP_TIM16_IRQHandler
.././hal//stm32f3/stm32f3_startup.S:96     .text.Default_Handler:0000000000000000 TIM1_TRG_COM_TIM17_IRQHandler
.././hal//stm32f3/stm32f3_startup.S:96     .text.Default_Handler:0000000000000000 TIM1_CC_IRQHandler
.././hal//stm32f3/stm32f3_startup.S:96     .text.Default_Handler:0000000000000000 TIM2_IRQHandler
.././hal//stm32f3/stm32f3_startup.S:96     .text.Default_Handler:0000000000000000 TIM3_IRQHandler
.././hal//stm32f3/stm32f3_startup.S:96     .text.Default_Handler:0000000000000000 TIM4_IRQHandler
.././hal//stm32f3/stm32f3_startup.S:96     .text.Default_Handler:0000000000000000 I2C1_EV_IRQHandler
.././hal//stm32f3/stm32f3_startup.S:96     .text.Default_Handler:0000000000000000 I2C1_ER_IRQHandler
.././hal//stm32f3/stm32f3_startup.S:96     .text.Default_Handler:0000000000000000 I2C2_EV_IRQHandler
.././hal//stm32f3/stm32f3_startup.S:96     .text.Default_Handler:0000000000000000 I2C2_ER_IRQHandler
.././hal//stm32f3/stm32f3_startup.S:96     .text.Default_Handler:0000000000000000 SPI1_IRQHandler
.././hal//stm32f3/stm32f3_startup.S:96     .text.Default_Handler:0000000000000000 SPI2_IRQHandler
.././hal//stm32f3/stm32f3_startup.S:96     .text.Default_Handler:0000000000000000 USART1_IRQHandler
.././hal//stm32f3/stm32f3_startup.S:96     .text.Default_Handler:0000000000000000 USART2_IRQHandler
.././hal//stm32f3/stm32f3_startup.S:96     .text.Default_Handler:0000000000000000 USART3_IRQHandler
.././hal//stm32f3/stm32f3_startup.S:96     .text.Default_Handler:0000000000000000 EXTI15_10_IRQHandler
.././hal//stm32f3/stm32f3_startup.S:96     .text.Default_Handler:0000000000000000 RTC_Alarm_IRQHandler
.././hal//stm32f3/stm32f3_startup.S:96     .text.Default_Handler:0000000000000000 USBWakeUp_IRQHandler
.././hal//stm32f3/stm32f3_startup.S:96     .text.Default_Handler:0000000000000000 TIM8_BRK_IRQHandler
.././hal//stm32f3/stm32f3_startup.S:96     .text.Default_Handler:0000000000000000 TIM8_UP_IRQHandler
.././hal//stm32f3/stm32f3_startup.S:96     .text.Default_Handler:0000000000000000 TIM8_TRG_COM_IRQHandler
.././hal//stm32f3/stm32f3_startup.S:96     .text.Default_Handler:0000000000000000 TIM8_CC_IRQHandler
.././hal//stm32f3/stm32f3_startup.S:96     .text.Default_Handler:0000000000000000 ADC3_IRQHandler
.././hal//stm32f3/stm32f3_startup.S:96     .text.Default_Handler:0000000000000000 SPI3_IRQHandler
.././hal//stm32f3/stm32f3_startup.S:96     .text.Default_Handler:0000000000000000 UART4_IRQHandler
.././hal//stm32f3/stm32f3_startup.S:96     .text.Default_Handler:0000000000000000 UART5_IRQHandler
.././hal//stm32f3/stm32f3_startup.S:96     .text.Default_Handler:0000000000000000 TIM6_DAC_IRQHandler
.././hal//stm32f3/stm32f3_startup.S:96     .text.Default_Handler:0000000000000000 TIM7_IRQHandler
.././hal//stm32f3/stm32f3_startup.S:96     .text.Default_Handler:0000000000000000 DMA2_Channel1_IRQHandler
.././hal//stm32f3/stm32f3_startup.S:96     .text.Default_Handler:0000000000000000 DMA2_Channel2_IRQHandler
.././hal//stm32f3/stm32f3_startup.S:96     .text.Default_Handler:0000000000000000 DMA2_Channel3_IRQHandler
.././hal//stm32f3/stm32f3_startup.S:96     .text.Default_Handler:0000000000000000 DMA2_Channel4_IRQHandler
.././hal//stm32f3/stm32f3_startup.S:96     .text.Default_Handler:0000000000000000 DMA2_Channel5_IRQHandler
.././hal//stm32f3/stm32f3_startup.S:96     .text.Default_Handler:0000000000000000 ADC4_IRQHandler
.././hal//stm32f3/stm32f3_startup.S:96     .text.Default_Handler:0000000000000000 COMP1_2_3_IRQHandler
.././hal//stm32f3/stm32f3_startup.S:96     .text.Default_Handler:0000000000000000 COMP4_5_6_IRQHandler
.././hal//stm32f3/stm32f3_startup.S:96     .text.Default_Handler:0000000000000000 COMP7_IRQHandler
.././hal//stm32f3/stm32f3_startup.S:96     .text.Default_Handler:0000000000000000 USB_HP_IRQHandler
.././hal//stm32f3/stm32f3_startup.S:96     .text.Default_Handler:0000000000000000 USB_LP_IRQHandler
.././hal//stm32f3/stm32f3_startup.S:96     .text.Default_Handler:0000000000000000 USBWakeUp_RMP_IRQHandler
.././hal//stm32f3/stm32f3_startup.S:96     .text.Default_Handler:0000000000000000 FPU_IRQHandler
.././hal//stm32f3/stm32f3_startup.S:444    .text.Reset_Handler:0000000000000034 $d
                            .text:0000000000000000 $d

UNDEFINED SYMBOLS
_sidata
_sdata
_edata
_sbss
_ebss
SystemInit
__libc_init_array
main
_estack
